2025-10-19-15:21:06 [INFO] [trace_id=b88a716a437b4c3e8c37ced88b610199] Starting ingestion orchestrator routine...
2025-10-19-15:21:06 [INFO] [trace_id=b88a716a437b4c3e8c37ced88b610199] Validating the environment variables...
2025-10-19-15:21:06 [INFO] [trace_id=b88a716a437b4c3e8c37ced88b610199] Environment file found, loading it...
2025-10-19-15:21:06 [INFO] [trace_id=b88a716a437b4c3e8c37ced88b610199] Environment file loaded and validated with success
2025-10-19-15:21:06 [INFO] [trace_id=b88a716a437b4c3e8c37ced88b610199] Creating minio, ragflow and redis handlers...
2025-10-19-15:21:06 [INFO] [trace_id=b88a716a437b4c3e8c37ced88b610199] Authenticated to MinIO with success
2025-10-19-15:21:06 [INFO] [trace_id=b88a716a437b4c3e8c37ced88b610199] All handlers created with success...
2025-10-19-15:21:06 [INFO] [trace_id=b88a716a437b4c3e8c37ced88b610199] Creating HTTP sessions
2025-10-19-15:21:06 [INFO] [trace_id=b88a716a437b4c3e8c37ced88b610199] Startup process finished with success
2025-10-19-15:21:06 [INFO] [trace_id=b88a716a437b4c3e8c37ced88b610199] There are 3 ingestion(s) to be done.
2025-10-19-15:21:06 [INFO] [trace_id=b88a716a437b4c3e8c37ced88b610199] Starting job 'cvm_financial_data'. Jobs progress: 1/3
2025-10-19-15:21:15 [INFO] [trace_id=b88a716a437b4c3e8c37ced88b610199] There are '61' returned documents from the search. Starting to process them...
2025-10-19-15:21:15 [INFO] [trace_id=b88a716a437b4c3e8c37ced88b610199] Processing file 1/61
2025-10-19-15:21:15 [INFO] [trace_id=b88a716a437b4c3e8c37ced88b610199] Protocol download ID found '934953'. Starting to download file of category 'Dados Econômico-Financeiros'...
2025-10-19-15:21:15 [INFO] [trace_id=b88a716a437b4c3e8c37ced88b610199] Saving file 'DADOS_ECONOMICO_E_FINANCEIROS' to 'gold/documents/CVM/DADOS_ECONOMICO_E_FINANCEIROS_Relatório_de_agencia_de_rating_-_20220121.pdf'...
2025-10-19-15:21:15 [INFO] [trace_id=b88a716a437b4c3e8c37ced88b610199] File uplodaded with success to 'gold/documents/CVM/DADOS_ECONOMICO_E_FINANCEIROS_Relatório_de_agencia_de_rating_-_20220121.pdf'
2025-10-19-15:21:15 [INFO] [trace_id=b88a716a437b4c3e8c37ced88b610199] File 'DADOS_ECONOMICO_E_FINANCEIROS' from RAD processed with success.
2025-10-19-15:21:15 [INFO] [trace_id=b88a716a437b4c3e8c37ced88b610199] Processing file 2/61
2025-10-19-15:21:15 [INFO] [trace_id=b88a716a437b4c3e8c37ced88b610199] Protocol download ID found '953938'. Starting to download file of category 'Dados Econômico-Financeiros'...
2025-10-19-15:21:16 [INFO] [trace_id=b88a716a437b4c3e8c37ced88b610199] Saving file 'DADOS_ECONOMICO_E_FINANCEIROS' to 'gold/documents/CVM/DADOS_ECONOMICO_E_FINANCEIROS_Press_release_4T2021_-_português_e_inglês_-_20211231.pdf'...
2025-10-19-15:21:16 [INFO] [trace_id=b88a716a437b4c3e8c37ced88b610199] File uplodaded with success to 'gold/documents/CVM/DADOS_ECONOMICO_E_FINANCEIROS_Press_release_4T2021_-_português_e_inglês_-_20211231.pdf'
2025-10-19-15:21:16 [INFO] [trace_id=b88a716a437b4c3e8c37ced88b610199] File 'DADOS_ECONOMICO_E_FINANCEIROS' from RAD processed with success.
2025-10-19-15:21:16 [INFO] [trace_id=b88a716a437b4c3e8c37ced88b610199] Processing file 3/61
2025-10-19-15:21:16 [INFO] [trace_id=b88a716a437b4c3e8c37ced88b610199] Protocol download ID found '953951'. Starting to download file of category 'Dados Econômico-Financeiros'...
2025-10-19-15:21:17 [INFO] [trace_id=b88a716a437b4c3e8c37ced88b610199] Saving file 'DADOS_ECONOMICO_E_FINANCEIROS' to 'gold/documents/CVM/DADOS_ECONOMICO_E_FINANCEIROS_-_20211231.pdf'...
2025-10-19-15:21:18 [INFO] [trace_id=b88a716a437b4c3e8c37ced88b610199] File uplodaded with success to 'gold/documents/CVM/DADOS_ECONOMICO_E_FINANCEIROS_-_20211231.pdf'
2025-10-19-15:21:18 [INFO] [trace_id=b88a716a437b4c3e8c37ced88b610199] File 'DADOS_ECONOMICO_E_FINANCEIROS' from RAD processed with success.
2025-10-19-15:21:18 [INFO] [trace_id=b88a716a437b4c3e8c37ced88b610199] Processing file 4/61
2025-10-19-15:21:18 [INFO] [trace_id=b88a716a437b4c3e8c37ced88b610199] Protocol download ID found '953956'. Starting to download file of category 'Dados Econômico-Financeiros'...
2025-10-19-15:21:19 [INFO] [trace_id=b88a716a437b4c3e8c37ced88b610199] Saving file 'DADOS_ECONOMICO_E_FINANCEIROS' to 'gold/documents/CVM/DADOS_ECONOMICO_E_FINANCEIROS_Versão_em_InglêsDemonstrações_Financeiras_em_IFRS_20211231.pdf'...
2025-10-19-15:21:19 [INFO] [trace_id=b88a716a437b4c3e8c37ced88b610199] File uplodaded with success to 'gold/documents/CVM/DADOS_ECONOMICO_E_FINANCEIROS_Versão_em_InglêsDemonstrações_Financeiras_em_IFRS_20211231.pdf'
2025-10-19-15:21:19 [INFO] [trace_id=b88a716a437b4c3e8c37ced88b610199] File 'DADOS_ECONOMICO_E_FINANCEIROS' from RAD processed with success.
2025-10-19-15:21:19 [INFO] [trace_id=b88a716a437b4c3e8c37ced88b610199] Processing file 5/61
2025-10-19-15:21:19 [INFO] [trace_id=b88a716a437b4c3e8c37ced88b610199] Protocol download ID found '954516'. Starting to download file of category 'Dados Econômico-Financeiros'...
2025-10-19-15:21:20 [INFO] [trace_id=b88a716a437b4c3e8c37ced88b610199] Saving file 'DADOS_ECONOMICO_E_FINANCEIROS' to 'gold/documents/CVM/DADOS_ECONOMICO_E_FINANCEIROS_-_20211231.pdf'...
2025-10-19-15:21:20 [INFO] [trace_id=b88a716a437b4c3e8c37ced88b610199] File uplodaded with success to 'gold/documents/CVM/DADOS_ECONOMICO_E_FINANCEIROS_-_20211231.pdf'
2025-10-19-15:21:20 [INFO] [trace_id=b88a716a437b4c3e8c37ced88b610199] File 'DADOS_ECONOMICO_E_FINANCEIROS' from RAD processed with success.
2025-10-19-15:21:20 [INFO] [trace_id=b88a716a437b4c3e8c37ced88b610199] Processing file 6/61
2025-10-19-15:21:20 [INFO] [trace_id=b88a716a437b4c3e8c37ced88b610199] Protocol download ID found '954518'. Starting to download file of category 'Dados Econômico-Financeiros'...
2025-10-19-15:21:21 [INFO] [trace_id=b88a716a437b4c3e8c37ced88b610199] Saving file 'DADOS_ECONOMICO_E_FINANCEIROS' to 'gold/documents/CVM/DADOS_ECONOMICO_E_FINANCEIROS_Versão_em_InglêsDemonstrações_Financeiras_em_IFRS_20211231.pdf'...
2025-10-19-15:21:21 [INFO] [trace_id=b88a716a437b4c3e8c37ced88b610199] File uplodaded with success to 'gold/documents/CVM/DADOS_ECONOMICO_E_FINANCEIROS_Versão_em_InglêsDemonstrações_Financeiras_em_IFRS_20211231.pdf'
2025-10-19-15:21:21 [INFO] [trace_id=b88a716a437b4c3e8c37ced88b610199] File 'DADOS_ECONOMICO_E_FINANCEIROS' from RAD processed with success.
2025-10-19-15:21:21 [INFO] [trace_id=b88a716a437b4c3e8c37ced88b610199] Processing file 7/61
2025-10-19-15:21:21 [INFO] [trace_id=b88a716a437b4c3e8c37ced88b610199] Protocol download ID found '974023'. Starting to download file of category 'Dados Econômico-Financeiros'...
2025-10-19-15:21:21 [INFO] [trace_id=b88a716a437b4c3e8c37ced88b610199] Saving file 'DADOS_ECONOMICO_E_FINANCEIROS' to 'gold/documents/CVM/DADOS_ECONOMICO_E_FINANCEIROS_Relatório_Anual_do_Agente_Fiduciário_Exercício_de_2021_-_20220429.pdf'...
2025-10-19-15:21:21 [INFO] [trace_id=b88a716a437b4c3e8c37ced88b610199] File uplodaded with success to 'gold/documents/CVM/DADOS_ECONOMICO_E_FINANCEIROS_Relatório_Anual_do_Agente_Fiduciário_Exercício_de_2021_-_20220429.pdf'
2025-10-19-15:21:21 [INFO] [trace_id=b88a716a437b4c3e8c37ced88b610199] File 'DADOS_ECONOMICO_E_FINANCEIROS' from RAD processed with success.
2025-10-19-15:21:21 [INFO] [trace_id=b88a716a437b4c3e8c37ced88b610199] Processing file 8/61
2025-10-19-15:21:21 [INFO] [trace_id=b88a716a437b4c3e8c37ced88b610199] Protocol download ID found '981912'. Starting to download file of category 'Dados Econômico-Financeiros'...
2025-10-19-15:21:22 [INFO] [trace_id=b88a716a437b4c3e8c37ced88b610199] Saving file 'DADOS_ECONOMICO_E_FINANCEIROS' to 'gold/documents/CVM/DADOS_ECONOMICO_E_FINANCEIROS_Press_release_1T2022_-_português_e_inglês_-_20220331.pdf'...
2025-10-19-15:21:22 [INFO] [trace_id=b88a716a437b4c3e8c37ced88b610199] File uplodaded with success to 'gold/documents/CVM/DADOS_ECONOMICO_E_FINANCEIROS_Press_release_1T2022_-_português_e_inglês_-_20220331.pdf'
2025-10-19-15:21:22 [INFO] [trace_id=b88a716a437b4c3e8c37ced88b610199] File 'DADOS_ECONOMICO_E_FINANCEIROS' from RAD processed with success.
2025-10-19-15:21:22 [INFO] [trace_id=b88a716a437b4c3e8c37ced88b610199] Processing file 9/61
2025-10-19-15:21:22 [INFO] [trace_id=b88a716a437b4c3e8c37ced88b610199] Protocol download ID found '982333'. Starting to download file of category 'Dados Econômico-Financeiros'...
2025-10-19-15:21:23 [INFO] [trace_id=b88a716a437b4c3e8c37ced88b610199] Saving file 'DADOS_ECONOMICO_E_FINANCEIROS' to 'gold/documents/CVM/DADOS_ECONOMICO_E_FINANCEIROS_Demonstrações_financeiras_intermediárias_do_1TR2022_-_20220331.pdf'...
2025-10-19-15:21:23 [INFO] [trace_id=b88a716a437b4c3e8c37ced88b610199] File uplodaded with success to 'gold/documents/CVM/DADOS_ECONOMICO_E_FINANCEIROS_Demonstrações_financeiras_intermediárias_do_1TR2022_-_20220331.pdf'
2025-10-19-15:21:23 [INFO] [trace_id=b88a716a437b4c3e8c37ced88b610199] File 'DADOS_ECONOMICO_E_FINANCEIROS' from RAD processed with success.
2025-10-19-15:21:23 [INFO] [trace_id=b88a716a437b4c3e8c37ced88b610199] Processing file 10/61
2025-10-19-15:21:23 [INFO] [trace_id=b88a716a437b4c3e8c37ced88b610199] Protocol download ID found '1006654'. Starting to download file of category 'Dados Econômico-Financeiros'...
2025-10-19-15:21:24 [INFO] [trace_id=b88a716a437b4c3e8c37ced88b610199] Saving file 'DADOS_ECONOMICO_E_FINANCEIROS' to 'gold/documents/CVM/DADOS_ECONOMICO_E_FINANCEIROS_Press_release_2T2022_-_português_e_inglês_-_20220630.pdf'...
2025-10-19-15:21:24 [INFO] [trace_id=b88a716a437b4c3e8c37ced88b610199] File uplodaded with success to 'gold/documents/CVM/DADOS_ECONOMICO_E_FINANCEIROS_Press_release_2T2022_-_português_e_inglês_-_20220630.pdf'
2025-10-19-15:21:24 [INFO] [trace_id=b88a716a437b4c3e8c37ced88b610199] File 'DADOS_ECONOMICO_E_FINANCEIROS' from RAD processed with success.
2025-10-19-15:21:24 [INFO] [trace_id=b88a716a437b4c3e8c37ced88b610199] Processing file 11/61
2025-10-19-15:21:24 [INFO] [trace_id=b88a716a437b4c3e8c37ced88b610199] Protocol download ID found '1006741'. Starting to download file of category 'Dados Econômico-Financeiros'...
2025-10-19-15:21:26 [INFO] [trace_id=b88a716a437b4c3e8c37ced88b610199] Saving file 'DADOS_ECONOMICO_E_FINANCEIROS' to 'gold/documents/CVM/DADOS_ECONOMICO_E_FINANCEIROS_Press_release_2T2022_-_português_e_inglês_-_20220630.pdf'...
2025-10-19-15:21:26 [INFO] [trace_id=b88a716a437b4c3e8c37ced88b610199] File uplodaded with success to 'gold/documents/CVM/DADOS_ECONOMICO_E_FINANCEIROS_Press_release_2T2022_-_português_e_inglês_-_20220630.pdf'
2025-10-19-15:21:26 [INFO] [trace_id=b88a716a437b4c3e8c37ced88b610199] File 'DADOS_ECONOMICO_E_FINANCEIROS' from RAD processed with success.
2025-10-19-15:21:26 [INFO] [trace_id=b88a716a437b4c3e8c37ced88b610199] Processing file 12/61
2025-10-19-15:21:26 [INFO] [trace_id=b88a716a437b4c3e8c37ced88b610199] Protocol download ID found '1010935'. Starting to download file of category 'Dados Econômico-Financeiros'...
2025-10-19-15:21:27 [INFO] [trace_id=b88a716a437b4c3e8c37ced88b610199] Saving file 'DADOS_ECONOMICO_E_FINANCEIROS' to 'gold/documents/CVM/DADOS_ECONOMICO_E_FINANCEIROS_Demonstrações_financeiras_intermediárias_do_2TR2022_-_20220630.pdf'...
2025-10-19-15:21:27 [INFO] [trace_id=b88a716a437b4c3e8c37ced88b610199] File uplodaded with success to 'gold/documents/CVM/DADOS_ECONOMICO_E_FINANCEIROS_Demonstrações_financeiras_intermediárias_do_2TR2022_-_20220630.pdf'
2025-10-19-15:21:27 [INFO] [trace_id=b88a716a437b4c3e8c37ced88b610199] File 'DADOS_ECONOMICO_E_FINANCEIROS' from RAD processed with success.
2025-10-19-15:21:27 [INFO] [trace_id=b88a716a437b4c3e8c37ced88b610199] Processing file 13/61
2025-10-19-15:21:27 [INFO] [trace_id=b88a716a437b4c3e8c37ced88b610199] Protocol download ID found '1029294'. Starting to download file of category 'Dados Econômico-Financeiros'...
