2025-10-19-17:54:32 [INFO] [trace_id=9774d74977eb4257ab2fba6153664f77] Starting ingestion orchestrator routine...
2025-10-19-17:54:32 [INFO] [trace_id=9774d74977eb4257ab2fba6153664f77] Validating the environment variables...
2025-10-19-17:54:32 [INFO] [trace_id=9774d74977eb4257ab2fba6153664f77] Environment file found, loading it...
2025-10-19-17:54:32 [INFO] [trace_id=9774d74977eb4257ab2fba6153664f77] Environment file loaded and validated with success
2025-10-19-17:54:32 [INFO] [trace_id=9774d74977eb4257ab2fba6153664f77] Creating minio, ragflow and redis handlers...
2025-10-19-17:54:32 [INFO] [trace_id=9774d74977eb4257ab2fba6153664f77] Authenticated to MinIO with success
2025-10-19-17:54:32 [INFO] [trace_id=9774d74977eb4257ab2fba6153664f77] All handlers created with success...
2025-10-19-17:54:32 [INFO] [trace_id=9774d74977eb4257ab2fba6153664f77] Creating HTTP sessions
2025-10-19-17:54:32 [INFO] [trace_id=9774d74977eb4257ab2fba6153664f77] Startup process finished with success
2025-10-19-17:54:32 [INFO] [trace_id=9774d74977eb4257ab2fba6153664f77] There are 3 ingestion(s) to be done.
2025-10-19-17:54:32 [INFO] [trace_id=9774d74977eb4257ab2fba6153664f77] Starting job 'cvm_financial_data'. Jobs progress: 1/3
2025-10-19-17:54:32 [INFO] [trace_id=9774d74977eb4257ab2fba6153664f77] Fetching ITR files for the following years: ['2025', '2024', '2023']
2025-10-19-17:54:32 [INFO] [trace_id=9774d74977eb4257ab2fba6153664f77] Fetching files for '2025'...
2025-10-19-17:54:32 [INFO] [trace_id=9774d74977eb4257ab2fba6153664f77] Retrieving the last update date for CVM`s ITR...
2025-10-19-17:54:32 [INFO] [trace_id=9774d74977eb4257ab2fba6153664f77] Last update date fetched with success: 2025-10-13T08:01:08
2025-10-19-17:54:32 [INFO] [trace_id=9774d74977eb4257ab2fba6153664f77] Checking if a file with this update date already exists in the path 'ambipar-data/bronze/landing'
2025-10-19-17:54:32 [INFO] [trace_id=9774d74977eb4257ab2fba6153664f77] There are new files available, starting to download them...
2025-10-19-17:54:32 [INFO] [trace_id=9774d74977eb4257ab2fba6153664f77] Starting to download the .zip file from 'https://dados.cvm.gov.br/dados/CIA_ABERTA/DOC/ITR/DADOS/itr_cia_aberta_2025.zip'...
2025-10-19-17:54:33 [INFO] [trace_id=9774d74977eb4257ab2fba6153664f77] File uplodaded with success to 'bronze/landing/CVM/cvm_itr-2025-2025-10-13T08:01:08.zip'
2025-10-19-17:54:33 [INFO] [trace_id=9774d74977eb4257ab2fba6153664f77] Zip file downloaded and stored to bronze/landing/ with success
2025-10-19-17:54:33 [INFO] [trace_id=9774d74977eb4257ab2fba6153664f77] Starting to unzip and upload contents to 'ambipar-data/bronze/raw'...
2025-10-19-17:54:33 [INFO] [trace_id=9774d74977eb4257ab2fba6153664f77] Uploading file to 'bronze/raw/itr_cia_aberta_2025.csv'...
2025-10-19-17:54:33 [INFO] [trace_id=9774d74977eb4257ab2fba6153664f77] File uplodaded with success to 'bronze/raw/itr_cia_aberta_2025.csv'
2025-10-19-17:54:33 [INFO] [trace_id=9774d74977eb4257ab2fba6153664f77] File uploaded with success
2025-10-19-17:54:33 [INFO] [trace_id=9774d74977eb4257ab2fba6153664f77] Uploading file to 'bronze/raw/itr_cia_aberta_BPA_con_2025.csv'...
2025-10-19-17:54:33 [INFO] [trace_id=9774d74977eb4257ab2fba6153664f77] File uplodaded with success to 'bronze/raw/itr_cia_aberta_BPA_con_2025.csv'
2025-10-19-17:54:33 [INFO] [trace_id=9774d74977eb4257ab2fba6153664f77] File uploaded with success
2025-10-19-17:54:33 [INFO] [trace_id=9774d74977eb4257ab2fba6153664f77] Uploading file to 'bronze/raw/itr_cia_aberta_BPA_ind_2025.csv'...
2025-10-19-17:54:34 [INFO] [trace_id=9774d74977eb4257ab2fba6153664f77] File uplodaded with success to 'bronze/raw/itr_cia_aberta_BPA_ind_2025.csv'
2025-10-19-17:54:34 [INFO] [trace_id=9774d74977eb4257ab2fba6153664f77] File uploaded with success
2025-10-19-17:54:34 [INFO] [trace_id=9774d74977eb4257ab2fba6153664f77] Uploading file to 'bronze/raw/itr_cia_aberta_BPP_con_2025.csv'...
2025-10-19-17:54:34 [INFO] [trace_id=9774d74977eb4257ab2fba6153664f77] File uplodaded with success to 'bronze/raw/itr_cia_aberta_BPP_con_2025.csv'
2025-10-19-17:54:34 [INFO] [trace_id=9774d74977eb4257ab2fba6153664f77] File uploaded with success
2025-10-19-17:54:34 [INFO] [trace_id=9774d74977eb4257ab2fba6153664f77] Uploading file to 'bronze/raw/itr_cia_aberta_BPP_ind_2025.csv'...
2025-10-19-17:54:34 [INFO] [trace_id=9774d74977eb4257ab2fba6153664f77] File uplodaded with success to 'bronze/raw/itr_cia_aberta_BPP_ind_2025.csv'
2025-10-19-17:54:34 [INFO] [trace_id=9774d74977eb4257ab2fba6153664f77] File uploaded with success
2025-10-19-17:54:34 [INFO] [trace_id=9774d74977eb4257ab2fba6153664f77] Uploading file to 'bronze/raw/itr_cia_aberta_composicao_capital_2025.csv'...
2025-10-19-17:54:34 [INFO] [trace_id=9774d74977eb4257ab2fba6153664f77] File uplodaded with success to 'bronze/raw/itr_cia_aberta_composicao_capital_2025.csv'
2025-10-19-17:54:34 [INFO] [trace_id=9774d74977eb4257ab2fba6153664f77] File uploaded with success
2025-10-19-17:54:34 [INFO] [trace_id=9774d74977eb4257ab2fba6153664f77] Uploading file to 'bronze/raw/itr_cia_aberta_DFC_MD_con_2025.csv'...
2025-10-19-17:54:34 [INFO] [trace_id=9774d74977eb4257ab2fba6153664f77] File uplodaded with success to 'bronze/raw/itr_cia_aberta_DFC_MD_con_2025.csv'
2025-10-19-17:54:34 [INFO] [trace_id=9774d74977eb4257ab2fba6153664f77] File uploaded with success
2025-10-19-17:54:34 [INFO] [trace_id=9774d74977eb4257ab2fba6153664f77] Uploading file to 'bronze/raw/itr_cia_aberta_DFC_MD_ind_2025.csv'...
2025-10-19-17:54:34 [INFO] [trace_id=9774d74977eb4257ab2fba6153664f77] File uplodaded with success to 'bronze/raw/itr_cia_aberta_DFC_MD_ind_2025.csv'
2025-10-19-17:54:34 [INFO] [trace_id=9774d74977eb4257ab2fba6153664f77] File uploaded with success
2025-10-19-17:54:34 [INFO] [trace_id=9774d74977eb4257ab2fba6153664f77] Uploading file to 'bronze/raw/itr_cia_aberta_DFC_MI_con_2025.csv'...
2025-10-19-17:54:35 [INFO] [trace_id=9774d74977eb4257ab2fba6153664f77] File uplodaded with success to 'bronze/raw/itr_cia_aberta_DFC_MI_con_2025.csv'
2025-10-19-17:54:35 [INFO] [trace_id=9774d74977eb4257ab2fba6153664f77] File uploaded with success
2025-10-19-17:54:35 [INFO] [trace_id=9774d74977eb4257ab2fba6153664f77] Uploading file to 'bronze/raw/itr_cia_aberta_DFC_MI_ind_2025.csv'...
2025-10-19-17:54:35 [INFO] [trace_id=9774d74977eb4257ab2fba6153664f77] File uplodaded with success to 'bronze/raw/itr_cia_aberta_DFC_MI_ind_2025.csv'
2025-10-19-17:54:35 [INFO] [trace_id=9774d74977eb4257ab2fba6153664f77] File uploaded with success
2025-10-19-17:54:35 [INFO] [trace_id=9774d74977eb4257ab2fba6153664f77] Uploading file to 'bronze/raw/itr_cia_aberta_DMPL_con_2025.csv'...
2025-10-19-17:54:36 [INFO] [trace_id=9774d74977eb4257ab2fba6153664f77] File uplodaded with success to 'bronze/raw/itr_cia_aberta_DMPL_con_2025.csv'
2025-10-19-17:54:36 [INFO] [trace_id=9774d74977eb4257ab2fba6153664f77] File uploaded with success
2025-10-19-17:54:36 [INFO] [trace_id=9774d74977eb4257ab2fba6153664f77] Uploading file to 'bronze/raw/itr_cia_aberta_DMPL_ind_2025.csv'...
2025-10-19-17:54:36 [INFO] [trace_id=9774d74977eb4257ab2fba6153664f77] File uplodaded with success to 'bronze/raw/itr_cia_aberta_DMPL_ind_2025.csv'
2025-10-19-17:54:36 [INFO] [trace_id=9774d74977eb4257ab2fba6153664f77] File uploaded with success
2025-10-19-17:54:36 [INFO] [trace_id=9774d74977eb4257ab2fba6153664f77] Uploading file to 'bronze/raw/itr_cia_aberta_DRA_con_2025.csv'...
2025-10-19-17:54:36 [INFO] [trace_id=9774d74977eb4257ab2fba6153664f77] File uplodaded with success to 'bronze/raw/itr_cia_aberta_DRA_con_2025.csv'
2025-10-19-17:54:36 [INFO] [trace_id=9774d74977eb4257ab2fba6153664f77] File uploaded with success
2025-10-19-17:54:36 [INFO] [trace_id=9774d74977eb4257ab2fba6153664f77] Uploading file to 'bronze/raw/itr_cia_aberta_DRA_ind_2025.csv'...
2025-10-19-17:54:37 [INFO] [trace_id=9774d74977eb4257ab2fba6153664f77] File uplodaded with success to 'bronze/raw/itr_cia_aberta_DRA_ind_2025.csv'
2025-10-19-17:54:37 [INFO] [trace_id=9774d74977eb4257ab2fba6153664f77] File uploaded with success
2025-10-19-17:54:37 [INFO] [trace_id=9774d74977eb4257ab2fba6153664f77] Uploading file to 'bronze/raw/itr_cia_aberta_DRE_con_2025.csv'...
2025-10-19-17:54:37 [INFO] [trace_id=9774d74977eb4257ab2fba6153664f77] File uplodaded with success to 'bronze/raw/itr_cia_aberta_DRE_con_2025.csv'
2025-10-19-17:54:37 [INFO] [trace_id=9774d74977eb4257ab2fba6153664f77] File uploaded with success
2025-10-19-17:54:37 [INFO] [trace_id=9774d74977eb4257ab2fba6153664f77] Uploading file to 'bronze/raw/itr_cia_aberta_DRE_ind_2025.csv'...
2025-10-19-17:54:37 [INFO] [trace_id=9774d74977eb4257ab2fba6153664f77] File uplodaded with success to 'bronze/raw/itr_cia_aberta_DRE_ind_2025.csv'
2025-10-19-17:54:37 [INFO] [trace_id=9774d74977eb4257ab2fba6153664f77] File uploaded with success
2025-10-19-17:54:37 [INFO] [trace_id=9774d74977eb4257ab2fba6153664f77] Uploading file to 'bronze/raw/itr_cia_aberta_DVA_con_2025.csv'...
2025-10-19-17:54:37 [INFO] [trace_id=9774d74977eb4257ab2fba6153664f77] File uplodaded with success to 'bronze/raw/itr_cia_aberta_DVA_con_2025.csv'
2025-10-19-17:54:37 [INFO] [trace_id=9774d74977eb4257ab2fba6153664f77] File uploaded with success
2025-10-19-17:54:37 [INFO] [trace_id=9774d74977eb4257ab2fba6153664f77] Uploading file to 'bronze/raw/itr_cia_aberta_DVA_ind_2025.csv'...
2025-10-19-17:54:37 [INFO] [trace_id=9774d74977eb4257ab2fba6153664f77] File uplodaded with success to 'bronze/raw/itr_cia_aberta_DVA_ind_2025.csv'
2025-10-19-17:54:37 [INFO] [trace_id=9774d74977eb4257ab2fba6153664f77] File uploaded with success
2025-10-19-17:54:37 [INFO] [trace_id=9774d74977eb4257ab2fba6153664f77] Uploading file to 'bronze/raw/itr_cia_aberta_parecer_2025.csv'...
2025-10-19-17:54:37 [INFO] [trace_id=9774d74977eb4257ab2fba6153664f77] File uplodaded with success to 'bronze/raw/itr_cia_aberta_parecer_2025.csv'
2025-10-19-17:54:37 [INFO] [trace_id=9774d74977eb4257ab2fba6153664f77] File uploaded with success
2025-10-19-17:54:37 [INFO] [trace_id=9774d74977eb4257ab2fba6153664f77] Zip file for 'ITR' downloaded and uploaded to bronze/landing with success
2025-10-19-17:54:37 [INFO] [trace_id=9774d74977eb4257ab2fba6153664f77] '2025' uploaded to the bucket with success
2025-10-19-17:54:37 [WARNING] [trace_id=9774d74977eb4257ab2fba6153664f77] Skipping DFP download for '2025' because its not available yet...
2025-10-19-17:54:37 [INFO] [trace_id=9774d74977eb4257ab2fba6153664f77] Fetching files for '2024'...
2025-10-19-17:54:37 [INFO] [trace_id=9774d74977eb4257ab2fba6153664f77] Retrieving the last update date for CVM`s ITR...
2025-10-19-17:54:38 [INFO] [trace_id=9774d74977eb4257ab2fba6153664f77] Last update date fetched with success: 2025-10-13T08:01:08
2025-10-19-17:54:38 [INFO] [trace_id=9774d74977eb4257ab2fba6153664f77] Checking if a file with this update date already exists in the path 'ambipar-data/bronze/landing'
2025-10-19-17:54:38 [INFO] [trace_id=9774d74977eb4257ab2fba6153664f77] There are new files available, starting to download them...
2025-10-19-17:54:38 [INFO] [trace_id=9774d74977eb4257ab2fba6153664f77] Starting to download the .zip file from 'https://dados.cvm.gov.br/dados/CIA_ABERTA/DOC/ITR/DADOS/itr_cia_aberta_2024.zip'...
2025-10-19-17:54:39 [INFO] [trace_id=9774d74977eb4257ab2fba6153664f77] File uplodaded with success to 'bronze/landing/CVM/cvm_itr-2024-2025-10-13T08:01:08.zip'
2025-10-19-17:54:39 [INFO] [trace_id=9774d74977eb4257ab2fba6153664f77] Zip file downloaded and stored to bronze/landing/ with success
2025-10-19-17:54:39 [INFO] [trace_id=9774d74977eb4257ab2fba6153664f77] Starting to unzip and upload contents to 'ambipar-data/bronze/raw'...
2025-10-19-17:54:39 [INFO] [trace_id=9774d74977eb4257ab2fba6153664f77] Uploading file to 'bronze/raw/itr_cia_aberta_2024.csv'...
2025-10-19-17:54:39 [INFO] [trace_id=9774d74977eb4257ab2fba6153664f77] File uplodaded with success to 'bronze/raw/itr_cia_aberta_2024.csv'
2025-10-19-17:54:39 [INFO] [trace_id=9774d74977eb4257ab2fba6153664f77] File uploaded with success
2025-10-19-17:54:39 [INFO] [trace_id=9774d74977eb4257ab2fba6153664f77] Uploading file to 'bronze/raw/itr_cia_aberta_BPA_con_2024.csv'...
2025-10-19-17:54:40 [INFO] [trace_id=9774d74977eb4257ab2fba6153664f77] File uplodaded with success to 'bronze/raw/itr_cia_aberta_BPA_con_2024.csv'
2025-10-19-17:54:40 [INFO] [trace_id=9774d74977eb4257ab2fba6153664f77] File uploaded with success
2025-10-19-17:54:40 [INFO] [trace_id=9774d74977eb4257ab2fba6153664f77] Uploading file to 'bronze/raw/itr_cia_aberta_BPA_ind_2024.csv'...
2025-10-19-17:54:40 [INFO] [trace_id=9774d74977eb4257ab2fba6153664f77] File uplodaded with success to 'bronze/raw/itr_cia_aberta_BPA_ind_2024.csv'
2025-10-19-17:54:40 [INFO] [trace_id=9774d74977eb4257ab2fba6153664f77] File uploaded with success
2025-10-19-17:54:40 [INFO] [trace_id=9774d74977eb4257ab2fba6153664f77] Uploading file to 'bronze/raw/itr_cia_aberta_BPP_con_2024.csv'...
2025-10-19-17:54:40 [INFO] [trace_id=9774d74977eb4257ab2fba6153664f77] File uplodaded with success to 'bronze/raw/itr_cia_aberta_BPP_con_2024.csv'
2025-10-19-17:54:40 [INFO] [trace_id=9774d74977eb4257ab2fba6153664f77] File uploaded with success
2025-10-19-17:54:41 [INFO] [trace_id=9774d74977eb4257ab2fba6153664f77] Uploading file to 'bronze/raw/itr_cia_aberta_BPP_ind_2024.csv'...
2025-10-19-17:54:41 [INFO] [trace_id=9774d74977eb4257ab2fba6153664f77] File uplodaded with success to 'bronze/raw/itr_cia_aberta_BPP_ind_2024.csv'
2025-10-19-17:54:41 [INFO] [trace_id=9774d74977eb4257ab2fba6153664f77] File uploaded with success
2025-10-19-17:54:41 [INFO] [trace_id=9774d74977eb4257ab2fba6153664f77] Uploading file to 'bronze/raw/itr_cia_aberta_composicao_capital_2024.csv'...
2025-10-19-17:54:41 [INFO] [trace_id=9774d74977eb4257ab2fba6153664f77] File uplodaded with success to 'bronze/raw/itr_cia_aberta_composicao_capital_2024.csv'
2025-10-19-17:54:41 [INFO] [trace_id=9774d74977eb4257ab2fba6153664f77] File uploaded with success
2025-10-19-17:54:41 [INFO] [trace_id=9774d74977eb4257ab2fba6153664f77] Uploading file to 'bronze/raw/itr_cia_aberta_DFC_MD_con_2024.csv'...
2025-10-19-17:54:41 [INFO] [trace_id=9774d74977eb4257ab2fba6153664f77] File uplodaded with success to 'bronze/raw/itr_cia_aberta_DFC_MD_con_2024.csv'
2025-10-19-17:54:41 [INFO] [trace_id=9774d74977eb4257ab2fba6153664f77] File uploaded with success
2025-10-19-17:54:41 [INFO] [trace_id=9774d74977eb4257ab2fba6153664f77] Uploading file to 'bronze/raw/itr_cia_aberta_DFC_MD_ind_2024.csv'...
2025-10-19-17:54:41 [INFO] [trace_id=9774d74977eb4257ab2fba6153664f77] File uplodaded with success to 'bronze/raw/itr_cia_aberta_DFC_MD_ind_2024.csv'
2025-10-19-17:54:41 [INFO] [trace_id=9774d74977eb4257ab2fba6153664f77] File uploaded with success
2025-10-19-17:54:41 [INFO] [trace_id=9774d74977eb4257ab2fba6153664f77] Uploading file to 'bronze/raw/itr_cia_aberta_DFC_MI_con_2024.csv'...
2025-10-19-17:54:43 [INFO] [trace_id=9774d74977eb4257ab2fba6153664f77] File uplodaded with success to 'bronze/raw/itr_cia_aberta_DFC_MI_con_2024.csv'
2025-10-19-17:54:43 [INFO] [trace_id=9774d74977eb4257ab2fba6153664f77] File uploaded with success
2025-10-19-17:54:43 [INFO] [trace_id=9774d74977eb4257ab2fba6153664f77] Uploading file to 'bronze/raw/itr_cia_aberta_DFC_MI_ind_2024.csv'...
2025-10-19-17:54:45 [INFO] [trace_id=9774d74977eb4257ab2fba6153664f77] File uplodaded with success to 'bronze/raw/itr_cia_aberta_DFC_MI_ind_2024.csv'
2025-10-19-17:54:45 [INFO] [trace_id=9774d74977eb4257ab2fba6153664f77] File uploaded with success
2025-10-19-17:54:45 [INFO] [trace_id=9774d74977eb4257ab2fba6153664f77] Uploading file to 'bronze/raw/itr_cia_aberta_DMPL_con_2024.csv'...
2025-10-19-17:54:45 [INFO] [trace_id=9774d74977eb4257ab2fba6153664f77] File uplodaded with success to 'bronze/raw/itr_cia_aberta_DMPL_con_2024.csv'
2025-10-19-17:54:45 [INFO] [trace_id=9774d74977eb4257ab2fba6153664f77] File uploaded with success
2025-10-19-17:54:46 [INFO] [trace_id=9774d74977eb4257ab2fba6153664f77] Uploading file to 'bronze/raw/itr_cia_aberta_DMPL_ind_2024.csv'...
2025-10-19-17:54:51 [INFO] [trace_id=9774d74977eb4257ab2fba6153664f77] File uplodaded with success to 'bronze/raw/itr_cia_aberta_DMPL_ind_2024.csv'
2025-10-19-17:54:51 [INFO] [trace_id=9774d74977eb4257ab2fba6153664f77] File uploaded with success
2025-10-19-17:54:51 [INFO] [trace_id=9774d74977eb4257ab2fba6153664f77] Uploading file to 'bronze/raw/itr_cia_aberta_DRA_con_2024.csv'...
2025-10-19-17:54:51 [INFO] [trace_id=9774d74977eb4257ab2fba6153664f77] File uplodaded with success to 'bronze/raw/itr_cia_aberta_DRA_con_2024.csv'
2025-10-19-17:54:51 [INFO] [trace_id=9774d74977eb4257ab2fba6153664f77] File uploaded with success
2025-10-19-17:54:51 [INFO] [trace_id=9774d74977eb4257ab2fba6153664f77] Uploading file to 'bronze/raw/itr_cia_aberta_DRA_ind_2024.csv'...
2025-10-19-17:54:52 [INFO] [trace_id=9774d74977eb4257ab2fba6153664f77] File uplodaded with success to 'bronze/raw/itr_cia_aberta_DRA_ind_2024.csv'
2025-10-19-17:54:52 [INFO] [trace_id=9774d74977eb4257ab2fba6153664f77] File uploaded with success
2025-10-19-17:54:52 [INFO] [trace_id=9774d74977eb4257ab2fba6153664f77] Uploading file to 'bronze/raw/itr_cia_aberta_DRE_con_2024.csv'...
2025-10-19-17:54:52 [INFO] [trace_id=9774d74977eb4257ab2fba6153664f77] File uplodaded with success to 'bronze/raw/itr_cia_aberta_DRE_con_2024.csv'
2025-10-19-17:54:52 [INFO] [trace_id=9774d74977eb4257ab2fba6153664f77] File uploaded with success
2025-10-19-17:54:52 [INFO] [trace_id=9774d74977eb4257ab2fba6153664f77] Uploading file to 'bronze/raw/itr_cia_aberta_DRE_ind_2024.csv'...
2025-10-19-17:54:53 [INFO] [trace_id=9774d74977eb4257ab2fba6153664f77] File uplodaded with success to 'bronze/raw/itr_cia_aberta_DRE_ind_2024.csv'
2025-10-19-17:54:53 [INFO] [trace_id=9774d74977eb4257ab2fba6153664f77] File uploaded with success
2025-10-19-17:54:53 [INFO] [trace_id=9774d74977eb4257ab2fba6153664f77] Uploading file to 'bronze/raw/itr_cia_aberta_DVA_con_2024.csv'...
2025-10-19-17:54:54 [INFO] [trace_id=9774d74977eb4257ab2fba6153664f77] File uplodaded with success to 'bronze/raw/itr_cia_aberta_DVA_con_2024.csv'
2025-10-19-17:54:54 [INFO] [trace_id=9774d74977eb4257ab2fba6153664f77] File uploaded with success
2025-10-19-17:54:54 [INFO] [trace_id=9774d74977eb4257ab2fba6153664f77] Uploading file to 'bronze/raw/itr_cia_aberta_DVA_ind_2024.csv'...
2025-10-19-17:54:54 [INFO] [trace_id=9774d74977eb4257ab2fba6153664f77] File uplodaded with success to 'bronze/raw/itr_cia_aberta_DVA_ind_2024.csv'
2025-10-19-17:54:54 [INFO] [trace_id=9774d74977eb4257ab2fba6153664f77] File uploaded with success
2025-10-19-17:54:54 [INFO] [trace_id=9774d74977eb4257ab2fba6153664f77] Uploading file to 'bronze/raw/itr_cia_aberta_parecer_2024.csv'...
2025-10-19-17:54:55 [INFO] [trace_id=9774d74977eb4257ab2fba6153664f77] File uplodaded with success to 'bronze/raw/itr_cia_aberta_parecer_2024.csv'
2025-10-19-17:54:55 [INFO] [trace_id=9774d74977eb4257ab2fba6153664f77] File uploaded with success
2025-10-19-17:54:55 [INFO] [trace_id=9774d74977eb4257ab2fba6153664f77] Zip file for 'ITR' downloaded and uploaded to bronze/landing with success
2025-10-19-17:54:55 [INFO] [trace_id=9774d74977eb4257ab2fba6153664f77] '2024' uploaded to the bucket with success
2025-10-19-17:54:55 [INFO] [trace_id=9774d74977eb4257ab2fba6153664f77] Fetching files for '2024'...
2025-10-19-17:54:55 [INFO] [trace_id=9774d74977eb4257ab2fba6153664f77] Retrieving the last update date for CVM`s DFP...
2025-10-19-17:54:55 [INFO] [trace_id=9774d74977eb4257ab2fba6153664f77] Last update date fetched with success: 2025-10-13T08:01:03
2025-10-19-17:54:55 [INFO] [trace_id=9774d74977eb4257ab2fba6153664f77] Checking if a file with this update date already exists in the path 'ambipar-data/bronze/landing'
2025-10-19-17:54:55 [INFO] [trace_id=9774d74977eb4257ab2fba6153664f77] There are new files available, starting to download them...
2025-10-19-17:54:55 [INFO] [trace_id=9774d74977eb4257ab2fba6153664f77] Starting to download the .zip file from 'https://dados.cvm.gov.br/dados/CIA_ABERTA/DOC/DFP/DADOS/dfp_cia_aberta_2024.zip'...
2025-10-19-17:54:56 [INFO] [trace_id=9774d74977eb4257ab2fba6153664f77] File uplodaded with success to 'bronze/landing/CVM/dfp_cia_aberta-2024-2025-10-13T08:01:03.zip'
2025-10-19-17:54:56 [INFO] [trace_id=9774d74977eb4257ab2fba6153664f77] Zip file downloaded and stored to bronze/landing/ with success
2025-10-19-17:54:56 [INFO] [trace_id=9774d74977eb4257ab2fba6153664f77] Starting to unzip and upload contents to 'ambipar-data/bronze/raw'...
2025-10-19-17:54:56 [INFO] [trace_id=9774d74977eb4257ab2fba6153664f77] Uploading file to 'bronze/raw/dfp_cia_aberta_2024.csv'...
2025-10-19-17:54:56 [INFO] [trace_id=9774d74977eb4257ab2fba6153664f77] File uplodaded with success to 'bronze/raw/dfp_cia_aberta_2024.csv'
2025-10-19-17:54:56 [INFO] [trace_id=9774d74977eb4257ab2fba6153664f77] File uploaded with success
2025-10-19-17:54:56 [INFO] [trace_id=9774d74977eb4257ab2fba6153664f77] Uploading file to 'bronze/raw/dfp_cia_aberta_BPA_con_2024.csv'...
2025-10-19-17:54:57 [INFO] [trace_id=9774d74977eb4257ab2fba6153664f77] File uplodaded with success to 'bronze/raw/dfp_cia_aberta_BPA_con_2024.csv'
2025-10-19-17:54:57 [INFO] [trace_id=9774d74977eb4257ab2fba6153664f77] File uploaded with success
2025-10-19-17:54:57 [INFO] [trace_id=9774d74977eb4257ab2fba6153664f77] Uploading file to 'bronze/raw/dfp_cia_aberta_BPA_ind_2024.csv'...
2025-10-19-17:54:58 [INFO] [trace_id=9774d74977eb4257ab2fba6153664f77] File uplodaded with success to 'bronze/raw/dfp_cia_aberta_BPA_ind_2024.csv'
2025-10-19-17:54:58 [INFO] [trace_id=9774d74977eb4257ab2fba6153664f77] File uploaded with success
2025-10-19-17:54:58 [INFO] [trace_id=9774d74977eb4257ab2fba6153664f77] Uploading file to 'bronze/raw/dfp_cia_aberta_BPP_con_2024.csv'...
2025-10-19-17:54:59 [INFO] [trace_id=9774d74977eb4257ab2fba6153664f77] File uplodaded with success to 'bronze/raw/dfp_cia_aberta_BPP_con_2024.csv'
2025-10-19-17:54:59 [INFO] [trace_id=9774d74977eb4257ab2fba6153664f77] File uploaded with success
2025-10-19-17:54:59 [INFO] [trace_id=9774d74977eb4257ab2fba6153664f77] Uploading file to 'bronze/raw/dfp_cia_aberta_BPP_ind_2024.csv'...
2025-10-19-17:55:00 [INFO] [trace_id=9774d74977eb4257ab2fba6153664f77] File uplodaded with success to 'bronze/raw/dfp_cia_aberta_BPP_ind_2024.csv'
2025-10-19-17:55:00 [INFO] [trace_id=9774d74977eb4257ab2fba6153664f77] File uploaded with success
2025-10-19-17:55:00 [INFO] [trace_id=9774d74977eb4257ab2fba6153664f77] Uploading file to 'bronze/raw/dfp_cia_aberta_composicao_capital_2024.csv'...
2025-10-19-17:55:00 [INFO] [trace_id=9774d74977eb4257ab2fba6153664f77] File uplodaded with success to 'bronze/raw/dfp_cia_aberta_composicao_capital_2024.csv'
2025-10-19-17:55:00 [INFO] [trace_id=9774d74977eb4257ab2fba6153664f77] File uploaded with success
2025-10-19-17:55:00 [INFO] [trace_id=9774d74977eb4257ab2fba6153664f77] Uploading file to 'bronze/raw/dfp_cia_aberta_DFC_MD_con_2024.csv'...
2025-10-19-17:55:00 [INFO] [trace_id=9774d74977eb4257ab2fba6153664f77] File uplodaded with success to 'bronze/raw/dfp_cia_aberta_DFC_MD_con_2024.csv'
2025-10-19-17:55:00 [INFO] [trace_id=9774d74977eb4257ab2fba6153664f77] File uploaded with success
2025-10-19-17:55:00 [INFO] [trace_id=9774d74977eb4257ab2fba6153664f77] Uploading file to 'bronze/raw/dfp_cia_aberta_DFC_MD_ind_2024.csv'...
2025-10-19-17:55:00 [INFO] [trace_id=9774d74977eb4257ab2fba6153664f77] File uplodaded with success to 'bronze/raw/dfp_cia_aberta_DFC_MD_ind_2024.csv'
2025-10-19-17:55:00 [INFO] [trace_id=9774d74977eb4257ab2fba6153664f77] File uploaded with success
2025-10-19-17:55:00 [INFO] [trace_id=9774d74977eb4257ab2fba6153664f77] Uploading file to 'bronze/raw/dfp_cia_aberta_DFC_MI_con_2024.csv'...
2025-10-19-17:55:00 [INFO] [trace_id=9774d74977eb4257ab2fba6153664f77] File uplodaded with success to 'bronze/raw/dfp_cia_aberta_DFC_MI_con_2024.csv'
2025-10-19-17:55:00 [INFO] [trace_id=9774d74977eb4257ab2fba6153664f77] File uploaded with success
2025-10-19-17:55:00 [INFO] [trace_id=9774d74977eb4257ab2fba6153664f77] Uploading file to 'bronze/raw/dfp_cia_aberta_DFC_MI_ind_2024.csv'...
2025-10-19-17:55:01 [INFO] [trace_id=9774d74977eb4257ab2fba6153664f77] File uplodaded with success to 'bronze/raw/dfp_cia_aberta_DFC_MI_ind_2024.csv'
2025-10-19-17:55:01 [INFO] [trace_id=9774d74977eb4257ab2fba6153664f77] File uploaded with success
2025-10-19-17:55:01 [INFO] [trace_id=9774d74977eb4257ab2fba6153664f77] Uploading file to 'bronze/raw/dfp_cia_aberta_DMPL_con_2024.csv'...
2025-10-19-17:55:02 [INFO] [trace_id=9774d74977eb4257ab2fba6153664f77] File uplodaded with success to 'bronze/raw/dfp_cia_aberta_DMPL_con_2024.csv'
2025-10-19-17:55:02 [INFO] [trace_id=9774d74977eb4257ab2fba6153664f77] File uploaded with success
2025-10-19-17:55:02 [INFO] [trace_id=9774d74977eb4257ab2fba6153664f77] Uploading file to 'bronze/raw/dfp_cia_aberta_DMPL_ind_2024.csv'...
2025-10-19-17:55:03 [INFO] [trace_id=9774d74977eb4257ab2fba6153664f77] File uplodaded with success to 'bronze/raw/dfp_cia_aberta_DMPL_ind_2024.csv'
2025-10-19-17:55:03 [INFO] [trace_id=9774d74977eb4257ab2fba6153664f77] File uploaded with success
2025-10-19-17:55:03 [INFO] [trace_id=9774d74977eb4257ab2fba6153664f77] Uploading file to 'bronze/raw/dfp_cia_aberta_DRA_con_2024.csv'...
2025-10-19-17:55:03 [INFO] [trace_id=9774d74977eb4257ab2fba6153664f77] File uplodaded with success to 'bronze/raw/dfp_cia_aberta_DRA_con_2024.csv'
2025-10-19-17:55:03 [INFO] [trace_id=9774d74977eb4257ab2fba6153664f77] File uploaded with success
2025-10-19-17:55:03 [INFO] [trace_id=9774d74977eb4257ab2fba6153664f77] Uploading file to 'bronze/raw/dfp_cia_aberta_DRA_ind_2024.csv'...
2025-10-19-17:55:03 [INFO] [trace_id=9774d74977eb4257ab2fba6153664f77] File uplodaded with success to 'bronze/raw/dfp_cia_aberta_DRA_ind_2024.csv'
2025-10-19-17:55:03 [INFO] [trace_id=9774d74977eb4257ab2fba6153664f77] File uploaded with success
2025-10-19-17:55:03 [INFO] [trace_id=9774d74977eb4257ab2fba6153664f77] Uploading file to 'bronze/raw/dfp_cia_aberta_DRE_con_2024.csv'...
2025-10-19-17:55:03 [INFO] [trace_id=9774d74977eb4257ab2fba6153664f77] File uplodaded with success to 'bronze/raw/dfp_cia_aberta_DRE_con_2024.csv'
2025-10-19-17:55:03 [INFO] [trace_id=9774d74977eb4257ab2fba6153664f77] File uploaded with success
2025-10-19-17:55:03 [INFO] [trace_id=9774d74977eb4257ab2fba6153664f77] Uploading file to 'bronze/raw/dfp_cia_aberta_DRE_ind_2024.csv'...
2025-10-19-17:55:03 [INFO] [trace_id=9774d74977eb4257ab2fba6153664f77] File uplodaded with success to 'bronze/raw/dfp_cia_aberta_DRE_ind_2024.csv'
2025-10-19-17:55:03 [INFO] [trace_id=9774d74977eb4257ab2fba6153664f77] File uploaded with success
2025-10-19-17:55:03 [INFO] [trace_id=9774d74977eb4257ab2fba6153664f77] Uploading file to 'bronze/raw/dfp_cia_aberta_DVA_con_2024.csv'...
2025-10-19-17:55:03 [INFO] [trace_id=9774d74977eb4257ab2fba6153664f77] File uplodaded with success to 'bronze/raw/dfp_cia_aberta_DVA_con_2024.csv'
2025-10-19-17:55:03 [INFO] [trace_id=9774d74977eb4257ab2fba6153664f77] File uploaded with success
2025-10-19-17:55:03 [INFO] [trace_id=9774d74977eb4257ab2fba6153664f77] Uploading file to 'bronze/raw/dfp_cia_aberta_DVA_ind_2024.csv'...
2025-10-19-17:55:04 [INFO] [trace_id=9774d74977eb4257ab2fba6153664f77] File uplodaded with success to 'bronze/raw/dfp_cia_aberta_DVA_ind_2024.csv'
2025-10-19-17:55:04 [INFO] [trace_id=9774d74977eb4257ab2fba6153664f77] File uploaded with success
2025-10-19-17:55:04 [INFO] [trace_id=9774d74977eb4257ab2fba6153664f77] Uploading file to 'bronze/raw/dfp_cia_aberta_parecer_2024.csv'...
2025-10-19-17:55:04 [INFO] [trace_id=9774d74977eb4257ab2fba6153664f77] File uplodaded with success to 'bronze/raw/dfp_cia_aberta_parecer_2024.csv'
2025-10-19-17:55:04 [INFO] [trace_id=9774d74977eb4257ab2fba6153664f77] File uploaded with success
2025-10-19-17:55:04 [INFO] [trace_id=9774d74977eb4257ab2fba6153664f77] Zip file for 'DFP' downloaded and uploaded to bronze/landing with success
2025-10-19-17:55:04 [INFO] [trace_id=9774d74977eb4257ab2fba6153664f77] '2024' uploaded to the bucket with success
2025-10-19-17:55:04 [INFO] [trace_id=9774d74977eb4257ab2fba6153664f77] Fetching files for '2023'...
2025-10-19-17:55:04 [INFO] [trace_id=9774d74977eb4257ab2fba6153664f77] Retrieving the last update date for CVM`s ITR...
2025-10-19-17:55:04 [INFO] [trace_id=9774d74977eb4257ab2fba6153664f77] Last update date fetched with success: 2025-10-13T08:01:08
2025-10-19-17:55:04 [INFO] [trace_id=9774d74977eb4257ab2fba6153664f77] Checking if a file with this update date already exists in the path 'ambipar-data/bronze/landing'
2025-10-19-17:55:04 [INFO] [trace_id=9774d74977eb4257ab2fba6153664f77] There are new files available, starting to download them...
2025-10-19-17:55:04 [INFO] [trace_id=9774d74977eb4257ab2fba6153664f77] Starting to download the .zip file from 'https://dados.cvm.gov.br/dados/CIA_ABERTA/DOC/ITR/DADOS/itr_cia_aberta_2023.zip'...
2025-10-19-17:55:05 [INFO] [trace_id=9774d74977eb4257ab2fba6153664f77] File uplodaded with success to 'bronze/landing/CVM/cvm_itr-2023-2025-10-13T08:01:08.zip'
2025-10-19-17:55:05 [INFO] [trace_id=9774d74977eb4257ab2fba6153664f77] Zip file downloaded and stored to bronze/landing/ with success
2025-10-19-17:55:05 [INFO] [trace_id=9774d74977eb4257ab2fba6153664f77] Starting to unzip and upload contents to 'ambipar-data/bronze/raw'...
2025-10-19-17:55:05 [INFO] [trace_id=9774d74977eb4257ab2fba6153664f77] Uploading file to 'bronze/raw/itr_cia_aberta_2023.csv'...
2025-10-19-17:55:06 [INFO] [trace_id=9774d74977eb4257ab2fba6153664f77] File uplodaded with success to 'bronze/raw/itr_cia_aberta_2023.csv'
2025-10-19-17:55:06 [INFO] [trace_id=9774d74977eb4257ab2fba6153664f77] File uploaded with success
2025-10-19-17:55:06 [INFO] [trace_id=9774d74977eb4257ab2fba6153664f77] Uploading file to 'bronze/raw/itr_cia_aberta_BPA_con_2023.csv'...
2025-10-19-17:55:06 [INFO] [trace_id=9774d74977eb4257ab2fba6153664f77] File uplodaded with success to 'bronze/raw/itr_cia_aberta_BPA_con_2023.csv'
2025-10-19-17:55:06 [INFO] [trace_id=9774d74977eb4257ab2fba6153664f77] File uploaded with success
2025-10-19-17:55:06 [INFO] [trace_id=9774d74977eb4257ab2fba6153664f77] Uploading file to 'bronze/raw/itr_cia_aberta_BPA_ind_2023.csv'...
2025-10-19-17:55:06 [INFO] [trace_id=9774d74977eb4257ab2fba6153664f77] File uplodaded with success to 'bronze/raw/itr_cia_aberta_BPA_ind_2023.csv'
2025-10-19-17:55:06 [INFO] [trace_id=9774d74977eb4257ab2fba6153664f77] File uploaded with success
2025-10-19-17:55:06 [INFO] [trace_id=9774d74977eb4257ab2fba6153664f77] Uploading file to 'bronze/raw/itr_cia_aberta_BPP_con_2023.csv'...
2025-10-19-17:55:07 [INFO] [trace_id=9774d74977eb4257ab2fba6153664f77] File uplodaded with success to 'bronze/raw/itr_cia_aberta_BPP_con_2023.csv'
2025-10-19-17:55:07 [INFO] [trace_id=9774d74977eb4257ab2fba6153664f77] File uploaded with success
2025-10-19-17:55:07 [INFO] [trace_id=9774d74977eb4257ab2fba6153664f77] Uploading file to 'bronze/raw/itr_cia_aberta_BPP_ind_2023.csv'...
2025-10-19-17:55:07 [INFO] [trace_id=9774d74977eb4257ab2fba6153664f77] File uplodaded with success to 'bronze/raw/itr_cia_aberta_BPP_ind_2023.csv'
2025-10-19-17:55:07 [INFO] [trace_id=9774d74977eb4257ab2fba6153664f77] File uploaded with success
2025-10-19-17:55:07 [INFO] [trace_id=9774d74977eb4257ab2fba6153664f77] Uploading file to 'bronze/raw/itr_cia_aberta_composicao_capital_2023.csv'...
2025-10-19-17:55:08 [INFO] [trace_id=9774d74977eb4257ab2fba6153664f77] File uplodaded with success to 'bronze/raw/itr_cia_aberta_composicao_capital_2023.csv'
2025-10-19-17:55:08 [INFO] [trace_id=9774d74977eb4257ab2fba6153664f77] File uploaded with success
2025-10-19-17:55:08 [INFO] [trace_id=9774d74977eb4257ab2fba6153664f77] Uploading file to 'bronze/raw/itr_cia_aberta_DFC_MD_con_2023.csv'...
2025-10-19-17:55:08 [INFO] [trace_id=9774d74977eb4257ab2fba6153664f77] File uplodaded with success to 'bronze/raw/itr_cia_aberta_DFC_MD_con_2023.csv'
2025-10-19-17:55:08 [INFO] [trace_id=9774d74977eb4257ab2fba6153664f77] File uploaded with success
2025-10-19-17:55:08 [INFO] [trace_id=9774d74977eb4257ab2fba6153664f77] Uploading file to 'bronze/raw/itr_cia_aberta_DFC_MD_ind_2023.csv'...
2025-10-19-17:55:08 [INFO] [trace_id=9774d74977eb4257ab2fba6153664f77] File uplodaded with success to 'bronze/raw/itr_cia_aberta_DFC_MD_ind_2023.csv'
2025-10-19-17:55:08 [INFO] [trace_id=9774d74977eb4257ab2fba6153664f77] File uploaded with success
2025-10-19-17:55:08 [INFO] [trace_id=9774d74977eb4257ab2fba6153664f77] Uploading file to 'bronze/raw/itr_cia_aberta_DFC_MI_con_2023.csv'...
2025-10-19-17:55:08 [INFO] [trace_id=9774d74977eb4257ab2fba6153664f77] File uplodaded with success to 'bronze/raw/itr_cia_aberta_DFC_MI_con_2023.csv'
2025-10-19-17:55:08 [INFO] [trace_id=9774d74977eb4257ab2fba6153664f77] File uploaded with success
2025-10-19-17:55:08 [INFO] [trace_id=9774d74977eb4257ab2fba6153664f77] Uploading file to 'bronze/raw/itr_cia_aberta_DFC_MI_ind_2023.csv'...
2025-10-19-17:55:08 [INFO] [trace_id=9774d74977eb4257ab2fba6153664f77] File uplodaded with success to 'bronze/raw/itr_cia_aberta_DFC_MI_ind_2023.csv'
2025-10-19-17:55:08 [INFO] [trace_id=9774d74977eb4257ab2fba6153664f77] File uploaded with success
2025-10-19-17:55:09 [INFO] [trace_id=9774d74977eb4257ab2fba6153664f77] Uploading file to 'bronze/raw/itr_cia_aberta_DMPL_con_2023.csv'...
2025-10-19-17:55:10 [INFO] [trace_id=9774d74977eb4257ab2fba6153664f77] File uplodaded with success to 'bronze/raw/itr_cia_aberta_DMPL_con_2023.csv'
2025-10-19-17:55:10 [INFO] [trace_id=9774d74977eb4257ab2fba6153664f77] File uploaded with success
2025-10-19-17:55:10 [INFO] [trace_id=9774d74977eb4257ab2fba6153664f77] Uploading file to 'bronze/raw/itr_cia_aberta_DMPL_ind_2023.csv'...
2025-10-19-17:55:11 [INFO] [trace_id=9774d74977eb4257ab2fba6153664f77] File uplodaded with success to 'bronze/raw/itr_cia_aberta_DMPL_ind_2023.csv'
2025-10-19-17:55:11 [INFO] [trace_id=9774d74977eb4257ab2fba6153664f77] File uploaded with success
2025-10-19-17:55:11 [INFO] [trace_id=9774d74977eb4257ab2fba6153664f77] Uploading file to 'bronze/raw/itr_cia_aberta_DRA_con_2023.csv'...
2025-10-19-17:55:11 [INFO] [trace_id=9774d74977eb4257ab2fba6153664f77] File uplodaded with success to 'bronze/raw/itr_cia_aberta_DRA_con_2023.csv'
2025-10-19-17:55:11 [INFO] [trace_id=9774d74977eb4257ab2fba6153664f77] File uploaded with success
2025-10-19-17:55:11 [INFO] [trace_id=9774d74977eb4257ab2fba6153664f77] Uploading file to 'bronze/raw/itr_cia_aberta_DRA_ind_2023.csv'...
2025-10-19-17:55:11 [INFO] [trace_id=9774d74977eb4257ab2fba6153664f77] File uplodaded with success to 'bronze/raw/itr_cia_aberta_DRA_ind_2023.csv'
2025-10-19-17:55:11 [INFO] [trace_id=9774d74977eb4257ab2fba6153664f77] File uploaded with success
2025-10-19-17:55:11 [INFO] [trace_id=9774d74977eb4257ab2fba6153664f77] Uploading file to 'bronze/raw/itr_cia_aberta_DRE_con_2023.csv'...
2025-10-19-17:55:11 [INFO] [trace_id=9774d74977eb4257ab2fba6153664f77] File uplodaded with success to 'bronze/raw/itr_cia_aberta_DRE_con_2023.csv'
2025-10-19-17:55:11 [INFO] [trace_id=9774d74977eb4257ab2fba6153664f77] File uploaded with success
2025-10-19-17:55:11 [INFO] [trace_id=9774d74977eb4257ab2fba6153664f77] Uploading file to 'bronze/raw/itr_cia_aberta_DRE_ind_2023.csv'...
2025-10-19-17:55:12 [INFO] [trace_id=9774d74977eb4257ab2fba6153664f77] File uplodaded with success to 'bronze/raw/itr_cia_aberta_DRE_ind_2023.csv'
2025-10-19-17:55:12 [INFO] [trace_id=9774d74977eb4257ab2fba6153664f77] File uploaded with success
2025-10-19-17:55:12 [INFO] [trace_id=9774d74977eb4257ab2fba6153664f77] Uploading file to 'bronze/raw/itr_cia_aberta_DVA_con_2023.csv'...
2025-10-19-17:55:12 [INFO] [trace_id=9774d74977eb4257ab2fba6153664f77] File uplodaded with success to 'bronze/raw/itr_cia_aberta_DVA_con_2023.csv'
2025-10-19-17:55:12 [INFO] [trace_id=9774d74977eb4257ab2fba6153664f77] File uploaded with success
2025-10-19-17:55:12 [INFO] [trace_id=9774d74977eb4257ab2fba6153664f77] Uploading file to 'bronze/raw/itr_cia_aberta_DVA_ind_2023.csv'...
2025-10-19-17:55:12 [INFO] [trace_id=9774d74977eb4257ab2fba6153664f77] File uplodaded with success to 'bronze/raw/itr_cia_aberta_DVA_ind_2023.csv'
2025-10-19-17:55:12 [INFO] [trace_id=9774d74977eb4257ab2fba6153664f77] File uploaded with success
2025-10-19-17:55:12 [INFO] [trace_id=9774d74977eb4257ab2fba6153664f77] Uploading file to 'bronze/raw/itr_cia_aberta_parecer_2023.csv'...
2025-10-19-17:55:13 [INFO] [trace_id=9774d74977eb4257ab2fba6153664f77] File uplodaded with success to 'bronze/raw/itr_cia_aberta_parecer_2023.csv'
2025-10-19-17:55:13 [INFO] [trace_id=9774d74977eb4257ab2fba6153664f77] File uploaded with success
2025-10-19-17:55:13 [INFO] [trace_id=9774d74977eb4257ab2fba6153664f77] Zip file for 'ITR' downloaded and uploaded to bronze/landing with success
2025-10-19-17:55:13 [INFO] [trace_id=9774d74977eb4257ab2fba6153664f77] '2023' uploaded to the bucket with success
2025-10-19-17:55:13 [INFO] [trace_id=9774d74977eb4257ab2fba6153664f77] Fetching files for '2023'...
2025-10-19-17:55:13 [INFO] [trace_id=9774d74977eb4257ab2fba6153664f77] Retrieving the last update date for CVM`s DFP...
2025-10-19-17:55:13 [INFO] [trace_id=9774d74977eb4257ab2fba6153664f77] Last update date fetched with success: 2025-10-13T08:01:03
2025-10-19-17:55:13 [INFO] [trace_id=9774d74977eb4257ab2fba6153664f77] Checking if a file with this update date already exists in the path 'ambipar-data/bronze/landing'
2025-10-19-17:55:13 [INFO] [trace_id=9774d74977eb4257ab2fba6153664f77] There are new files available, starting to download them...
2025-10-19-17:55:13 [INFO] [trace_id=9774d74977eb4257ab2fba6153664f77] Starting to download the .zip file from 'https://dados.cvm.gov.br/dados/CIA_ABERTA/DOC/DFP/DADOS/dfp_cia_aberta_2023.zip'...
2025-10-19-17:55:14 [INFO] [trace_id=9774d74977eb4257ab2fba6153664f77] File uplodaded with success to 'bronze/landing/CVM/dfp_cia_aberta-2023-2025-10-13T08:01:03.zip'
2025-10-19-17:55:14 [INFO] [trace_id=9774d74977eb4257ab2fba6153664f77] Zip file downloaded and stored to bronze/landing/ with success
2025-10-19-17:55:14 [INFO] [trace_id=9774d74977eb4257ab2fba6153664f77] Starting to unzip and upload contents to 'ambipar-data/bronze/raw'...
2025-10-19-17:55:14 [INFO] [trace_id=9774d74977eb4257ab2fba6153664f77] Uploading file to 'bronze/raw/dfp_cia_aberta_2023.csv'...
2025-10-19-17:55:14 [INFO] [trace_id=9774d74977eb4257ab2fba6153664f77] File uplodaded with success to 'bronze/raw/dfp_cia_aberta_2023.csv'
2025-10-19-17:55:14 [INFO] [trace_id=9774d74977eb4257ab2fba6153664f77] File uploaded with success
2025-10-19-17:55:14 [INFO] [trace_id=9774d74977eb4257ab2fba6153664f77] Uploading file to 'bronze/raw/dfp_cia_aberta_BPA_con_2023.csv'...
2025-10-19-17:55:14 [INFO] [trace_id=9774d74977eb4257ab2fba6153664f77] File uplodaded with success to 'bronze/raw/dfp_cia_aberta_BPA_con_2023.csv'
2025-10-19-17:55:14 [INFO] [trace_id=9774d74977eb4257ab2fba6153664f77] File uploaded with success
2025-10-19-17:55:14 [INFO] [trace_id=9774d74977eb4257ab2fba6153664f77] Uploading file to 'bronze/raw/dfp_cia_aberta_BPA_ind_2023.csv'...
2025-10-19-17:55:14 [INFO] [trace_id=9774d74977eb4257ab2fba6153664f77] File uplodaded with success to 'bronze/raw/dfp_cia_aberta_BPA_ind_2023.csv'
2025-10-19-17:55:14 [INFO] [trace_id=9774d74977eb4257ab2fba6153664f77] File uploaded with success
2025-10-19-17:55:14 [INFO] [trace_id=9774d74977eb4257ab2fba6153664f77] Uploading file to 'bronze/raw/dfp_cia_aberta_BPP_con_2023.csv'...
2025-10-19-17:55:15 [INFO] [trace_id=9774d74977eb4257ab2fba6153664f77] File uplodaded with success to 'bronze/raw/dfp_cia_aberta_BPP_con_2023.csv'
2025-10-19-17:55:15 [INFO] [trace_id=9774d74977eb4257ab2fba6153664f77] File uploaded with success
2025-10-19-17:55:15 [INFO] [trace_id=9774d74977eb4257ab2fba6153664f77] Uploading file to 'bronze/raw/dfp_cia_aberta_BPP_ind_2023.csv'...
2025-10-19-17:55:15 [INFO] [trace_id=9774d74977eb4257ab2fba6153664f77] File uplodaded with success to 'bronze/raw/dfp_cia_aberta_BPP_ind_2023.csv'
2025-10-19-17:55:15 [INFO] [trace_id=9774d74977eb4257ab2fba6153664f77] File uploaded with success
2025-10-19-17:55:15 [INFO] [trace_id=9774d74977eb4257ab2fba6153664f77] Uploading file to 'bronze/raw/dfp_cia_aberta_composicao_capital_2023.csv'...
2025-10-19-17:55:15 [INFO] [trace_id=9774d74977eb4257ab2fba6153664f77] File uplodaded with success to 'bronze/raw/dfp_cia_aberta_composicao_capital_2023.csv'
2025-10-19-17:55:15 [INFO] [trace_id=9774d74977eb4257ab2fba6153664f77] File uploaded with success
2025-10-19-17:55:15 [INFO] [trace_id=9774d74977eb4257ab2fba6153664f77] Uploading file to 'bronze/raw/dfp_cia_aberta_DFC_MD_con_2023.csv'...
2025-10-19-17:55:15 [INFO] [trace_id=9774d74977eb4257ab2fba6153664f77] File uplodaded with success to 'bronze/raw/dfp_cia_aberta_DFC_MD_con_2023.csv'
2025-10-19-17:55:15 [INFO] [trace_id=9774d74977eb4257ab2fba6153664f77] File uploaded with success
2025-10-19-17:55:15 [INFO] [trace_id=9774d74977eb4257ab2fba6153664f77] Uploading file to 'bronze/raw/dfp_cia_aberta_DFC_MD_ind_2023.csv'...
2025-10-19-17:55:15 [INFO] [trace_id=9774d74977eb4257ab2fba6153664f77] File uplodaded with success to 'bronze/raw/dfp_cia_aberta_DFC_MD_ind_2023.csv'
2025-10-19-17:55:15 [INFO] [trace_id=9774d74977eb4257ab2fba6153664f77] File uploaded with success
2025-10-19-17:55:15 [INFO] [trace_id=9774d74977eb4257ab2fba6153664f77] Uploading file to 'bronze/raw/dfp_cia_aberta_DFC_MI_con_2023.csv'...
2025-10-19-17:55:15 [INFO] [trace_id=9774d74977eb4257ab2fba6153664f77] File uplodaded with success to 'bronze/raw/dfp_cia_aberta_DFC_MI_con_2023.csv'
2025-10-19-17:55:15 [INFO] [trace_id=9774d74977eb4257ab2fba6153664f77] File uploaded with success
2025-10-19-17:55:15 [INFO] [trace_id=9774d74977eb4257ab2fba6153664f77] Uploading file to 'bronze/raw/dfp_cia_aberta_DFC_MI_ind_2023.csv'...
2025-10-19-17:55:16 [INFO] [trace_id=9774d74977eb4257ab2fba6153664f77] File uplodaded with success to 'bronze/raw/dfp_cia_aberta_DFC_MI_ind_2023.csv'
2025-10-19-17:55:16 [INFO] [trace_id=9774d74977eb4257ab2fba6153664f77] File uploaded with success
2025-10-19-17:55:16 [INFO] [trace_id=9774d74977eb4257ab2fba6153664f77] Uploading file to 'bronze/raw/dfp_cia_aberta_DMPL_con_2023.csv'...
2025-10-19-17:55:16 [INFO] [trace_id=9774d74977eb4257ab2fba6153664f77] File uplodaded with success to 'bronze/raw/dfp_cia_aberta_DMPL_con_2023.csv'
2025-10-19-17:55:16 [INFO] [trace_id=9774d74977eb4257ab2fba6153664f77] File uploaded with success
2025-10-19-17:55:16 [INFO] [trace_id=9774d74977eb4257ab2fba6153664f77] Uploading file to 'bronze/raw/dfp_cia_aberta_DMPL_ind_2023.csv'...
2025-10-19-17:55:14 [INFO] [trace_id=9774d74977eb4257ab2fba6153664f77] File uplodaded with success to 'bronze/raw/dfp_cia_aberta_DMPL_ind_2023.csv'
2025-10-19-17:55:14 [INFO] [trace_id=9774d74977eb4257ab2fba6153664f77] File uploaded with success
2025-10-19-17:55:14 [INFO] [trace_id=9774d74977eb4257ab2fba6153664f77] Uploading file to 'bronze/raw/dfp_cia_aberta_DRA_con_2023.csv'...
2025-10-19-17:55:14 [INFO] [trace_id=9774d74977eb4257ab2fba6153664f77] File uplodaded with success to 'bronze/raw/dfp_cia_aberta_DRA_con_2023.csv'
2025-10-19-17:55:14 [INFO] [trace_id=9774d74977eb4257ab2fba6153664f77] File uploaded with success
2025-10-19-17:55:14 [INFO] [trace_id=9774d74977eb4257ab2fba6153664f77] Uploading file to 'bronze/raw/dfp_cia_aberta_DRA_ind_2023.csv'...
2025-10-19-17:55:14 [INFO] [trace_id=9774d74977eb4257ab2fba6153664f77] File uplodaded with success to 'bronze/raw/dfp_cia_aberta_DRA_ind_2023.csv'
2025-10-19-17:55:14 [INFO] [trace_id=9774d74977eb4257ab2fba6153664f77] File uploaded with success
2025-10-19-17:55:14 [INFO] [trace_id=9774d74977eb4257ab2fba6153664f77] Uploading file to 'bronze/raw/dfp_cia_aberta_DRE_con_2023.csv'...
2025-10-19-17:55:15 [INFO] [trace_id=9774d74977eb4257ab2fba6153664f77] File uplodaded with success to 'bronze/raw/dfp_cia_aberta_DRE_con_2023.csv'
2025-10-19-17:55:15 [INFO] [trace_id=9774d74977eb4257ab2fba6153664f77] File uploaded with success
2025-10-19-17:55:15 [INFO] [trace_id=9774d74977eb4257ab2fba6153664f77] Uploading file to 'bronze/raw/dfp_cia_aberta_DRE_ind_2023.csv'...
2025-10-19-17:55:16 [INFO] [trace_id=9774d74977eb4257ab2fba6153664f77] File uplodaded with success to 'bronze/raw/dfp_cia_aberta_DRE_ind_2023.csv'
2025-10-19-17:55:16 [INFO] [trace_id=9774d74977eb4257ab2fba6153664f77] File uploaded with success
2025-10-19-17:55:16 [INFO] [trace_id=9774d74977eb4257ab2fba6153664f77] Uploading file to 'bronze/raw/dfp_cia_aberta_DVA_con_2023.csv'...
2025-10-19-17:55:16 [INFO] [trace_id=9774d74977eb4257ab2fba6153664f77] File uplodaded with success to 'bronze/raw/dfp_cia_aberta_DVA_con_2023.csv'
2025-10-19-17:55:16 [INFO] [trace_id=9774d74977eb4257ab2fba6153664f77] File uploaded with success
2025-10-19-17:55:16 [INFO] [trace_id=9774d74977eb4257ab2fba6153664f77] Uploading file to 'bronze/raw/dfp_cia_aberta_DVA_ind_2023.csv'...
2025-10-19-17:55:17 [INFO] [trace_id=9774d74977eb4257ab2fba6153664f77] File uplodaded with success to 'bronze/raw/dfp_cia_aberta_DVA_ind_2023.csv'
2025-10-19-17:55:17 [INFO] [trace_id=9774d74977eb4257ab2fba6153664f77] File uploaded with success
2025-10-19-17:55:18 [INFO] [trace_id=9774d74977eb4257ab2fba6153664f77] Uploading file to 'bronze/raw/dfp_cia_aberta_parecer_2023.csv'...
2025-10-19-17:55:18 [INFO] [trace_id=9774d74977eb4257ab2fba6153664f77] File uplodaded with success to 'bronze/raw/dfp_cia_aberta_parecer_2023.csv'
2025-10-19-17:55:18 [INFO] [trace_id=9774d74977eb4257ab2fba6153664f77] File uploaded with success
2025-10-19-17:55:18 [INFO] [trace_id=9774d74977eb4257ab2fba6153664f77] Zip file for 'DFP' downloaded and uploaded to bronze/landing with success
2025-10-19-17:55:18 [INFO] [trace_id=9774d74977eb4257ab2fba6153664f77] '2023' uploaded to the bucket with success
2025-10-19-17:55:18 [INFO] [trace_id=9774d74977eb4257ab2fba6153664f77] Starting bronze layer processing...
2025-10-19-17:55:18 [INFO] [trace_id=9774d74977eb4257ab2fba6153664f77] Bronze layer processing finished with success
2025-10-19-17:55:18 [INFO] [trace_id=9774d74977eb4257ab2fba6153664f77] Starting silver layer processing...
2025-10-19-17:55:18 [INFO] [trace_id=9774d74977eb4257ab2fba6153664f77] Processing document type 1/4
2025-10-19-17:55:18 [INFO] [trace_id=9774d74977eb4257ab2fba6153664f77] Processing file 'bronze/raw/itr_cia_aberta_BPA_con_2025.csv'...
2025-10-19-17:55:18 [INFO] [trace_id=9774d74977eb4257ab2fba6153664f77] Converting file of type 'BALANCO_PATRIMONIAL_ATIVO' and aggregation 'CONSOLIDADO' to parquet and saving to 'silver/cleaned/CVM/last_updated_date=2025/BALANCO_PATRIMONIAL_ATIVO_CONSOLIDADO_2025.parquet'...
2025-10-19-17:55:18 [INFO] [trace_id=9774d74977eb4257ab2fba6153664f77] File uplodaded with success to 'silver/cleaned/CVM/last_updated_date=2025/BALANCO_PATRIMONIAL_ATIVO_CONSOLIDADO_2025.parquet'
2025-10-19-17:55:18 [INFO] [trace_id=9774d74977eb4257ab2fba6153664f77] Parquet file saved with success
2025-10-19-17:55:18 [INFO] [trace_id=9774d74977eb4257ab2fba6153664f77] Current document type 'BALANCO_PATRIMONIAL_ATIVO' processed with success
2025-10-19-17:55:18 [INFO] [trace_id=9774d74977eb4257ab2fba6153664f77] Processing document type 2/4
2025-10-19-17:55:18 [INFO] [trace_id=9774d74977eb4257ab2fba6153664f77] Processing file 'bronze/raw/itr_cia_aberta_BPP_con_2025.csv'...
2025-10-19-17:55:19 [INFO] [trace_id=9774d74977eb4257ab2fba6153664f77] Converting file of type 'BALANCO_PATRIMONIAL_PASSIVO' and aggregation 'CONSOLIDADO' to parquet and saving to 'silver/cleaned/CVM/last_updated_date=2025/BALANCO_PATRIMONIAL_PASSIVO_CONSOLIDADO_2025.parquet'...
2025-10-19-17:55:19 [INFO] [trace_id=9774d74977eb4257ab2fba6153664f77] File uplodaded with success to 'silver/cleaned/CVM/last_updated_date=2025/BALANCO_PATRIMONIAL_PASSIVO_CONSOLIDADO_2025.parquet'
2025-10-19-17:55:19 [INFO] [trace_id=9774d74977eb4257ab2fba6153664f77] Parquet file saved with success
2025-10-19-17:55:19 [INFO] [trace_id=9774d74977eb4257ab2fba6153664f77] Current document type 'BALANCO_PATRIMONIAL_PASSIVO' processed with success
2025-10-19-17:55:19 [INFO] [trace_id=9774d74977eb4257ab2fba6153664f77] Processing document type 3/4
2025-10-19-17:55:19 [INFO] [trace_id=9774d74977eb4257ab2fba6153664f77] Processing file 'bronze/raw/itr_cia_aberta_DFC_MI_con_2025.csv'...
2025-10-19-17:55:19 [INFO] [trace_id=9774d74977eb4257ab2fba6153664f77] Converting file of type 'FLUXO_DE_CAIXA_INDIRETO' and aggregation 'CONSOLIDADO' to parquet and saving to 'silver/cleaned/CVM/last_updated_date=2025/FLUXO_DE_CAIXA_INDIRETO_CONSOLIDADO_2025.parquet'...
2025-10-19-17:55:19 [INFO] [trace_id=9774d74977eb4257ab2fba6153664f77] File uplodaded with success to 'silver/cleaned/CVM/last_updated_date=2025/FLUXO_DE_CAIXA_INDIRETO_CONSOLIDADO_2025.parquet'
2025-10-19-17:55:19 [INFO] [trace_id=9774d74977eb4257ab2fba6153664f77] Parquet file saved with success
2025-10-19-17:55:19 [INFO] [trace_id=9774d74977eb4257ab2fba6153664f77] Current document type 'FLUXO_DE_CAIXA_INDIRETO' processed with success
2025-10-19-17:55:19 [INFO] [trace_id=9774d74977eb4257ab2fba6153664f77] Processing document type 4/4
2025-10-19-17:55:19 [INFO] [trace_id=9774d74977eb4257ab2fba6153664f77] Processing file 'bronze/raw/itr_cia_aberta_DRE_con_2025.csv'...
2025-10-19-17:55:19 [INFO] [trace_id=9774d74977eb4257ab2fba6153664f77] Converting file of type 'DRE' and aggregation 'CONSOLIDADO' to parquet and saving to 'silver/cleaned/CVM/last_updated_date=2025/DRE_CONSOLIDADO_2025.parquet'...
2025-10-19-17:55:19 [INFO] [trace_id=9774d74977eb4257ab2fba6153664f77] File uplodaded with success to 'silver/cleaned/CVM/last_updated_date=2025/DRE_CONSOLIDADO_2025.parquet'
2025-10-19-17:55:19 [INFO] [trace_id=9774d74977eb4257ab2fba6153664f77] Parquet file saved with success
2025-10-19-17:55:19 [INFO] [trace_id=9774d74977eb4257ab2fba6153664f77] Current document type 'DRE' processed with success
2025-10-19-17:55:19 [INFO] [trace_id=9774d74977eb4257ab2fba6153664f77] Processing document type 1/4
2025-10-19-17:55:19 [INFO] [trace_id=9774d74977eb4257ab2fba6153664f77] Processing file 'bronze/raw/itr_cia_aberta_BPA_ind_2025.csv'...
2025-10-19-17:55:19 [INFO] [trace_id=9774d74977eb4257ab2fba6153664f77] Converting file of type 'BALANCO_PATRIMONIAL_ATIVO' and aggregation 'INDIVIDUAL' to parquet and saving to 'silver/cleaned/CVM/last_updated_date=2025/BALANCO_PATRIMONIAL_ATIVO_INDIVIDUAL_2025.parquet'...
2025-10-19-17:55:19 [INFO] [trace_id=9774d74977eb4257ab2fba6153664f77] File uplodaded with success to 'silver/cleaned/CVM/last_updated_date=2025/BALANCO_PATRIMONIAL_ATIVO_INDIVIDUAL_2025.parquet'
2025-10-19-17:55:19 [INFO] [trace_id=9774d74977eb4257ab2fba6153664f77] Parquet file saved with success
2025-10-19-17:55:19 [INFO] [trace_id=9774d74977eb4257ab2fba6153664f77] Current document type 'BALANCO_PATRIMONIAL_ATIVO' processed with success
2025-10-19-17:55:19 [INFO] [trace_id=9774d74977eb4257ab2fba6153664f77] Processing document type 2/4
2025-10-19-17:55:19 [INFO] [trace_id=9774d74977eb4257ab2fba6153664f77] Processing file 'bronze/raw/itr_cia_aberta_BPP_ind_2025.csv'...
2025-10-19-17:55:20 [INFO] [trace_id=9774d74977eb4257ab2fba6153664f77] Converting file of type 'BALANCO_PATRIMONIAL_PASSIVO' and aggregation 'INDIVIDUAL' to parquet and saving to 'silver/cleaned/CVM/last_updated_date=2025/BALANCO_PATRIMONIAL_PASSIVO_INDIVIDUAL_2025.parquet'...
2025-10-19-17:55:20 [INFO] [trace_id=9774d74977eb4257ab2fba6153664f77] File uplodaded with success to 'silver/cleaned/CVM/last_updated_date=2025/BALANCO_PATRIMONIAL_PASSIVO_INDIVIDUAL_2025.parquet'
2025-10-19-17:55:20 [INFO] [trace_id=9774d74977eb4257ab2fba6153664f77] Parquet file saved with success
2025-10-19-17:55:20 [INFO] [trace_id=9774d74977eb4257ab2fba6153664f77] Current document type 'BALANCO_PATRIMONIAL_PASSIVO' processed with success
2025-10-19-17:55:20 [INFO] [trace_id=9774d74977eb4257ab2fba6153664f77] Processing document type 3/4
2025-10-19-17:55:20 [INFO] [trace_id=9774d74977eb4257ab2fba6153664f77] Processing file 'bronze/raw/itr_cia_aberta_DFC_MI_ind_2025.csv'...
2025-10-19-17:55:20 [INFO] [trace_id=9774d74977eb4257ab2fba6153664f77] Converting file of type 'FLUXO_DE_CAIXA_INDIRETO' and aggregation 'INDIVIDUAL' to parquet and saving to 'silver/cleaned/CVM/last_updated_date=2025/FLUXO_DE_CAIXA_INDIRETO_INDIVIDUAL_2025.parquet'...
2025-10-19-17:55:20 [INFO] [trace_id=9774d74977eb4257ab2fba6153664f77] File uplodaded with success to 'silver/cleaned/CVM/last_updated_date=2025/FLUXO_DE_CAIXA_INDIRETO_INDIVIDUAL_2025.parquet'
2025-10-19-17:55:20 [INFO] [trace_id=9774d74977eb4257ab2fba6153664f77] Parquet file saved with success
2025-10-19-17:55:20 [INFO] [trace_id=9774d74977eb4257ab2fba6153664f77] Current document type 'FLUXO_DE_CAIXA_INDIRETO' processed with success
2025-10-19-17:55:20 [INFO] [trace_id=9774d74977eb4257ab2fba6153664f77] Processing document type 4/4
2025-10-19-17:55:20 [INFO] [trace_id=9774d74977eb4257ab2fba6153664f77] Processing file 'bronze/raw/itr_cia_aberta_DRE_ind_2025.csv'...
2025-10-19-17:55:20 [INFO] [trace_id=9774d74977eb4257ab2fba6153664f77] Converting file of type 'DRE' and aggregation 'INDIVIDUAL' to parquet and saving to 'silver/cleaned/CVM/last_updated_date=2025/DRE_INDIVIDUAL_2025.parquet'...
2025-10-19-17:55:20 [INFO] [trace_id=9774d74977eb4257ab2fba6153664f77] File uplodaded with success to 'silver/cleaned/CVM/last_updated_date=2025/DRE_INDIVIDUAL_2025.parquet'
2025-10-19-17:55:20 [INFO] [trace_id=9774d74977eb4257ab2fba6153664f77] Parquet file saved with success
2025-10-19-17:55:20 [INFO] [trace_id=9774d74977eb4257ab2fba6153664f77] Current document type 'DRE' processed with success
2025-10-19-17:55:20 [INFO] [trace_id=9774d74977eb4257ab2fba6153664f77] Processing document type 1/4
2025-10-19-17:55:20 [INFO] [trace_id=9774d74977eb4257ab2fba6153664f77] Processing file 'bronze/raw/itr_cia_aberta_BPA_con_2024.csv'...
2025-10-19-17:55:21 [INFO] [trace_id=9774d74977eb4257ab2fba6153664f77] Processing file 'bronze/raw/dfp_cia_aberta_BPA_con_2024.csv'...
2025-10-19-17:55:21 [INFO] [trace_id=9774d74977eb4257ab2fba6153664f77] Converting file of type 'BALANCO_PATRIMONIAL_ATIVO' and aggregation 'CONSOLIDADO' to parquet and saving to 'silver/cleaned/CVM/last_updated_date=2024/BALANCO_PATRIMONIAL_ATIVO_CONSOLIDADO_2024.parquet'...
2025-10-19-17:55:21 [INFO] [trace_id=9774d74977eb4257ab2fba6153664f77] File uplodaded with success to 'silver/cleaned/CVM/last_updated_date=2024/BALANCO_PATRIMONIAL_ATIVO_CONSOLIDADO_2024.parquet'
2025-10-19-17:55:21 [INFO] [trace_id=9774d74977eb4257ab2fba6153664f77] Parquet file saved with success
2025-10-19-17:55:21 [INFO] [trace_id=9774d74977eb4257ab2fba6153664f77] Current document type 'BALANCO_PATRIMONIAL_ATIVO' processed with success
2025-10-19-17:55:21 [INFO] [trace_id=9774d74977eb4257ab2fba6153664f77] Processing document type 2/4
2025-10-19-17:55:21 [INFO] [trace_id=9774d74977eb4257ab2fba6153664f77] Processing file 'bronze/raw/itr_cia_aberta_BPP_con_2024.csv'...
2025-10-19-17:55:21 [INFO] [trace_id=9774d74977eb4257ab2fba6153664f77] Processing file 'bronze/raw/dfp_cia_aberta_BPP_con_2024.csv'...
2025-10-19-17:55:22 [INFO] [trace_id=9774d74977eb4257ab2fba6153664f77] Converting file of type 'BALANCO_PATRIMONIAL_PASSIVO' and aggregation 'CONSOLIDADO' to parquet and saving to 'silver/cleaned/CVM/last_updated_date=2024/BALANCO_PATRIMONIAL_PASSIVO_CONSOLIDADO_2024.parquet'...
2025-10-19-17:55:22 [INFO] [trace_id=9774d74977eb4257ab2fba6153664f77] File uplodaded with success to 'silver/cleaned/CVM/last_updated_date=2024/BALANCO_PATRIMONIAL_PASSIVO_CONSOLIDADO_2024.parquet'
2025-10-19-17:55:22 [INFO] [trace_id=9774d74977eb4257ab2fba6153664f77] Parquet file saved with success
2025-10-19-17:55:22 [INFO] [trace_id=9774d74977eb4257ab2fba6153664f77] Current document type 'BALANCO_PATRIMONIAL_PASSIVO' processed with success
2025-10-19-17:55:22 [INFO] [trace_id=9774d74977eb4257ab2fba6153664f77] Processing document type 3/4
2025-10-19-17:55:22 [INFO] [trace_id=9774d74977eb4257ab2fba6153664f77] Processing file 'bronze/raw/itr_cia_aberta_DFC_MI_con_2024.csv'...
2025-10-19-17:55:22 [INFO] [trace_id=9774d74977eb4257ab2fba6153664f77] Processing file 'bronze/raw/dfp_cia_aberta_DFC_MI_con_2024.csv'...
2025-10-19-17:55:22 [INFO] [trace_id=9774d74977eb4257ab2fba6153664f77] Converting file of type 'FLUXO_DE_CAIXA_INDIRETO' and aggregation 'CONSOLIDADO' to parquet and saving to 'silver/cleaned/CVM/last_updated_date=2024/FLUXO_DE_CAIXA_INDIRETO_CONSOLIDADO_2024.parquet'...
2025-10-19-17:55:22 [INFO] [trace_id=9774d74977eb4257ab2fba6153664f77] File uplodaded with success to 'silver/cleaned/CVM/last_updated_date=2024/FLUXO_DE_CAIXA_INDIRETO_CONSOLIDADO_2024.parquet'
2025-10-19-17:55:22 [INFO] [trace_id=9774d74977eb4257ab2fba6153664f77] Parquet file saved with success
2025-10-19-17:55:22 [INFO] [trace_id=9774d74977eb4257ab2fba6153664f77] Current document type 'FLUXO_DE_CAIXA_INDIRETO' processed with success
2025-10-19-17:55:22 [INFO] [trace_id=9774d74977eb4257ab2fba6153664f77] Processing document type 4/4
2025-10-19-17:55:22 [INFO] [trace_id=9774d74977eb4257ab2fba6153664f77] Processing file 'bronze/raw/itr_cia_aberta_DRE_con_2024.csv'...
2025-10-19-17:55:22 [INFO] [trace_id=9774d74977eb4257ab2fba6153664f77] Processing file 'bronze/raw/dfp_cia_aberta_DRE_con_2024.csv'...
2025-10-19-17:55:23 [INFO] [trace_id=9774d74977eb4257ab2fba6153664f77] Converting file of type 'DRE' and aggregation 'CONSOLIDADO' to parquet and saving to 'silver/cleaned/CVM/last_updated_date=2024/DRE_CONSOLIDADO_2024.parquet'...
2025-10-19-17:55:23 [INFO] [trace_id=9774d74977eb4257ab2fba6153664f77] File uplodaded with success to 'silver/cleaned/CVM/last_updated_date=2024/DRE_CONSOLIDADO_2024.parquet'
2025-10-19-17:55:23 [INFO] [trace_id=9774d74977eb4257ab2fba6153664f77] Parquet file saved with success
2025-10-19-17:55:23 [INFO] [trace_id=9774d74977eb4257ab2fba6153664f77] Current document type 'DRE' processed with success
2025-10-19-17:55:23 [INFO] [trace_id=9774d74977eb4257ab2fba6153664f77] Processing document type 1/4
2025-10-19-17:55:23 [INFO] [trace_id=9774d74977eb4257ab2fba6153664f77] Processing file 'bronze/raw/itr_cia_aberta_BPA_ind_2024.csv'...
2025-10-19-17:55:23 [INFO] [trace_id=9774d74977eb4257ab2fba6153664f77] Processing file 'bronze/raw/dfp_cia_aberta_BPA_ind_2024.csv'...
2025-10-19-17:55:23 [INFO] [trace_id=9774d74977eb4257ab2fba6153664f77] Converting file of type 'BALANCO_PATRIMONIAL_ATIVO' and aggregation 'INDIVIDUAL' to parquet and saving to 'silver/cleaned/CVM/last_updated_date=2024/BALANCO_PATRIMONIAL_ATIVO_INDIVIDUAL_2024.parquet'...
2025-10-19-17:55:23 [INFO] [trace_id=9774d74977eb4257ab2fba6153664f77] File uplodaded with success to 'silver/cleaned/CVM/last_updated_date=2024/BALANCO_PATRIMONIAL_ATIVO_INDIVIDUAL_2024.parquet'
2025-10-19-17:55:23 [INFO] [trace_id=9774d74977eb4257ab2fba6153664f77] Parquet file saved with success
2025-10-19-17:55:23 [INFO] [trace_id=9774d74977eb4257ab2fba6153664f77] Current document type 'BALANCO_PATRIMONIAL_ATIVO' processed with success
2025-10-19-17:55:23 [INFO] [trace_id=9774d74977eb4257ab2fba6153664f77] Processing document type 2/4
2025-10-19-17:55:23 [INFO] [trace_id=9774d74977eb4257ab2fba6153664f77] Processing file 'bronze/raw/itr_cia_aberta_BPP_ind_2024.csv'...
2025-10-19-17:55:24 [INFO] [trace_id=9774d74977eb4257ab2fba6153664f77] Processing file 'bronze/raw/dfp_cia_aberta_BPP_ind_2024.csv'...
2025-10-19-17:55:24 [INFO] [trace_id=9774d74977eb4257ab2fba6153664f77] Converting file of type 'BALANCO_PATRIMONIAL_PASSIVO' and aggregation 'INDIVIDUAL' to parquet and saving to 'silver/cleaned/CVM/last_updated_date=2024/BALANCO_PATRIMONIAL_PASSIVO_INDIVIDUAL_2024.parquet'...
2025-10-19-17:55:24 [INFO] [trace_id=9774d74977eb4257ab2fba6153664f77] File uplodaded with success to 'silver/cleaned/CVM/last_updated_date=2024/BALANCO_PATRIMONIAL_PASSIVO_INDIVIDUAL_2024.parquet'
2025-10-19-17:55:24 [INFO] [trace_id=9774d74977eb4257ab2fba6153664f77] Parquet file saved with success
2025-10-19-17:55:24 [INFO] [trace_id=9774d74977eb4257ab2fba6153664f77] Current document type 'BALANCO_PATRIMONIAL_PASSIVO' processed with success
2025-10-19-17:55:24 [INFO] [trace_id=9774d74977eb4257ab2fba6153664f77] Processing document type 3/4
2025-10-19-17:55:24 [INFO] [trace_id=9774d74977eb4257ab2fba6153664f77] Processing file 'bronze/raw/itr_cia_aberta_DFC_MI_ind_2024.csv'...
2025-10-19-17:55:25 [INFO] [trace_id=9774d74977eb4257ab2fba6153664f77] Processing file 'bronze/raw/dfp_cia_aberta_DFC_MI_ind_2024.csv'...
2025-10-19-17:55:25 [INFO] [trace_id=9774d74977eb4257ab2fba6153664f77] Converting file of type 'FLUXO_DE_CAIXA_INDIRETO' and aggregation 'INDIVIDUAL' to parquet and saving to 'silver/cleaned/CVM/last_updated_date=2024/FLUXO_DE_CAIXA_INDIRETO_INDIVIDUAL_2024.parquet'...
2025-10-19-17:55:25 [INFO] [trace_id=9774d74977eb4257ab2fba6153664f77] File uplodaded with success to 'silver/cleaned/CVM/last_updated_date=2024/FLUXO_DE_CAIXA_INDIRETO_INDIVIDUAL_2024.parquet'
2025-10-19-17:55:25 [INFO] [trace_id=9774d74977eb4257ab2fba6153664f77] Parquet file saved with success
2025-10-19-17:55:25 [INFO] [trace_id=9774d74977eb4257ab2fba6153664f77] Current document type 'FLUXO_DE_CAIXA_INDIRETO' processed with success
2025-10-19-17:55:25 [INFO] [trace_id=9774d74977eb4257ab2fba6153664f77] Processing document type 4/4
2025-10-19-17:55:25 [INFO] [trace_id=9774d74977eb4257ab2fba6153664f77] Processing file 'bronze/raw/itr_cia_aberta_DRE_ind_2024.csv'...
2025-10-19-17:55:25 [INFO] [trace_id=9774d74977eb4257ab2fba6153664f77] Processing file 'bronze/raw/dfp_cia_aberta_DRE_ind_2024.csv'...
2025-10-19-17:55:26 [INFO] [trace_id=9774d74977eb4257ab2fba6153664f77] Converting file of type 'DRE' and aggregation 'INDIVIDUAL' to parquet and saving to 'silver/cleaned/CVM/last_updated_date=2024/DRE_INDIVIDUAL_2024.parquet'...
2025-10-19-17:55:26 [INFO] [trace_id=9774d74977eb4257ab2fba6153664f77] File uplodaded with success to 'silver/cleaned/CVM/last_updated_date=2024/DRE_INDIVIDUAL_2024.parquet'
2025-10-19-17:55:26 [INFO] [trace_id=9774d74977eb4257ab2fba6153664f77] Parquet file saved with success
2025-10-19-17:55:26 [INFO] [trace_id=9774d74977eb4257ab2fba6153664f77] Current document type 'DRE' processed with success
2025-10-19-17:55:26 [INFO] [trace_id=9774d74977eb4257ab2fba6153664f77] Processing document type 1/4
2025-10-19-17:55:26 [INFO] [trace_id=9774d74977eb4257ab2fba6153664f77] Processing file 'bronze/raw/itr_cia_aberta_BPA_con_2023.csv'...
2025-10-19-17:55:26 [INFO] [trace_id=9774d74977eb4257ab2fba6153664f77] Processing file 'bronze/raw/dfp_cia_aberta_BPA_con_2023.csv'...
