2025-10-19-17:36:31 [INFO] [trace_id=dd061aeaeb5c4eddb1ea025245dc8b68] Starting ingestion orchestrator routine...
2025-10-19-17:36:31 [INFO] [trace_id=dd061aeaeb5c4eddb1ea025245dc8b68] Validating the environment variables...
2025-10-19-17:36:31 [INFO] [trace_id=dd061aeaeb5c4eddb1ea025245dc8b68] Environment file found, loading it...
2025-10-19-17:36:31 [INFO] [trace_id=dd061aeaeb5c4eddb1ea025245dc8b68] Environment file loaded and validated with success
2025-10-19-17:36:31 [INFO] [trace_id=dd061aeaeb5c4eddb1ea025245dc8b68] Creating minio, ragflow and redis handlers...
2025-10-19-17:36:31 [INFO] [trace_id=dd061aeaeb5c4eddb1ea025245dc8b68] Authenticated to MinIO with success
2025-10-19-17:36:31 [INFO] [trace_id=dd061aeaeb5c4eddb1ea025245dc8b68] All handlers created with success...
2025-10-19-17:36:31 [INFO] [trace_id=dd061aeaeb5c4eddb1ea025245dc8b68] Creating HTTP sessions
2025-10-19-17:36:31 [INFO] [trace_id=dd061aeaeb5c4eddb1ea025245dc8b68] Startup process finished with success
2025-10-19-17:36:31 [INFO] [trace_id=dd061aeaeb5c4eddb1ea025245dc8b68] There are 3 ingestion(s) to be done.
2025-10-19-17:36:31 [INFO] [trace_id=dd061aeaeb5c4eddb1ea025245dc8b68] Starting job 'cvm_financial_data'. Jobs progress: 1/3
2025-10-19-17:36:31 [INFO] [trace_id=dd061aeaeb5c4eddb1ea025245dc8b68] Fetching ITR files for the following years: ['2025', '2024', '2023']
2025-10-19-17:36:31 [INFO] [trace_id=dd061aeaeb5c4eddb1ea025245dc8b68] Fetching files for '2025'...
2025-10-19-17:36:31 [INFO] [trace_id=dd061aeaeb5c4eddb1ea025245dc8b68] Retrieving the last update date for CVM`s ITR...
2025-10-19-17:36:32 [INFO] [trace_id=dd061aeaeb5c4eddb1ea025245dc8b68] Last update date fetched with success: 2025-10-13T08:01:08
2025-10-19-17:36:32 [INFO] [trace_id=dd061aeaeb5c4eddb1ea025245dc8b68] Checking if a file with this update date already exists in the path 'ambipar-data/bronze/landing'
2025-10-19-17:36:32 [INFO] [trace_id=dd061aeaeb5c4eddb1ea025245dc8b68] There are new files available, starting to download them...
2025-10-19-17:36:32 [INFO] [trace_id=dd061aeaeb5c4eddb1ea025245dc8b68] Starting to download the .zip file from 'https://dados.cvm.gov.br/dados/CIA_ABERTA/DOC/ITR/DADOS/itr_cia_aberta_2025.zip'...
2025-10-19-17:36:35 [INFO] [trace_id=dd061aeaeb5c4eddb1ea025245dc8b68] File uplodaded with success to 'bronze/landing/CVM/cvm_itr-2025-2025-10-13T08:01:08.zip'
2025-10-19-17:36:35 [INFO] [trace_id=dd061aeaeb5c4eddb1ea025245dc8b68] Zip file downloaded and stored to bronze/landing/ with success
2025-10-19-17:36:35 [INFO] [trace_id=dd061aeaeb5c4eddb1ea025245dc8b68] Starting to unzip and upload contents to 'ambipar-data/bronze/raw'...
2025-10-19-17:36:35 [INFO] [trace_id=dd061aeaeb5c4eddb1ea025245dc8b68] Uploading file to 'bronze/raw/itr_cia_aberta_2025.csv'...
2025-10-19-17:36:35 [INFO] [trace_id=dd061aeaeb5c4eddb1ea025245dc8b68] File uplodaded with success to 'bronze/raw/itr_cia_aberta_2025.csv'
2025-10-19-17:36:35 [INFO] [trace_id=dd061aeaeb5c4eddb1ea025245dc8b68] File uploaded with success
2025-10-19-17:36:35 [INFO] [trace_id=dd061aeaeb5c4eddb1ea025245dc8b68] Uploading file to 'bronze/raw/itr_cia_aberta_BPA_con_2025.csv'...
2025-10-19-17:36:36 [INFO] [trace_id=dd061aeaeb5c4eddb1ea025245dc8b68] File uplodaded with success to 'bronze/raw/itr_cia_aberta_BPA_con_2025.csv'
2025-10-19-17:36:36 [INFO] [trace_id=dd061aeaeb5c4eddb1ea025245dc8b68] File uploaded with success
2025-10-19-17:36:36 [INFO] [trace_id=dd061aeaeb5c4eddb1ea025245dc8b68] Uploading file to 'bronze/raw/itr_cia_aberta_BPA_ind_2025.csv'...
2025-10-19-17:36:36 [INFO] [trace_id=dd061aeaeb5c4eddb1ea025245dc8b68] File uplodaded with success to 'bronze/raw/itr_cia_aberta_BPA_ind_2025.csv'
2025-10-19-17:36:36 [INFO] [trace_id=dd061aeaeb5c4eddb1ea025245dc8b68] File uploaded with success
2025-10-19-17:36:36 [INFO] [trace_id=dd061aeaeb5c4eddb1ea025245dc8b68] Uploading file to 'bronze/raw/itr_cia_aberta_BPP_con_2025.csv'...
2025-10-19-17:36:36 [INFO] [trace_id=dd061aeaeb5c4eddb1ea025245dc8b68] File uplodaded with success to 'bronze/raw/itr_cia_aberta_BPP_con_2025.csv'
2025-10-19-17:36:36 [INFO] [trace_id=dd061aeaeb5c4eddb1ea025245dc8b68] File uploaded with success
2025-10-19-17:36:36 [INFO] [trace_id=dd061aeaeb5c4eddb1ea025245dc8b68] Uploading file to 'bronze/raw/itr_cia_aberta_BPP_ind_2025.csv'...
2025-10-19-17:36:36 [INFO] [trace_id=dd061aeaeb5c4eddb1ea025245dc8b68] File uplodaded with success to 'bronze/raw/itr_cia_aberta_BPP_ind_2025.csv'
2025-10-19-17:36:36 [INFO] [trace_id=dd061aeaeb5c4eddb1ea025245dc8b68] File uploaded with success
2025-10-19-17:36:36 [INFO] [trace_id=dd061aeaeb5c4eddb1ea025245dc8b68] Uploading file to 'bronze/raw/itr_cia_aberta_composicao_capital_2025.csv'...
2025-10-19-17:36:37 [INFO] [trace_id=dd061aeaeb5c4eddb1ea025245dc8b68] File uplodaded with success to 'bronze/raw/itr_cia_aberta_composicao_capital_2025.csv'
2025-10-19-17:36:37 [INFO] [trace_id=dd061aeaeb5c4eddb1ea025245dc8b68] File uploaded with success
2025-10-19-17:36:37 [INFO] [trace_id=dd061aeaeb5c4eddb1ea025245dc8b68] Uploading file to 'bronze/raw/itr_cia_aberta_DFC_MD_con_2025.csv'...
2025-10-19-17:36:37 [INFO] [trace_id=dd061aeaeb5c4eddb1ea025245dc8b68] File uplodaded with success to 'bronze/raw/itr_cia_aberta_DFC_MD_con_2025.csv'
2025-10-19-17:36:37 [INFO] [trace_id=dd061aeaeb5c4eddb1ea025245dc8b68] File uploaded with success
2025-10-19-17:36:37 [INFO] [trace_id=dd061aeaeb5c4eddb1ea025245dc8b68] Uploading file to 'bronze/raw/itr_cia_aberta_DFC_MD_ind_2025.csv'...
2025-10-19-17:36:37 [INFO] [trace_id=dd061aeaeb5c4eddb1ea025245dc8b68] File uplodaded with success to 'bronze/raw/itr_cia_aberta_DFC_MD_ind_2025.csv'
2025-10-19-17:36:37 [INFO] [trace_id=dd061aeaeb5c4eddb1ea025245dc8b68] File uploaded with success
2025-10-19-17:36:37 [INFO] [trace_id=dd061aeaeb5c4eddb1ea025245dc8b68] Uploading file to 'bronze/raw/itr_cia_aberta_DFC_MI_con_2025.csv'...
2025-10-19-17:36:37 [INFO] [trace_id=dd061aeaeb5c4eddb1ea025245dc8b68] File uplodaded with success to 'bronze/raw/itr_cia_aberta_DFC_MI_con_2025.csv'
2025-10-19-17:36:37 [INFO] [trace_id=dd061aeaeb5c4eddb1ea025245dc8b68] File uploaded with success
2025-10-19-17:36:37 [INFO] [trace_id=dd061aeaeb5c4eddb1ea025245dc8b68] Uploading file to 'bronze/raw/itr_cia_aberta_DFC_MI_ind_2025.csv'...
2025-10-19-17:36:34 [INFO] [trace_id=dd061aeaeb5c4eddb1ea025245dc8b68] File uplodaded with success to 'bronze/raw/itr_cia_aberta_DFC_MI_ind_2025.csv'
2025-10-19-17:36:34 [INFO] [trace_id=dd061aeaeb5c4eddb1ea025245dc8b68] File uploaded with success
2025-10-19-17:36:34 [INFO] [trace_id=dd061aeaeb5c4eddb1ea025245dc8b68] Uploading file to 'bronze/raw/itr_cia_aberta_DMPL_con_2025.csv'...
2025-10-19-17:36:35 [INFO] [trace_id=dd061aeaeb5c4eddb1ea025245dc8b68] File uplodaded with success to 'bronze/raw/itr_cia_aberta_DMPL_con_2025.csv'
2025-10-19-17:36:35 [INFO] [trace_id=dd061aeaeb5c4eddb1ea025245dc8b68] File uploaded with success
2025-10-19-17:36:35 [INFO] [trace_id=dd061aeaeb5c4eddb1ea025245dc8b68] Uploading file to 'bronze/raw/itr_cia_aberta_DMPL_ind_2025.csv'...
2025-10-19-17:36:35 [INFO] [trace_id=dd061aeaeb5c4eddb1ea025245dc8b68] File uplodaded with success to 'bronze/raw/itr_cia_aberta_DMPL_ind_2025.csv'
2025-10-19-17:36:35 [INFO] [trace_id=dd061aeaeb5c4eddb1ea025245dc8b68] File uploaded with success
2025-10-19-17:36:35 [INFO] [trace_id=dd061aeaeb5c4eddb1ea025245dc8b68] Uploading file to 'bronze/raw/itr_cia_aberta_DRA_con_2025.csv'...
2025-10-19-17:36:36 [INFO] [trace_id=dd061aeaeb5c4eddb1ea025245dc8b68] File uplodaded with success to 'bronze/raw/itr_cia_aberta_DRA_con_2025.csv'
2025-10-19-17:36:36 [INFO] [trace_id=dd061aeaeb5c4eddb1ea025245dc8b68] File uploaded with success
2025-10-19-17:36:36 [INFO] [trace_id=dd061aeaeb5c4eddb1ea025245dc8b68] Uploading file to 'bronze/raw/itr_cia_aberta_DRA_ind_2025.csv'...
2025-10-19-17:36:36 [INFO] [trace_id=dd061aeaeb5c4eddb1ea025245dc8b68] File uplodaded with success to 'bronze/raw/itr_cia_aberta_DRA_ind_2025.csv'
2025-10-19-17:36:36 [INFO] [trace_id=dd061aeaeb5c4eddb1ea025245dc8b68] File uploaded with success
2025-10-19-17:36:36 [INFO] [trace_id=dd061aeaeb5c4eddb1ea025245dc8b68] Uploading file to 'bronze/raw/itr_cia_aberta_DRE_con_2025.csv'...
2025-10-19-17:36:36 [INFO] [trace_id=dd061aeaeb5c4eddb1ea025245dc8b68] File uplodaded with success to 'bronze/raw/itr_cia_aberta_DRE_con_2025.csv'
2025-10-19-17:36:36 [INFO] [trace_id=dd061aeaeb5c4eddb1ea025245dc8b68] File uploaded with success
2025-10-19-17:36:36 [INFO] [trace_id=dd061aeaeb5c4eddb1ea025245dc8b68] Uploading file to 'bronze/raw/itr_cia_aberta_DRE_ind_2025.csv'...
2025-10-19-17:36:36 [INFO] [trace_id=dd061aeaeb5c4eddb1ea025245dc8b68] File uplodaded with success to 'bronze/raw/itr_cia_aberta_DRE_ind_2025.csv'
2025-10-19-17:36:36 [INFO] [trace_id=dd061aeaeb5c4eddb1ea025245dc8b68] File uploaded with success
2025-10-19-17:36:36 [INFO] [trace_id=dd061aeaeb5c4eddb1ea025245dc8b68] Uploading file to 'bronze/raw/itr_cia_aberta_DVA_con_2025.csv'...
2025-10-19-17:36:36 [INFO] [trace_id=dd061aeaeb5c4eddb1ea025245dc8b68] File uplodaded with success to 'bronze/raw/itr_cia_aberta_DVA_con_2025.csv'
2025-10-19-17:36:36 [INFO] [trace_id=dd061aeaeb5c4eddb1ea025245dc8b68] File uploaded with success
2025-10-19-17:36:36 [INFO] [trace_id=dd061aeaeb5c4eddb1ea025245dc8b68] Uploading file to 'bronze/raw/itr_cia_aberta_DVA_ind_2025.csv'...
2025-10-19-17:36:36 [INFO] [trace_id=dd061aeaeb5c4eddb1ea025245dc8b68] File uplodaded with success to 'bronze/raw/itr_cia_aberta_DVA_ind_2025.csv'
2025-10-19-17:36:36 [INFO] [trace_id=dd061aeaeb5c4eddb1ea025245dc8b68] File uploaded with success
2025-10-19-17:36:36 [INFO] [trace_id=dd061aeaeb5c4eddb1ea025245dc8b68] Uploading file to 'bronze/raw/itr_cia_aberta_parecer_2025.csv'...
2025-10-19-17:36:36 [INFO] [trace_id=dd061aeaeb5c4eddb1ea025245dc8b68] File uplodaded with success to 'bronze/raw/itr_cia_aberta_parecer_2025.csv'
2025-10-19-17:36:36 [INFO] [trace_id=dd061aeaeb5c4eddb1ea025245dc8b68] File uploaded with success
2025-10-19-17:36:36 [INFO] [trace_id=dd061aeaeb5c4eddb1ea025245dc8b68] Zip file for 'ITR' downloaded and uploaded to bronze/landing with success
2025-10-19-17:36:36 [INFO] [trace_id=dd061aeaeb5c4eddb1ea025245dc8b68] '2025' uploaded to the bucket with success
2025-10-19-17:36:36 [WARNING] [trace_id=dd061aeaeb5c4eddb1ea025245dc8b68] Skipping DFP download for '2025' because its not available yet...
2025-10-19-17:36:36 [INFO] [trace_id=dd061aeaeb5c4eddb1ea025245dc8b68] Fetching files for '2024'...
2025-10-19-17:36:36 [INFO] [trace_id=dd061aeaeb5c4eddb1ea025245dc8b68] Retrieving the last update date for CVM`s ITR...
2025-10-19-17:36:36 [INFO] [trace_id=dd061aeaeb5c4eddb1ea025245dc8b68] Last update date fetched with success: 2025-10-13T08:01:08
2025-10-19-17:36:36 [INFO] [trace_id=dd061aeaeb5c4eddb1ea025245dc8b68] Checking if a file with this update date already exists in the path 'ambipar-data/bronze/landing'
2025-10-19-17:36:36 [INFO] [trace_id=dd061aeaeb5c4eddb1ea025245dc8b68] There are new files available, starting to download them...
2025-10-19-17:36:36 [INFO] [trace_id=dd061aeaeb5c4eddb1ea025245dc8b68] Starting to download the .zip file from 'https://dados.cvm.gov.br/dados/CIA_ABERTA/DOC/ITR/DADOS/itr_cia_aberta_2024.zip'...
2025-10-19-17:36:38 [INFO] [trace_id=dd061aeaeb5c4eddb1ea025245dc8b68] File uplodaded with success to 'bronze/landing/CVM/cvm_itr-2024-2025-10-13T08:01:08.zip'
2025-10-19-17:36:38 [INFO] [trace_id=dd061aeaeb5c4eddb1ea025245dc8b68] Zip file downloaded and stored to bronze/landing/ with success
2025-10-19-17:36:38 [INFO] [trace_id=dd061aeaeb5c4eddb1ea025245dc8b68] Starting to unzip and upload contents to 'ambipar-data/bronze/raw'...
2025-10-19-17:36:38 [INFO] [trace_id=dd061aeaeb5c4eddb1ea025245dc8b68] Uploading file to 'bronze/raw/itr_cia_aberta_2024.csv'...
2025-10-19-17:36:38 [INFO] [trace_id=dd061aeaeb5c4eddb1ea025245dc8b68] File uplodaded with success to 'bronze/raw/itr_cia_aberta_2024.csv'
2025-10-19-17:36:38 [INFO] [trace_id=dd061aeaeb5c4eddb1ea025245dc8b68] File uploaded with success
2025-10-19-17:36:38 [INFO] [trace_id=dd061aeaeb5c4eddb1ea025245dc8b68] Uploading file to 'bronze/raw/itr_cia_aberta_BPA_con_2024.csv'...
2025-10-19-17:36:38 [INFO] [trace_id=dd061aeaeb5c4eddb1ea025245dc8b68] File uplodaded with success to 'bronze/raw/itr_cia_aberta_BPA_con_2024.csv'
2025-10-19-17:36:38 [INFO] [trace_id=dd061aeaeb5c4eddb1ea025245dc8b68] File uploaded with success
2025-10-19-17:36:38 [INFO] [trace_id=dd061aeaeb5c4eddb1ea025245dc8b68] Uploading file to 'bronze/raw/itr_cia_aberta_BPA_ind_2024.csv'...
2025-10-19-17:36:39 [INFO] [trace_id=dd061aeaeb5c4eddb1ea025245dc8b68] File uplodaded with success to 'bronze/raw/itr_cia_aberta_BPA_ind_2024.csv'
2025-10-19-17:36:39 [INFO] [trace_id=dd061aeaeb5c4eddb1ea025245dc8b68] File uploaded with success
2025-10-19-17:36:39 [INFO] [trace_id=dd061aeaeb5c4eddb1ea025245dc8b68] Uploading file to 'bronze/raw/itr_cia_aberta_BPP_con_2024.csv'...
2025-10-19-17:36:39 [INFO] [trace_id=dd061aeaeb5c4eddb1ea025245dc8b68] File uplodaded with success to 'bronze/raw/itr_cia_aberta_BPP_con_2024.csv'
2025-10-19-17:36:39 [INFO] [trace_id=dd061aeaeb5c4eddb1ea025245dc8b68] File uploaded with success
2025-10-19-17:36:39 [INFO] [trace_id=dd061aeaeb5c4eddb1ea025245dc8b68] Uploading file to 'bronze/raw/itr_cia_aberta_BPP_ind_2024.csv'...
2025-10-19-17:36:40 [INFO] [trace_id=dd061aeaeb5c4eddb1ea025245dc8b68] File uplodaded with success to 'bronze/raw/itr_cia_aberta_BPP_ind_2024.csv'
2025-10-19-17:36:40 [INFO] [trace_id=dd061aeaeb5c4eddb1ea025245dc8b68] File uploaded with success
2025-10-19-17:36:40 [INFO] [trace_id=dd061aeaeb5c4eddb1ea025245dc8b68] Uploading file to 'bronze/raw/itr_cia_aberta_composicao_capital_2024.csv'...
2025-10-19-17:36:40 [INFO] [trace_id=dd061aeaeb5c4eddb1ea025245dc8b68] File uplodaded with success to 'bronze/raw/itr_cia_aberta_composicao_capital_2024.csv'
2025-10-19-17:36:40 [INFO] [trace_id=dd061aeaeb5c4eddb1ea025245dc8b68] File uploaded with success
2025-10-19-17:36:40 [INFO] [trace_id=dd061aeaeb5c4eddb1ea025245dc8b68] Uploading file to 'bronze/raw/itr_cia_aberta_DFC_MD_con_2024.csv'...
2025-10-19-17:36:40 [INFO] [trace_id=dd061aeaeb5c4eddb1ea025245dc8b68] File uplodaded with success to 'bronze/raw/itr_cia_aberta_DFC_MD_con_2024.csv'
2025-10-19-17:36:40 [INFO] [trace_id=dd061aeaeb5c4eddb1ea025245dc8b68] File uploaded with success
2025-10-19-17:36:40 [INFO] [trace_id=dd061aeaeb5c4eddb1ea025245dc8b68] Uploading file to 'bronze/raw/itr_cia_aberta_DFC_MD_ind_2024.csv'...
2025-10-19-17:36:40 [INFO] [trace_id=dd061aeaeb5c4eddb1ea025245dc8b68] File uplodaded with success to 'bronze/raw/itr_cia_aberta_DFC_MD_ind_2024.csv'
2025-10-19-17:36:40 [INFO] [trace_id=dd061aeaeb5c4eddb1ea025245dc8b68] File uploaded with success
2025-10-19-17:36:40 [INFO] [trace_id=dd061aeaeb5c4eddb1ea025245dc8b68] Uploading file to 'bronze/raw/itr_cia_aberta_DFC_MI_con_2024.csv'...
2025-10-19-17:36:40 [INFO] [trace_id=dd061aeaeb5c4eddb1ea025245dc8b68] File uplodaded with success to 'bronze/raw/itr_cia_aberta_DFC_MI_con_2024.csv'
2025-10-19-17:36:40 [INFO] [trace_id=dd061aeaeb5c4eddb1ea025245dc8b68] File uploaded with success
2025-10-19-17:36:40 [INFO] [trace_id=dd061aeaeb5c4eddb1ea025245dc8b68] Uploading file to 'bronze/raw/itr_cia_aberta_DFC_MI_ind_2024.csv'...
2025-10-19-17:36:40 [INFO] [trace_id=dd061aeaeb5c4eddb1ea025245dc8b68] File uplodaded with success to 'bronze/raw/itr_cia_aberta_DFC_MI_ind_2024.csv'
2025-10-19-17:36:40 [INFO] [trace_id=dd061aeaeb5c4eddb1ea025245dc8b68] File uploaded with success
2025-10-19-17:36:41 [INFO] [trace_id=dd061aeaeb5c4eddb1ea025245dc8b68] Uploading file to 'bronze/raw/itr_cia_aberta_DMPL_con_2024.csv'...
2025-10-19-17:36:44 [INFO] [trace_id=dd061aeaeb5c4eddb1ea025245dc8b68] File uplodaded with success to 'bronze/raw/itr_cia_aberta_DMPL_con_2024.csv'
2025-10-19-17:36:44 [INFO] [trace_id=dd061aeaeb5c4eddb1ea025245dc8b68] File uploaded with success
2025-10-19-17:36:44 [INFO] [trace_id=dd061aeaeb5c4eddb1ea025245dc8b68] Uploading file to 'bronze/raw/itr_cia_aberta_DMPL_ind_2024.csv'...
2025-10-19-17:36:49 [INFO] [trace_id=dd061aeaeb5c4eddb1ea025245dc8b68] File uplodaded with success to 'bronze/raw/itr_cia_aberta_DMPL_ind_2024.csv'
2025-10-19-17:36:49 [INFO] [trace_id=dd061aeaeb5c4eddb1ea025245dc8b68] File uploaded with success
2025-10-19-17:36:49 [INFO] [trace_id=dd061aeaeb5c4eddb1ea025245dc8b68] Uploading file to 'bronze/raw/itr_cia_aberta_DRA_con_2024.csv'...
2025-10-19-17:36:49 [INFO] [trace_id=dd061aeaeb5c4eddb1ea025245dc8b68] File uplodaded with success to 'bronze/raw/itr_cia_aberta_DRA_con_2024.csv'
2025-10-19-17:36:49 [INFO] [trace_id=dd061aeaeb5c4eddb1ea025245dc8b68] File uploaded with success
2025-10-19-17:36:49 [INFO] [trace_id=dd061aeaeb5c4eddb1ea025245dc8b68] Uploading file to 'bronze/raw/itr_cia_aberta_DRA_ind_2024.csv'...
2025-10-19-17:36:49 [INFO] [trace_id=dd061aeaeb5c4eddb1ea025245dc8b68] File uplodaded with success to 'bronze/raw/itr_cia_aberta_DRA_ind_2024.csv'
2025-10-19-17:36:49 [INFO] [trace_id=dd061aeaeb5c4eddb1ea025245dc8b68] File uploaded with success
2025-10-19-17:36:49 [INFO] [trace_id=dd061aeaeb5c4eddb1ea025245dc8b68] Uploading file to 'bronze/raw/itr_cia_aberta_DRE_con_2024.csv'...
2025-10-19-17:36:49 [INFO] [trace_id=dd061aeaeb5c4eddb1ea025245dc8b68] File uplodaded with success to 'bronze/raw/itr_cia_aberta_DRE_con_2024.csv'
2025-10-19-17:36:49 [INFO] [trace_id=dd061aeaeb5c4eddb1ea025245dc8b68] File uploaded with success
2025-10-19-17:36:49 [INFO] [trace_id=dd061aeaeb5c4eddb1ea025245dc8b68] Uploading file to 'bronze/raw/itr_cia_aberta_DRE_ind_2024.csv'...
2025-10-19-17:36:50 [INFO] [trace_id=dd061aeaeb5c4eddb1ea025245dc8b68] File uplodaded with success to 'bronze/raw/itr_cia_aberta_DRE_ind_2024.csv'
2025-10-19-17:36:50 [INFO] [trace_id=dd061aeaeb5c4eddb1ea025245dc8b68] File uploaded with success
2025-10-19-17:36:50 [INFO] [trace_id=dd061aeaeb5c4eddb1ea025245dc8b68] Uploading file to 'bronze/raw/itr_cia_aberta_DVA_con_2024.csv'...
2025-10-19-17:36:50 [INFO] [trace_id=dd061aeaeb5c4eddb1ea025245dc8b68] File uplodaded with success to 'bronze/raw/itr_cia_aberta_DVA_con_2024.csv'
2025-10-19-17:36:50 [INFO] [trace_id=dd061aeaeb5c4eddb1ea025245dc8b68] File uploaded with success
2025-10-19-17:36:50 [INFO] [trace_id=dd061aeaeb5c4eddb1ea025245dc8b68] Uploading file to 'bronze/raw/itr_cia_aberta_DVA_ind_2024.csv'...
2025-10-19-17:36:50 [INFO] [trace_id=dd061aeaeb5c4eddb1ea025245dc8b68] File uplodaded with success to 'bronze/raw/itr_cia_aberta_DVA_ind_2024.csv'
2025-10-19-17:36:50 [INFO] [trace_id=dd061aeaeb5c4eddb1ea025245dc8b68] File uploaded with success
2025-10-19-17:36:50 [INFO] [trace_id=dd061aeaeb5c4eddb1ea025245dc8b68] Uploading file to 'bronze/raw/itr_cia_aberta_parecer_2024.csv'...
2025-10-19-17:36:50 [INFO] [trace_id=dd061aeaeb5c4eddb1ea025245dc8b68] File uplodaded with success to 'bronze/raw/itr_cia_aberta_parecer_2024.csv'
2025-10-19-17:36:50 [INFO] [trace_id=dd061aeaeb5c4eddb1ea025245dc8b68] File uploaded with success
2025-10-19-17:36:50 [INFO] [trace_id=dd061aeaeb5c4eddb1ea025245dc8b68] Zip file for 'ITR' downloaded and uploaded to bronze/landing with success
2025-10-19-17:36:50 [INFO] [trace_id=dd061aeaeb5c4eddb1ea025245dc8b68] '2024' uploaded to the bucket with success
2025-10-19-17:36:50 [INFO] [trace_id=dd061aeaeb5c4eddb1ea025245dc8b68] Fetching files for '2024'...
2025-10-19-17:36:50 [INFO] [trace_id=dd061aeaeb5c4eddb1ea025245dc8b68] Retrieving the last update date for CVM`s DFP...
2025-10-19-17:36:51 [INFO] [trace_id=dd061aeaeb5c4eddb1ea025245dc8b68] Last update date fetched with success: 2025-10-13T08:01:03
2025-10-19-17:36:51 [INFO] [trace_id=dd061aeaeb5c4eddb1ea025245dc8b68] Checking if a file with this update date already exists in the path 'ambipar-data/bronze/landing'
2025-10-19-17:36:51 [INFO] [trace_id=dd061aeaeb5c4eddb1ea025245dc8b68] There are new files available, starting to download them...
2025-10-19-17:36:51 [INFO] [trace_id=dd061aeaeb5c4eddb1ea025245dc8b68] Starting to download the .zip file from 'https://dados.cvm.gov.br/dados/CIA_ABERTA/DOC/DFP/DADOS/dfp_cia_aberta_2024.zip'...
2025-10-19-17:36:51 [INFO] [trace_id=dd061aeaeb5c4eddb1ea025245dc8b68] File uplodaded with success to 'bronze/landing/CVM/dfp_cia_aberta-2024-2025-10-13T08:01:03.zip'
2025-10-19-17:36:51 [INFO] [trace_id=dd061aeaeb5c4eddb1ea025245dc8b68] Zip file downloaded and stored to bronze/landing/ with success
2025-10-19-17:36:51 [INFO] [trace_id=dd061aeaeb5c4eddb1ea025245dc8b68] Starting to unzip and upload contents to 'ambipar-data/bronze/raw'...
2025-10-19-17:36:51 [INFO] [trace_id=dd061aeaeb5c4eddb1ea025245dc8b68] Uploading file to 'bronze/raw/dfp_cia_aberta_2024.csv'...
2025-10-19-17:36:52 [INFO] [trace_id=dd061aeaeb5c4eddb1ea025245dc8b68] File uplodaded with success to 'bronze/raw/dfp_cia_aberta_2024.csv'
2025-10-19-17:36:52 [INFO] [trace_id=dd061aeaeb5c4eddb1ea025245dc8b68] File uploaded with success
2025-10-19-17:36:52 [INFO] [trace_id=dd061aeaeb5c4eddb1ea025245dc8b68] Uploading file to 'bronze/raw/dfp_cia_aberta_BPA_con_2024.csv'...
2025-10-19-17:36:52 [INFO] [trace_id=dd061aeaeb5c4eddb1ea025245dc8b68] File uplodaded with success to 'bronze/raw/dfp_cia_aberta_BPA_con_2024.csv'
2025-10-19-17:36:52 [INFO] [trace_id=dd061aeaeb5c4eddb1ea025245dc8b68] File uploaded with success
2025-10-19-17:36:52 [INFO] [trace_id=dd061aeaeb5c4eddb1ea025245dc8b68] Uploading file to 'bronze/raw/dfp_cia_aberta_BPA_ind_2024.csv'...
2025-10-19-17:36:52 [INFO] [trace_id=dd061aeaeb5c4eddb1ea025245dc8b68] File uplodaded with success to 'bronze/raw/dfp_cia_aberta_BPA_ind_2024.csv'
2025-10-19-17:36:52 [INFO] [trace_id=dd061aeaeb5c4eddb1ea025245dc8b68] File uploaded with success
2025-10-19-17:36:52 [INFO] [trace_id=dd061aeaeb5c4eddb1ea025245dc8b68] Uploading file to 'bronze/raw/dfp_cia_aberta_BPP_con_2024.csv'...
2025-10-19-17:36:52 [INFO] [trace_id=dd061aeaeb5c4eddb1ea025245dc8b68] File uplodaded with success to 'bronze/raw/dfp_cia_aberta_BPP_con_2024.csv'
2025-10-19-17:36:52 [INFO] [trace_id=dd061aeaeb5c4eddb1ea025245dc8b68] File uploaded with success
2025-10-19-17:36:52 [INFO] [trace_id=dd061aeaeb5c4eddb1ea025245dc8b68] Uploading file to 'bronze/raw/dfp_cia_aberta_BPP_ind_2024.csv'...
2025-10-19-17:36:52 [INFO] [trace_id=dd061aeaeb5c4eddb1ea025245dc8b68] File uplodaded with success to 'bronze/raw/dfp_cia_aberta_BPP_ind_2024.csv'
2025-10-19-17:36:52 [INFO] [trace_id=dd061aeaeb5c4eddb1ea025245dc8b68] File uploaded with success
2025-10-19-17:36:52 [INFO] [trace_id=dd061aeaeb5c4eddb1ea025245dc8b68] Uploading file to 'bronze/raw/dfp_cia_aberta_composicao_capital_2024.csv'...
2025-10-19-17:36:52 [INFO] [trace_id=dd061aeaeb5c4eddb1ea025245dc8b68] File uplodaded with success to 'bronze/raw/dfp_cia_aberta_composicao_capital_2024.csv'
2025-10-19-17:36:52 [INFO] [trace_id=dd061aeaeb5c4eddb1ea025245dc8b68] File uploaded with success
2025-10-19-17:36:52 [INFO] [trace_id=dd061aeaeb5c4eddb1ea025245dc8b68] Uploading file to 'bronze/raw/dfp_cia_aberta_DFC_MD_con_2024.csv'...
2025-10-19-17:36:52 [INFO] [trace_id=dd061aeaeb5c4eddb1ea025245dc8b68] File uplodaded with success to 'bronze/raw/dfp_cia_aberta_DFC_MD_con_2024.csv'
2025-10-19-17:36:52 [INFO] [trace_id=dd061aeaeb5c4eddb1ea025245dc8b68] File uploaded with success
2025-10-19-17:36:52 [INFO] [trace_id=dd061aeaeb5c4eddb1ea025245dc8b68] Uploading file to 'bronze/raw/dfp_cia_aberta_DFC_MD_ind_2024.csv'...
2025-10-19-17:36:53 [INFO] [trace_id=dd061aeaeb5c4eddb1ea025245dc8b68] File uplodaded with success to 'bronze/raw/dfp_cia_aberta_DFC_MD_ind_2024.csv'
2025-10-19-17:36:53 [INFO] [trace_id=dd061aeaeb5c4eddb1ea025245dc8b68] File uploaded with success
2025-10-19-17:36:53 [INFO] [trace_id=dd061aeaeb5c4eddb1ea025245dc8b68] Uploading file to 'bronze/raw/dfp_cia_aberta_DFC_MI_con_2024.csv'...
2025-10-19-17:36:53 [INFO] [trace_id=dd061aeaeb5c4eddb1ea025245dc8b68] File uplodaded with success to 'bronze/raw/dfp_cia_aberta_DFC_MI_con_2024.csv'
2025-10-19-17:36:53 [INFO] [trace_id=dd061aeaeb5c4eddb1ea025245dc8b68] File uploaded with success
2025-10-19-17:36:53 [INFO] [trace_id=dd061aeaeb5c4eddb1ea025245dc8b68] Uploading file to 'bronze/raw/dfp_cia_aberta_DFC_MI_ind_2024.csv'...
2025-10-19-17:36:53 [INFO] [trace_id=dd061aeaeb5c4eddb1ea025245dc8b68] File uplodaded with success to 'bronze/raw/dfp_cia_aberta_DFC_MI_ind_2024.csv'
2025-10-19-17:36:53 [INFO] [trace_id=dd061aeaeb5c4eddb1ea025245dc8b68] File uploaded with success
2025-10-19-17:36:53 [INFO] [trace_id=dd061aeaeb5c4eddb1ea025245dc8b68] Uploading file to 'bronze/raw/dfp_cia_aberta_DMPL_con_2024.csv'...
2025-10-19-17:36:53 [INFO] [trace_id=dd061aeaeb5c4eddb1ea025245dc8b68] File uplodaded with success to 'bronze/raw/dfp_cia_aberta_DMPL_con_2024.csv'
2025-10-19-17:36:53 [INFO] [trace_id=dd061aeaeb5c4eddb1ea025245dc8b68] File uploaded with success
2025-10-19-17:36:53 [INFO] [trace_id=dd061aeaeb5c4eddb1ea025245dc8b68] Uploading file to 'bronze/raw/dfp_cia_aberta_DMPL_ind_2024.csv'...
2025-10-19-17:36:55 [INFO] [trace_id=dd061aeaeb5c4eddb1ea025245dc8b68] File uplodaded with success to 'bronze/raw/dfp_cia_aberta_DMPL_ind_2024.csv'
2025-10-19-17:36:55 [INFO] [trace_id=dd061aeaeb5c4eddb1ea025245dc8b68] File uploaded with success
2025-10-19-17:36:55 [INFO] [trace_id=dd061aeaeb5c4eddb1ea025245dc8b68] Uploading file to 'bronze/raw/dfp_cia_aberta_DRA_con_2024.csv'...
2025-10-19-17:36:55 [INFO] [trace_id=dd061aeaeb5c4eddb1ea025245dc8b68] File uplodaded with success to 'bronze/raw/dfp_cia_aberta_DRA_con_2024.csv'
2025-10-19-17:36:55 [INFO] [trace_id=dd061aeaeb5c4eddb1ea025245dc8b68] File uploaded with success
2025-10-19-17:36:55 [INFO] [trace_id=dd061aeaeb5c4eddb1ea025245dc8b68] Uploading file to 'bronze/raw/dfp_cia_aberta_DRA_ind_2024.csv'...
2025-10-19-17:36:55 [INFO] [trace_id=dd061aeaeb5c4eddb1ea025245dc8b68] File uplodaded with success to 'bronze/raw/dfp_cia_aberta_DRA_ind_2024.csv'
2025-10-19-17:36:55 [INFO] [trace_id=dd061aeaeb5c4eddb1ea025245dc8b68] File uploaded with success
2025-10-19-17:36:55 [INFO] [trace_id=dd061aeaeb5c4eddb1ea025245dc8b68] Uploading file to 'bronze/raw/dfp_cia_aberta_DRE_con_2024.csv'...
2025-10-19-17:36:55 [INFO] [trace_id=dd061aeaeb5c4eddb1ea025245dc8b68] File uplodaded with success to 'bronze/raw/dfp_cia_aberta_DRE_con_2024.csv'
2025-10-19-17:36:55 [INFO] [trace_id=dd061aeaeb5c4eddb1ea025245dc8b68] File uploaded with success
2025-10-19-17:36:55 [INFO] [trace_id=dd061aeaeb5c4eddb1ea025245dc8b68] Uploading file to 'bronze/raw/dfp_cia_aberta_DRE_ind_2024.csv'...
2025-10-19-17:36:56 [INFO] [trace_id=dd061aeaeb5c4eddb1ea025245dc8b68] File uplodaded with success to 'bronze/raw/dfp_cia_aberta_DRE_ind_2024.csv'
2025-10-19-17:36:56 [INFO] [trace_id=dd061aeaeb5c4eddb1ea025245dc8b68] File uploaded with success
2025-10-19-17:36:56 [INFO] [trace_id=dd061aeaeb5c4eddb1ea025245dc8b68] Uploading file to 'bronze/raw/dfp_cia_aberta_DVA_con_2024.csv'...
2025-10-19-17:36:56 [INFO] [trace_id=dd061aeaeb5c4eddb1ea025245dc8b68] File uplodaded with success to 'bronze/raw/dfp_cia_aberta_DVA_con_2024.csv'
2025-10-19-17:36:56 [INFO] [trace_id=dd061aeaeb5c4eddb1ea025245dc8b68] File uploaded with success
2025-10-19-17:36:56 [INFO] [trace_id=dd061aeaeb5c4eddb1ea025245dc8b68] Uploading file to 'bronze/raw/dfp_cia_aberta_DVA_ind_2024.csv'...
2025-10-19-17:36:57 [INFO] [trace_id=dd061aeaeb5c4eddb1ea025245dc8b68] File uplodaded with success to 'bronze/raw/dfp_cia_aberta_DVA_ind_2024.csv'
2025-10-19-17:36:57 [INFO] [trace_id=dd061aeaeb5c4eddb1ea025245dc8b68] File uploaded with success
2025-10-19-17:36:57 [INFO] [trace_id=dd061aeaeb5c4eddb1ea025245dc8b68] Uploading file to 'bronze/raw/dfp_cia_aberta_parecer_2024.csv'...
2025-10-19-17:36:57 [INFO] [trace_id=dd061aeaeb5c4eddb1ea025245dc8b68] File uplodaded with success to 'bronze/raw/dfp_cia_aberta_parecer_2024.csv'
2025-10-19-17:36:57 [INFO] [trace_id=dd061aeaeb5c4eddb1ea025245dc8b68] File uploaded with success
2025-10-19-17:36:57 [INFO] [trace_id=dd061aeaeb5c4eddb1ea025245dc8b68] Zip file for 'DFP' downloaded and uploaded to bronze/landing with success
2025-10-19-17:36:57 [INFO] [trace_id=dd061aeaeb5c4eddb1ea025245dc8b68] '2024' uploaded to the bucket with success
2025-10-19-17:36:57 [INFO] [trace_id=dd061aeaeb5c4eddb1ea025245dc8b68] Fetching files for '2023'...
2025-10-19-17:36:57 [INFO] [trace_id=dd061aeaeb5c4eddb1ea025245dc8b68] Retrieving the last update date for CVM`s ITR...
2025-10-19-17:36:57 [INFO] [trace_id=dd061aeaeb5c4eddb1ea025245dc8b68] Last update date fetched with success: 2025-10-13T08:01:08
2025-10-19-17:36:57 [INFO] [trace_id=dd061aeaeb5c4eddb1ea025245dc8b68] Checking if a file with this update date already exists in the path 'ambipar-data/bronze/landing'
2025-10-19-17:36:57 [INFO] [trace_id=dd061aeaeb5c4eddb1ea025245dc8b68] There are new files available, starting to download them...
2025-10-19-17:36:57 [INFO] [trace_id=dd061aeaeb5c4eddb1ea025245dc8b68] Starting to download the .zip file from 'https://dados.cvm.gov.br/dados/CIA_ABERTA/DOC/ITR/DADOS/itr_cia_aberta_2023.zip'...
2025-10-19-17:36:59 [INFO] [trace_id=dd061aeaeb5c4eddb1ea025245dc8b68] File uplodaded with success to 'bronze/landing/CVM/cvm_itr-2023-2025-10-13T08:01:08.zip'
2025-10-19-17:36:59 [INFO] [trace_id=dd061aeaeb5c4eddb1ea025245dc8b68] Zip file downloaded and stored to bronze/landing/ with success
2025-10-19-17:36:59 [INFO] [trace_id=dd061aeaeb5c4eddb1ea025245dc8b68] Starting to unzip and upload contents to 'ambipar-data/bronze/raw'...
2025-10-19-17:36:59 [INFO] [trace_id=dd061aeaeb5c4eddb1ea025245dc8b68] Uploading file to 'bronze/raw/itr_cia_aberta_2023.csv'...
2025-10-19-17:36:59 [INFO] [trace_id=dd061aeaeb5c4eddb1ea025245dc8b68] File uplodaded with success to 'bronze/raw/itr_cia_aberta_2023.csv'
2025-10-19-17:36:59 [INFO] [trace_id=dd061aeaeb5c4eddb1ea025245dc8b68] File uploaded with success
2025-10-19-17:37:00 [INFO] [trace_id=dd061aeaeb5c4eddb1ea025245dc8b68] Uploading file to 'bronze/raw/itr_cia_aberta_BPA_con_2023.csv'...
2025-10-19-17:37:02 [INFO] [trace_id=dd061aeaeb5c4eddb1ea025245dc8b68] File uplodaded with success to 'bronze/raw/itr_cia_aberta_BPA_con_2023.csv'
2025-10-19-17:37:02 [INFO] [trace_id=dd061aeaeb5c4eddb1ea025245dc8b68] File uploaded with success
2025-10-19-17:37:02 [INFO] [trace_id=dd061aeaeb5c4eddb1ea025245dc8b68] Uploading file to 'bronze/raw/itr_cia_aberta_BPA_ind_2023.csv'...
2025-10-19-17:37:04 [INFO] [trace_id=dd061aeaeb5c4eddb1ea025245dc8b68] File uplodaded with success to 'bronze/raw/itr_cia_aberta_BPA_ind_2023.csv'
2025-10-19-17:37:04 [INFO] [trace_id=dd061aeaeb5c4eddb1ea025245dc8b68] File uploaded with success
2025-10-19-17:37:05 [INFO] [trace_id=dd061aeaeb5c4eddb1ea025245dc8b68] Uploading file to 'bronze/raw/itr_cia_aberta_BPP_con_2023.csv'...
2025-10-19-17:37:04 [INFO] [trace_id=dd061aeaeb5c4eddb1ea025245dc8b68] File uplodaded with success to 'bronze/raw/itr_cia_aberta_BPP_con_2023.csv'
2025-10-19-17:37:04 [INFO] [trace_id=dd061aeaeb5c4eddb1ea025245dc8b68] File uploaded with success
2025-10-19-17:37:04 [INFO] [trace_id=dd061aeaeb5c4eddb1ea025245dc8b68] Uploading file to 'bronze/raw/itr_cia_aberta_BPP_ind_2023.csv'...
2025-10-19-17:37:08 [INFO] [trace_id=dd061aeaeb5c4eddb1ea025245dc8b68] File uplodaded with success to 'bronze/raw/itr_cia_aberta_BPP_ind_2023.csv'
2025-10-19-17:37:08 [INFO] [trace_id=dd061aeaeb5c4eddb1ea025245dc8b68] File uploaded with success
2025-10-19-17:37:08 [INFO] [trace_id=dd061aeaeb5c4eddb1ea025245dc8b68] Uploading file to 'bronze/raw/itr_cia_aberta_composicao_capital_2023.csv'...
2025-10-19-17:37:08 [INFO] [trace_id=dd061aeaeb5c4eddb1ea025245dc8b68] File uplodaded with success to 'bronze/raw/itr_cia_aberta_composicao_capital_2023.csv'
2025-10-19-17:37:08 [INFO] [trace_id=dd061aeaeb5c4eddb1ea025245dc8b68] File uploaded with success
2025-10-19-17:37:08 [INFO] [trace_id=dd061aeaeb5c4eddb1ea025245dc8b68] Uploading file to 'bronze/raw/itr_cia_aberta_DFC_MD_con_2023.csv'...
2025-10-19-17:37:08 [INFO] [trace_id=dd061aeaeb5c4eddb1ea025245dc8b68] File uplodaded with success to 'bronze/raw/itr_cia_aberta_DFC_MD_con_2023.csv'
2025-10-19-17:37:08 [INFO] [trace_id=dd061aeaeb5c4eddb1ea025245dc8b68] File uploaded with success
2025-10-19-17:37:08 [INFO] [trace_id=dd061aeaeb5c4eddb1ea025245dc8b68] Uploading file to 'bronze/raw/itr_cia_aberta_DFC_MD_ind_2023.csv'...
2025-10-19-17:37:09 [INFO] [trace_id=dd061aeaeb5c4eddb1ea025245dc8b68] File uplodaded with success to 'bronze/raw/itr_cia_aberta_DFC_MD_ind_2023.csv'
2025-10-19-17:37:09 [INFO] [trace_id=dd061aeaeb5c4eddb1ea025245dc8b68] File uploaded with success
2025-10-19-17:37:09 [INFO] [trace_id=dd061aeaeb5c4eddb1ea025245dc8b68] Uploading file to 'bronze/raw/itr_cia_aberta_DFC_MI_con_2023.csv'...
2025-10-19-17:37:10 [INFO] [trace_id=dd061aeaeb5c4eddb1ea025245dc8b68] File uplodaded with success to 'bronze/raw/itr_cia_aberta_DFC_MI_con_2023.csv'
2025-10-19-17:37:10 [INFO] [trace_id=dd061aeaeb5c4eddb1ea025245dc8b68] File uploaded with success
2025-10-19-17:37:10 [INFO] [trace_id=dd061aeaeb5c4eddb1ea025245dc8b68] Uploading file to 'bronze/raw/itr_cia_aberta_DFC_MI_ind_2023.csv'...
2025-10-19-17:37:12 [INFO] [trace_id=dd061aeaeb5c4eddb1ea025245dc8b68] File uplodaded with success to 'bronze/raw/itr_cia_aberta_DFC_MI_ind_2023.csv'
2025-10-19-17:37:12 [INFO] [trace_id=dd061aeaeb5c4eddb1ea025245dc8b68] File uploaded with success
2025-10-19-17:37:12 [INFO] [trace_id=dd061aeaeb5c4eddb1ea025245dc8b68] Uploading file to 'bronze/raw/itr_cia_aberta_DMPL_con_2023.csv'...
2025-10-19-17:37:17 [INFO] [trace_id=dd061aeaeb5c4eddb1ea025245dc8b68] File uplodaded with success to 'bronze/raw/itr_cia_aberta_DMPL_con_2023.csv'
2025-10-19-17:37:17 [INFO] [trace_id=dd061aeaeb5c4eddb1ea025245dc8b68] File uploaded with success
2025-10-19-17:37:17 [INFO] [trace_id=dd061aeaeb5c4eddb1ea025245dc8b68] Uploading file to 'bronze/raw/itr_cia_aberta_DMPL_ind_2023.csv'...
2025-10-19-17:37:18 [INFO] [trace_id=dd061aeaeb5c4eddb1ea025245dc8b68] File uplodaded with success to 'bronze/raw/itr_cia_aberta_DMPL_ind_2023.csv'
2025-10-19-17:37:18 [INFO] [trace_id=dd061aeaeb5c4eddb1ea025245dc8b68] File uploaded with success
2025-10-19-17:37:18 [INFO] [trace_id=dd061aeaeb5c4eddb1ea025245dc8b68] Uploading file to 'bronze/raw/itr_cia_aberta_DRA_con_2023.csv'...
2025-10-19-17:37:18 [INFO] [trace_id=dd061aeaeb5c4eddb1ea025245dc8b68] File uplodaded with success to 'bronze/raw/itr_cia_aberta_DRA_con_2023.csv'
2025-10-19-17:37:18 [INFO] [trace_id=dd061aeaeb5c4eddb1ea025245dc8b68] File uploaded with success
2025-10-19-17:37:18 [INFO] [trace_id=dd061aeaeb5c4eddb1ea025245dc8b68] Uploading file to 'bronze/raw/itr_cia_aberta_DRA_ind_2023.csv'...
2025-10-19-17:37:19 [INFO] [trace_id=dd061aeaeb5c4eddb1ea025245dc8b68] File uplodaded with success to 'bronze/raw/itr_cia_aberta_DRA_ind_2023.csv'
2025-10-19-17:37:19 [INFO] [trace_id=dd061aeaeb5c4eddb1ea025245dc8b68] File uploaded with success
2025-10-19-17:37:19 [INFO] [trace_id=dd061aeaeb5c4eddb1ea025245dc8b68] Uploading file to 'bronze/raw/itr_cia_aberta_DRE_con_2023.csv'...
2025-10-19-17:37:19 [INFO] [trace_id=dd061aeaeb5c4eddb1ea025245dc8b68] File uplodaded with success to 'bronze/raw/itr_cia_aberta_DRE_con_2023.csv'
2025-10-19-17:37:19 [INFO] [trace_id=dd061aeaeb5c4eddb1ea025245dc8b68] File uploaded with success
2025-10-19-17:37:19 [INFO] [trace_id=dd061aeaeb5c4eddb1ea025245dc8b68] Uploading file to 'bronze/raw/itr_cia_aberta_DRE_ind_2023.csv'...
2025-10-19-17:37:19 [INFO] [trace_id=dd061aeaeb5c4eddb1ea025245dc8b68] File uplodaded with success to 'bronze/raw/itr_cia_aberta_DRE_ind_2023.csv'
2025-10-19-17:37:19 [INFO] [trace_id=dd061aeaeb5c4eddb1ea025245dc8b68] File uploaded with success
2025-10-19-17:37:19 [INFO] [trace_id=dd061aeaeb5c4eddb1ea025245dc8b68] Uploading file to 'bronze/raw/itr_cia_aberta_DVA_con_2023.csv'...
2025-10-19-17:37:19 [INFO] [trace_id=dd061aeaeb5c4eddb1ea025245dc8b68] File uplodaded with success to 'bronze/raw/itr_cia_aberta_DVA_con_2023.csv'
2025-10-19-17:37:19 [INFO] [trace_id=dd061aeaeb5c4eddb1ea025245dc8b68] File uploaded with success
2025-10-19-17:37:20 [INFO] [trace_id=dd061aeaeb5c4eddb1ea025245dc8b68] Uploading file to 'bronze/raw/itr_cia_aberta_DVA_ind_2023.csv'...
2025-10-19-17:37:20 [INFO] [trace_id=dd061aeaeb5c4eddb1ea025245dc8b68] File uplodaded with success to 'bronze/raw/itr_cia_aberta_DVA_ind_2023.csv'
2025-10-19-17:37:20 [INFO] [trace_id=dd061aeaeb5c4eddb1ea025245dc8b68] File uploaded with success
2025-10-19-17:37:20 [INFO] [trace_id=dd061aeaeb5c4eddb1ea025245dc8b68] Uploading file to 'bronze/raw/itr_cia_aberta_parecer_2023.csv'...
2025-10-19-17:37:20 [INFO] [trace_id=dd061aeaeb5c4eddb1ea025245dc8b68] File uplodaded with success to 'bronze/raw/itr_cia_aberta_parecer_2023.csv'
2025-10-19-17:37:20 [INFO] [trace_id=dd061aeaeb5c4eddb1ea025245dc8b68] File uploaded with success
2025-10-19-17:37:20 [INFO] [trace_id=dd061aeaeb5c4eddb1ea025245dc8b68] Zip file for 'ITR' downloaded and uploaded to bronze/landing with success
2025-10-19-17:37:20 [INFO] [trace_id=dd061aeaeb5c4eddb1ea025245dc8b68] '2023' uploaded to the bucket with success
2025-10-19-17:37:20 [INFO] [trace_id=dd061aeaeb5c4eddb1ea025245dc8b68] Fetching files for '2023'...
2025-10-19-17:37:20 [INFO] [trace_id=dd061aeaeb5c4eddb1ea025245dc8b68] Retrieving the last update date for CVM`s DFP...
2025-10-19-17:37:20 [INFO] [trace_id=dd061aeaeb5c4eddb1ea025245dc8b68] Last update date fetched with success: 2025-10-13T08:01:03
2025-10-19-17:37:20 [INFO] [trace_id=dd061aeaeb5c4eddb1ea025245dc8b68] Checking if a file with this update date already exists in the path 'ambipar-data/bronze/landing'
2025-10-19-17:37:20 [INFO] [trace_id=dd061aeaeb5c4eddb1ea025245dc8b68] There are new files available, starting to download them...
2025-10-19-17:37:20 [INFO] [trace_id=dd061aeaeb5c4eddb1ea025245dc8b68] Starting to download the .zip file from 'https://dados.cvm.gov.br/dados/CIA_ABERTA/DOC/DFP/DADOS/dfp_cia_aberta_2023.zip'...
2025-10-19-17:37:22 [INFO] [trace_id=dd061aeaeb5c4eddb1ea025245dc8b68] File uplodaded with success to 'bronze/landing/CVM/dfp_cia_aberta-2023-2025-10-13T08:01:03.zip'
2025-10-19-17:37:22 [INFO] [trace_id=dd061aeaeb5c4eddb1ea025245dc8b68] Zip file downloaded and stored to bronze/landing/ with success
2025-10-19-17:37:22 [INFO] [trace_id=dd061aeaeb5c4eddb1ea025245dc8b68] Starting to unzip and upload contents to 'ambipar-data/bronze/raw'...
2025-10-19-17:37:22 [INFO] [trace_id=dd061aeaeb5c4eddb1ea025245dc8b68] Uploading file to 'bronze/raw/dfp_cia_aberta_2023.csv'...
2025-10-19-17:37:22 [INFO] [trace_id=dd061aeaeb5c4eddb1ea025245dc8b68] File uplodaded with success to 'bronze/raw/dfp_cia_aberta_2023.csv'
2025-10-19-17:37:22 [INFO] [trace_id=dd061aeaeb5c4eddb1ea025245dc8b68] File uploaded with success
2025-10-19-17:37:22 [INFO] [trace_id=dd061aeaeb5c4eddb1ea025245dc8b68] Uploading file to 'bronze/raw/dfp_cia_aberta_BPA_con_2023.csv'...
2025-10-19-17:37:22 [INFO] [trace_id=dd061aeaeb5c4eddb1ea025245dc8b68] File uplodaded with success to 'bronze/raw/dfp_cia_aberta_BPA_con_2023.csv'
2025-10-19-17:37:22 [INFO] [trace_id=dd061aeaeb5c4eddb1ea025245dc8b68] File uploaded with success
2025-10-19-17:37:22 [INFO] [trace_id=dd061aeaeb5c4eddb1ea025245dc8b68] Uploading file to 'bronze/raw/dfp_cia_aberta_BPA_ind_2023.csv'...
2025-10-19-17:37:22 [INFO] [trace_id=dd061aeaeb5c4eddb1ea025245dc8b68] File uplodaded with success to 'bronze/raw/dfp_cia_aberta_BPA_ind_2023.csv'
2025-10-19-17:37:22 [INFO] [trace_id=dd061aeaeb5c4eddb1ea025245dc8b68] File uploaded with success
2025-10-19-17:37:22 [INFO] [trace_id=dd061aeaeb5c4eddb1ea025245dc8b68] Uploading file to 'bronze/raw/dfp_cia_aberta_BPP_con_2023.csv'...
2025-10-19-17:37:22 [INFO] [trace_id=dd061aeaeb5c4eddb1ea025245dc8b68] File uplodaded with success to 'bronze/raw/dfp_cia_aberta_BPP_con_2023.csv'
2025-10-19-17:37:22 [INFO] [trace_id=dd061aeaeb5c4eddb1ea025245dc8b68] File uploaded with success
2025-10-19-17:37:22 [INFO] [trace_id=dd061aeaeb5c4eddb1ea025245dc8b68] Uploading file to 'bronze/raw/dfp_cia_aberta_BPP_ind_2023.csv'...
2025-10-19-17:37:23 [INFO] [trace_id=dd061aeaeb5c4eddb1ea025245dc8b68] File uplodaded with success to 'bronze/raw/dfp_cia_aberta_BPP_ind_2023.csv'
2025-10-19-17:37:23 [INFO] [trace_id=dd061aeaeb5c4eddb1ea025245dc8b68] File uploaded with success
2025-10-19-17:37:23 [INFO] [trace_id=dd061aeaeb5c4eddb1ea025245dc8b68] Uploading file to 'bronze/raw/dfp_cia_aberta_composicao_capital_2023.csv'...
2025-10-19-17:37:23 [INFO] [trace_id=dd061aeaeb5c4eddb1ea025245dc8b68] File uplodaded with success to 'bronze/raw/dfp_cia_aberta_composicao_capital_2023.csv'
2025-10-19-17:37:23 [INFO] [trace_id=dd061aeaeb5c4eddb1ea025245dc8b68] File uploaded with success
2025-10-19-17:37:23 [INFO] [trace_id=dd061aeaeb5c4eddb1ea025245dc8b68] Uploading file to 'bronze/raw/dfp_cia_aberta_DFC_MD_con_2023.csv'...
2025-10-19-17:37:23 [INFO] [trace_id=dd061aeaeb5c4eddb1ea025245dc8b68] File uplodaded with success to 'bronze/raw/dfp_cia_aberta_DFC_MD_con_2023.csv'
2025-10-19-17:37:23 [INFO] [trace_id=dd061aeaeb5c4eddb1ea025245dc8b68] File uploaded with success
2025-10-19-17:37:23 [INFO] [trace_id=dd061aeaeb5c4eddb1ea025245dc8b68] Uploading file to 'bronze/raw/dfp_cia_aberta_DFC_MD_ind_2023.csv'...
2025-10-19-17:37:23 [INFO] [trace_id=dd061aeaeb5c4eddb1ea025245dc8b68] File uplodaded with success to 'bronze/raw/dfp_cia_aberta_DFC_MD_ind_2023.csv'
2025-10-19-17:37:23 [INFO] [trace_id=dd061aeaeb5c4eddb1ea025245dc8b68] File uploaded with success
2025-10-19-17:37:23 [INFO] [trace_id=dd061aeaeb5c4eddb1ea025245dc8b68] Uploading file to 'bronze/raw/dfp_cia_aberta_DFC_MI_con_2023.csv'...
2025-10-19-17:37:23 [INFO] [trace_id=dd061aeaeb5c4eddb1ea025245dc8b68] File uplodaded with success to 'bronze/raw/dfp_cia_aberta_DFC_MI_con_2023.csv'
2025-10-19-17:37:23 [INFO] [trace_id=dd061aeaeb5c4eddb1ea025245dc8b68] File uploaded with success
2025-10-19-17:37:23 [INFO] [trace_id=dd061aeaeb5c4eddb1ea025245dc8b68] Uploading file to 'bronze/raw/dfp_cia_aberta_DFC_MI_ind_2023.csv'...
2025-10-19-17:37:23 [INFO] [trace_id=dd061aeaeb5c4eddb1ea025245dc8b68] File uplodaded with success to 'bronze/raw/dfp_cia_aberta_DFC_MI_ind_2023.csv'
2025-10-19-17:37:23 [INFO] [trace_id=dd061aeaeb5c4eddb1ea025245dc8b68] File uploaded with success
2025-10-19-17:37:24 [INFO] [trace_id=dd061aeaeb5c4eddb1ea025245dc8b68] Uploading file to 'bronze/raw/dfp_cia_aberta_DMPL_con_2023.csv'...
2025-10-19-17:37:24 [INFO] [trace_id=dd061aeaeb5c4eddb1ea025245dc8b68] File uplodaded with success to 'bronze/raw/dfp_cia_aberta_DMPL_con_2023.csv'
2025-10-19-17:37:24 [INFO] [trace_id=dd061aeaeb5c4eddb1ea025245dc8b68] File uploaded with success
2025-10-19-17:37:24 [INFO] [trace_id=dd061aeaeb5c4eddb1ea025245dc8b68] Uploading file to 'bronze/raw/dfp_cia_aberta_DMPL_ind_2023.csv'...
2025-10-19-17:37:24 [INFO] [trace_id=dd061aeaeb5c4eddb1ea025245dc8b68] File uplodaded with success to 'bronze/raw/dfp_cia_aberta_DMPL_ind_2023.csv'
2025-10-19-17:37:24 [INFO] [trace_id=dd061aeaeb5c4eddb1ea025245dc8b68] File uploaded with success
2025-10-19-17:37:24 [INFO] [trace_id=dd061aeaeb5c4eddb1ea025245dc8b68] Uploading file to 'bronze/raw/dfp_cia_aberta_DRA_con_2023.csv'...
2025-10-19-17:37:25 [INFO] [trace_id=dd061aeaeb5c4eddb1ea025245dc8b68] File uplodaded with success to 'bronze/raw/dfp_cia_aberta_DRA_con_2023.csv'
2025-10-19-17:37:25 [INFO] [trace_id=dd061aeaeb5c4eddb1ea025245dc8b68] File uploaded with success
2025-10-19-17:37:25 [INFO] [trace_id=dd061aeaeb5c4eddb1ea025245dc8b68] Uploading file to 'bronze/raw/dfp_cia_aberta_DRA_ind_2023.csv'...
2025-10-19-17:37:25 [INFO] [trace_id=dd061aeaeb5c4eddb1ea025245dc8b68] File uplodaded with success to 'bronze/raw/dfp_cia_aberta_DRA_ind_2023.csv'
2025-10-19-17:37:25 [INFO] [trace_id=dd061aeaeb5c4eddb1ea025245dc8b68] File uploaded with success
2025-10-19-17:37:25 [INFO] [trace_id=dd061aeaeb5c4eddb1ea025245dc8b68] Uploading file to 'bronze/raw/dfp_cia_aberta_DRE_con_2023.csv'...
2025-10-19-17:37:25 [INFO] [trace_id=dd061aeaeb5c4eddb1ea025245dc8b68] File uplodaded with success to 'bronze/raw/dfp_cia_aberta_DRE_con_2023.csv'
2025-10-19-17:37:25 [INFO] [trace_id=dd061aeaeb5c4eddb1ea025245dc8b68] File uploaded with success
2025-10-19-17:37:25 [INFO] [trace_id=dd061aeaeb5c4eddb1ea025245dc8b68] Uploading file to 'bronze/raw/dfp_cia_aberta_DRE_ind_2023.csv'...
2025-10-19-17:37:25 [INFO] [trace_id=dd061aeaeb5c4eddb1ea025245dc8b68] File uplodaded with success to 'bronze/raw/dfp_cia_aberta_DRE_ind_2023.csv'
2025-10-19-17:37:25 [INFO] [trace_id=dd061aeaeb5c4eddb1ea025245dc8b68] File uploaded with success
2025-10-19-17:37:25 [INFO] [trace_id=dd061aeaeb5c4eddb1ea025245dc8b68] Uploading file to 'bronze/raw/dfp_cia_aberta_DVA_con_2023.csv'...
2025-10-19-17:37:25 [INFO] [trace_id=dd061aeaeb5c4eddb1ea025245dc8b68] File uplodaded with success to 'bronze/raw/dfp_cia_aberta_DVA_con_2023.csv'
2025-10-19-17:37:25 [INFO] [trace_id=dd061aeaeb5c4eddb1ea025245dc8b68] File uploaded with success
2025-10-19-17:37:25 [INFO] [trace_id=dd061aeaeb5c4eddb1ea025245dc8b68] Uploading file to 'bronze/raw/dfp_cia_aberta_DVA_ind_2023.csv'...
2025-10-19-17:37:25 [INFO] [trace_id=dd061aeaeb5c4eddb1ea025245dc8b68] File uplodaded with success to 'bronze/raw/dfp_cia_aberta_DVA_ind_2023.csv'
2025-10-19-17:37:25 [INFO] [trace_id=dd061aeaeb5c4eddb1ea025245dc8b68] File uploaded with success
2025-10-19-17:37:25 [INFO] [trace_id=dd061aeaeb5c4eddb1ea025245dc8b68] Uploading file to 'bronze/raw/dfp_cia_aberta_parecer_2023.csv'...
2025-10-19-17:37:26 [INFO] [trace_id=dd061aeaeb5c4eddb1ea025245dc8b68] File uplodaded with success to 'bronze/raw/dfp_cia_aberta_parecer_2023.csv'
2025-10-19-17:37:26 [INFO] [trace_id=dd061aeaeb5c4eddb1ea025245dc8b68] File uploaded with success
2025-10-19-17:37:26 [INFO] [trace_id=dd061aeaeb5c4eddb1ea025245dc8b68] Zip file for 'DFP' downloaded and uploaded to bronze/landing with success
2025-10-19-17:37:26 [INFO] [trace_id=dd061aeaeb5c4eddb1ea025245dc8b68] '2023' uploaded to the bucket with success
2025-10-19-17:37:26 [INFO] [trace_id=dd061aeaeb5c4eddb1ea025245dc8b68] Starting bronze layer processing...
2025-10-19-17:37:26 [INFO] [trace_id=dd061aeaeb5c4eddb1ea025245dc8b68] Bronze layer processing finished with success
2025-10-19-17:37:26 [INFO] [trace_id=dd061aeaeb5c4eddb1ea025245dc8b68] Starting silver layer processing...
2025-10-19-17:37:26 [INFO] [trace_id=dd061aeaeb5c4eddb1ea025245dc8b68] Processing document type 1/4
2025-10-19-17:37:26 [INFO] [trace_id=dd061aeaeb5c4eddb1ea025245dc8b68] Processing file 'bronze/raw/itr_cia_aberta_BPA_con_2025.csv'...
2025-10-19-17:37:26 [ERROR] [trace_id=dd061aeaeb5c4eddb1ea025245dc8b68] An error ocurred while processing: CVMETL:FS_full_etl: Failure while filtering the DF for file 'bronze/raw/itr_cia_aberta_BPA_con_2025.csv'. Please confirm the provided company CNPJ 'None' in the environment file.
2025-10-19-17:37:26 [ERROR] [trace_id=dd061aeaeb5c4eddb1ea025245dc8b68] Ending job 'cvm_financial_data' with failure...
2025-10-19-17:37:26 [INFO] [trace_id=dd061aeaeb5c4eddb1ea025245dc8b68] Ending job 'cvm_financial_data' with success...
2025-10-19-17:37:26 [INFO] [trace_id=dd061aeaeb5c4eddb1ea025245dc8b68] Starting job 'SND_debenture_data'. Jobs progress: 2/3
2025-10-19-17:37:26 [INFO] [trace_id=dd061aeaeb5c4eddb1ea025245dc8b68] Starting the ETL for the debenture's financial events schedule...
2025-10-19-17:37:26 [ERROR] [trace_id=dd061aeaeb5c4eddb1ea025245dc8b68] An error ocurred while processing: SNDETL:deb_financial_events_schedule_full_etl: 'NoneType' object is not iterable
2025-10-19-17:37:26 [ERROR] [trace_id=dd061aeaeb5c4eddb1ea025245dc8b68] Ending job 'SND_debenture_data' with failure...
2025-10-19-17:37:26 [INFO] [trace_id=dd061aeaeb5c4eddb1ea025245dc8b68] Ending job 'SND_debenture_data' with success...
2025-10-19-17:37:26 [INFO] [trace_id=dd061aeaeb5c4eddb1ea025245dc8b68] Starting job 'b3_macroeconomic_data'. Jobs progress: 3/3
2025-10-19-17:37:26 [INFO] [trace_id=dd061aeaeb5c4eddb1ea025245dc8b68] Starting to retrieve macroeconomic data from B3...
2025-10-19-17:37:26 [INFO] [trace_id=dd061aeaeb5c4eddb1ea025245dc8b68] All macro data processed with success, saving to gold layer...
2025-10-19-17:37:26 [INFO] [trace_id=dd061aeaeb5c4eddb1ea025245dc8b68] Starting to upload files to gold/export and gold/serving...
2025-10-19-17:37:26 [INFO] [trace_id=dd061aeaeb5c4eddb1ea025245dc8b68] Saving file to 'gold/export/B3/macro_data.xlsx'...
2025-10-19-17:37:26 [INFO] [trace_id=dd061aeaeb5c4eddb1ea025245dc8b68] File uplodaded with success to 'gold/export/B3/macro_data.xlsx'
2025-10-19-17:37:26 [INFO] [trace_id=dd061aeaeb5c4eddb1ea025245dc8b68] File saved with success
2025-10-19-17:37:26 [INFO] [trace_id=dd061aeaeb5c4eddb1ea025245dc8b68] Saving file to 'gold/serving/B3/macro_data.parquet'...
2025-10-19-17:37:26 [INFO] [trace_id=dd061aeaeb5c4eddb1ea025245dc8b68] File uplodaded with success to 'gold/serving/B3/macro_data.parquet'
2025-10-19-17:37:26 [INFO] [trace_id=dd061aeaeb5c4eddb1ea025245dc8b68] File saved with success
2025-10-19-17:37:26 [INFO] [trace_id=dd061aeaeb5c4eddb1ea025245dc8b68] Saving data into Redis cache for gold layer table 'macro_data' with reference date '2025-10-19 17:37:26.573581' and trace id 'dd061aeaeb5c4eddb1ea025245dc8b68'
2025-10-19-17:37:26 [INFO] [trace_id=dd061aeaeb5c4eddb1ea025245dc8b68] Data saved into Redis cache with success
2025-10-19-17:37:26 [INFO] [trace_id=dd061aeaeb5c4eddb1ea025245dc8b68] All macro data files saved to gold layer, ending this ETL with success...
2025-10-19-17:37:26 [INFO] [trace_id=dd061aeaeb5c4eddb1ea025245dc8b68] Ending job 'b3_macroeconomic_data' with success...
2025-10-19-17:37:26 [INFO] [trace_id=dd061aeaeb5c4eddb1ea025245dc8b68] All ingestion ETL jobs finished processing
2025-10-19-17:37:26 [INFO] [trace_id=dd061aeaeb5c4eddb1ea025245dc8b68] Starting to push processed files to RagFlow`s dataset...
2025-10-19-17:37:26 [INFO] [trace_id=dd061aeaeb5c4eddb1ea025245dc8b68] All files pushed to the datasets with success, saving log to bucket...
2025-10-19-17:37:26 [INFO] [trace_id=dd061aeaeb5c4eddb1ea025245dc8b68] Logs saved to bucket, ending ETL orchestrator with success...
