2025-10-19-17:41:21 [INFO] [trace_id=ba7f7082309e4be48a0363ca52569255] Starting ingestion orchestrator routine...
2025-10-19-17:41:21 [INFO] [trace_id=ba7f7082309e4be48a0363ca52569255] Validating the environment variables...
2025-10-19-17:41:21 [INFO] [trace_id=ba7f7082309e4be48a0363ca52569255] Environment file found, loading it...
2025-10-19-17:41:21 [INFO] [trace_id=ba7f7082309e4be48a0363ca52569255] Environment file loaded and validated with success
2025-10-19-17:41:21 [INFO] [trace_id=ba7f7082309e4be48a0363ca52569255] Creating minio, ragflow and redis handlers...
2025-10-19-17:41:21 [INFO] [trace_id=ba7f7082309e4be48a0363ca52569255] Authenticated to MinIO with success
2025-10-19-17:41:21 [INFO] [trace_id=ba7f7082309e4be48a0363ca52569255] All handlers created with success...
2025-10-19-17:41:21 [INFO] [trace_id=ba7f7082309e4be48a0363ca52569255] Creating HTTP sessions
2025-10-19-17:41:21 [INFO] [trace_id=ba7f7082309e4be48a0363ca52569255] Startup process finished with success
2025-10-19-17:41:21 [INFO] [trace_id=ba7f7082309e4be48a0363ca52569255] There are 3 ingestion(s) to be done.
2025-10-19-17:41:21 [INFO] [trace_id=ba7f7082309e4be48a0363ca52569255] Starting job 'cvm_financial_data'. Jobs progress: 1/3
2025-10-19-17:41:21 [INFO] [trace_id=ba7f7082309e4be48a0363ca52569255] Fetching ITR files for the following years: ['2025', '2024', '2023']
2025-10-19-17:41:21 [INFO] [trace_id=ba7f7082309e4be48a0363ca52569255] Fetching files for '2025'...
2025-10-19-17:41:21 [INFO] [trace_id=ba7f7082309e4be48a0363ca52569255] Retrieving the last update date for CVM`s ITR...
2025-10-19-17:41:22 [INFO] [trace_id=ba7f7082309e4be48a0363ca52569255] Last update date fetched with success: 2025-10-13T08:01:08
2025-10-19-17:41:22 [INFO] [trace_id=ba7f7082309e4be48a0363ca52569255] Checking if a file with this update date already exists in the path 'ambipar-data/bronze/landing'
2025-10-19-17:41:22 [INFO] [trace_id=ba7f7082309e4be48a0363ca52569255] There are new files available, starting to download them...
2025-10-19-17:41:22 [INFO] [trace_id=ba7f7082309e4be48a0363ca52569255] Starting to download the .zip file from 'https://dados.cvm.gov.br/dados/CIA_ABERTA/DOC/ITR/DADOS/itr_cia_aberta_2025.zip'...
2025-10-19-17:41:23 [INFO] [trace_id=ba7f7082309e4be48a0363ca52569255] File uplodaded with success to 'bronze/landing/CVM/cvm_itr-2025-2025-10-13T08:01:08.zip'
2025-10-19-17:41:23 [INFO] [trace_id=ba7f7082309e4be48a0363ca52569255] Zip file downloaded and stored to bronze/landing/ with success
2025-10-19-17:41:23 [INFO] [trace_id=ba7f7082309e4be48a0363ca52569255] Starting to unzip and upload contents to 'ambipar-data/bronze/raw'...
2025-10-19-17:41:23 [INFO] [trace_id=ba7f7082309e4be48a0363ca52569255] Uploading file to 'bronze/raw/itr_cia_aberta_2025.csv'...
2025-10-19-17:41:23 [INFO] [trace_id=ba7f7082309e4be48a0363ca52569255] File uplodaded with success to 'bronze/raw/itr_cia_aberta_2025.csv'
2025-10-19-17:41:23 [INFO] [trace_id=ba7f7082309e4be48a0363ca52569255] File uploaded with success
2025-10-19-17:41:23 [INFO] [trace_id=ba7f7082309e4be48a0363ca52569255] Uploading file to 'bronze/raw/itr_cia_aberta_BPA_con_2025.csv'...
2025-10-19-17:41:23 [INFO] [trace_id=ba7f7082309e4be48a0363ca52569255] File uplodaded with success to 'bronze/raw/itr_cia_aberta_BPA_con_2025.csv'
2025-10-19-17:41:23 [INFO] [trace_id=ba7f7082309e4be48a0363ca52569255] File uploaded with success
2025-10-19-17:41:23 [INFO] [trace_id=ba7f7082309e4be48a0363ca52569255] Uploading file to 'bronze/raw/itr_cia_aberta_BPA_ind_2025.csv'...
2025-10-19-17:41:23 [INFO] [trace_id=ba7f7082309e4be48a0363ca52569255] File uplodaded with success to 'bronze/raw/itr_cia_aberta_BPA_ind_2025.csv'
2025-10-19-17:41:23 [INFO] [trace_id=ba7f7082309e4be48a0363ca52569255] File uploaded with success
2025-10-19-17:41:23 [INFO] [trace_id=ba7f7082309e4be48a0363ca52569255] Uploading file to 'bronze/raw/itr_cia_aberta_BPP_con_2025.csv'...
2025-10-19-17:41:24 [INFO] [trace_id=ba7f7082309e4be48a0363ca52569255] File uplodaded with success to 'bronze/raw/itr_cia_aberta_BPP_con_2025.csv'
2025-10-19-17:41:24 [INFO] [trace_id=ba7f7082309e4be48a0363ca52569255] File uploaded with success
2025-10-19-17:41:24 [INFO] [trace_id=ba7f7082309e4be48a0363ca52569255] Uploading file to 'bronze/raw/itr_cia_aberta_BPP_ind_2025.csv'...
2025-10-19-17:41:24 [INFO] [trace_id=ba7f7082309e4be48a0363ca52569255] File uplodaded with success to 'bronze/raw/itr_cia_aberta_BPP_ind_2025.csv'
2025-10-19-17:41:24 [INFO] [trace_id=ba7f7082309e4be48a0363ca52569255] File uploaded with success
2025-10-19-17:41:24 [INFO] [trace_id=ba7f7082309e4be48a0363ca52569255] Uploading file to 'bronze/raw/itr_cia_aberta_composicao_capital_2025.csv'...
2025-10-19-17:41:24 [INFO] [trace_id=ba7f7082309e4be48a0363ca52569255] File uplodaded with success to 'bronze/raw/itr_cia_aberta_composicao_capital_2025.csv'
2025-10-19-17:41:24 [INFO] [trace_id=ba7f7082309e4be48a0363ca52569255] File uploaded with success
2025-10-19-17:41:24 [INFO] [trace_id=ba7f7082309e4be48a0363ca52569255] Uploading file to 'bronze/raw/itr_cia_aberta_DFC_MD_con_2025.csv'...
2025-10-19-17:41:24 [INFO] [trace_id=ba7f7082309e4be48a0363ca52569255] File uplodaded with success to 'bronze/raw/itr_cia_aberta_DFC_MD_con_2025.csv'
2025-10-19-17:41:24 [INFO] [trace_id=ba7f7082309e4be48a0363ca52569255] File uploaded with success
2025-10-19-17:41:24 [INFO] [trace_id=ba7f7082309e4be48a0363ca52569255] Uploading file to 'bronze/raw/itr_cia_aberta_DFC_MD_ind_2025.csv'...
2025-10-19-17:41:24 [INFO] [trace_id=ba7f7082309e4be48a0363ca52569255] File uplodaded with success to 'bronze/raw/itr_cia_aberta_DFC_MD_ind_2025.csv'
2025-10-19-17:41:24 [INFO] [trace_id=ba7f7082309e4be48a0363ca52569255] File uploaded with success
2025-10-19-17:41:24 [INFO] [trace_id=ba7f7082309e4be48a0363ca52569255] Uploading file to 'bronze/raw/itr_cia_aberta_DFC_MI_con_2025.csv'...
2025-10-19-17:41:24 [INFO] [trace_id=ba7f7082309e4be48a0363ca52569255] File uplodaded with success to 'bronze/raw/itr_cia_aberta_DFC_MI_con_2025.csv'
2025-10-19-17:41:24 [INFO] [trace_id=ba7f7082309e4be48a0363ca52569255] File uploaded with success
2025-10-19-17:41:24 [INFO] [trace_id=ba7f7082309e4be48a0363ca52569255] Uploading file to 'bronze/raw/itr_cia_aberta_DFC_MI_ind_2025.csv'...
2025-10-19-17:41:26 [INFO] [trace_id=ba7f7082309e4be48a0363ca52569255] File uplodaded with success to 'bronze/raw/itr_cia_aberta_DFC_MI_ind_2025.csv'
2025-10-19-17:41:26 [INFO] [trace_id=ba7f7082309e4be48a0363ca52569255] File uploaded with success
2025-10-19-17:41:26 [INFO] [trace_id=ba7f7082309e4be48a0363ca52569255] Uploading file to 'bronze/raw/itr_cia_aberta_DMPL_con_2025.csv'...
2025-10-19-17:41:31 [INFO] [trace_id=ba7f7082309e4be48a0363ca52569255] File uplodaded with success to 'bronze/raw/itr_cia_aberta_DMPL_con_2025.csv'
2025-10-19-17:41:31 [INFO] [trace_id=ba7f7082309e4be48a0363ca52569255] File uploaded with success
2025-10-19-17:41:31 [INFO] [trace_id=ba7f7082309e4be48a0363ca52569255] Uploading file to 'bronze/raw/itr_cia_aberta_DMPL_ind_2025.csv'...
2025-10-19-17:41:29 [INFO] [trace_id=ba7f7082309e4be48a0363ca52569255] File uplodaded with success to 'bronze/raw/itr_cia_aberta_DMPL_ind_2025.csv'
2025-10-19-17:41:29 [INFO] [trace_id=ba7f7082309e4be48a0363ca52569255] File uploaded with success
2025-10-19-17:41:29 [INFO] [trace_id=ba7f7082309e4be48a0363ca52569255] Uploading file to 'bronze/raw/itr_cia_aberta_DRA_con_2025.csv'...
2025-10-19-17:41:29 [INFO] [trace_id=ba7f7082309e4be48a0363ca52569255] File uplodaded with success to 'bronze/raw/itr_cia_aberta_DRA_con_2025.csv'
2025-10-19-17:41:29 [INFO] [trace_id=ba7f7082309e4be48a0363ca52569255] File uploaded with success
2025-10-19-17:41:29 [INFO] [trace_id=ba7f7082309e4be48a0363ca52569255] Uploading file to 'bronze/raw/itr_cia_aberta_DRA_ind_2025.csv'...
2025-10-19-17:41:29 [INFO] [trace_id=ba7f7082309e4be48a0363ca52569255] File uplodaded with success to 'bronze/raw/itr_cia_aberta_DRA_ind_2025.csv'
2025-10-19-17:41:29 [INFO] [trace_id=ba7f7082309e4be48a0363ca52569255] File uploaded with success
2025-10-19-17:41:29 [INFO] [trace_id=ba7f7082309e4be48a0363ca52569255] Uploading file to 'bronze/raw/itr_cia_aberta_DRE_con_2025.csv'...
2025-10-19-17:41:30 [INFO] [trace_id=ba7f7082309e4be48a0363ca52569255] File uplodaded with success to 'bronze/raw/itr_cia_aberta_DRE_con_2025.csv'
2025-10-19-17:41:30 [INFO] [trace_id=ba7f7082309e4be48a0363ca52569255] File uploaded with success
2025-10-19-17:41:30 [INFO] [trace_id=ba7f7082309e4be48a0363ca52569255] Uploading file to 'bronze/raw/itr_cia_aberta_DRE_ind_2025.csv'...
2025-10-19-17:41:30 [INFO] [trace_id=ba7f7082309e4be48a0363ca52569255] File uplodaded with success to 'bronze/raw/itr_cia_aberta_DRE_ind_2025.csv'
2025-10-19-17:41:30 [INFO] [trace_id=ba7f7082309e4be48a0363ca52569255] File uploaded with success
2025-10-19-17:41:30 [INFO] [trace_id=ba7f7082309e4be48a0363ca52569255] Uploading file to 'bronze/raw/itr_cia_aberta_DVA_con_2025.csv'...
2025-10-19-17:41:30 [INFO] [trace_id=ba7f7082309e4be48a0363ca52569255] File uplodaded with success to 'bronze/raw/itr_cia_aberta_DVA_con_2025.csv'
2025-10-19-17:41:30 [INFO] [trace_id=ba7f7082309e4be48a0363ca52569255] File uploaded with success
2025-10-19-17:41:30 [INFO] [trace_id=ba7f7082309e4be48a0363ca52569255] Uploading file to 'bronze/raw/itr_cia_aberta_DVA_ind_2025.csv'...
2025-10-19-17:41:30 [INFO] [trace_id=ba7f7082309e4be48a0363ca52569255] File uplodaded with success to 'bronze/raw/itr_cia_aberta_DVA_ind_2025.csv'
2025-10-19-17:41:30 [INFO] [trace_id=ba7f7082309e4be48a0363ca52569255] File uploaded with success
2025-10-19-17:41:30 [INFO] [trace_id=ba7f7082309e4be48a0363ca52569255] Uploading file to 'bronze/raw/itr_cia_aberta_parecer_2025.csv'...
2025-10-19-17:41:30 [INFO] [trace_id=ba7f7082309e4be48a0363ca52569255] File uplodaded with success to 'bronze/raw/itr_cia_aberta_parecer_2025.csv'
2025-10-19-17:41:30 [INFO] [trace_id=ba7f7082309e4be48a0363ca52569255] File uploaded with success
2025-10-19-17:41:30 [INFO] [trace_id=ba7f7082309e4be48a0363ca52569255] Zip file for 'ITR' downloaded and uploaded to bronze/landing with success
2025-10-19-17:41:30 [INFO] [trace_id=ba7f7082309e4be48a0363ca52569255] '2025' uploaded to the bucket with success
2025-10-19-17:41:30 [WARNING] [trace_id=ba7f7082309e4be48a0363ca52569255] Skipping DFP download for '2025' because its not available yet...
2025-10-19-17:41:30 [INFO] [trace_id=ba7f7082309e4be48a0363ca52569255] Fetching files for '2024'...
2025-10-19-17:41:30 [INFO] [trace_id=ba7f7082309e4be48a0363ca52569255] Retrieving the last update date for CVM`s ITR...
2025-10-19-17:41:30 [INFO] [trace_id=ba7f7082309e4be48a0363ca52569255] Last update date fetched with success: 2025-10-13T08:01:08
2025-10-19-17:41:30 [INFO] [trace_id=ba7f7082309e4be48a0363ca52569255] Checking if a file with this update date already exists in the path 'ambipar-data/bronze/landing'
2025-10-19-17:41:30 [INFO] [trace_id=ba7f7082309e4be48a0363ca52569255] There are new files available, starting to download them...
2025-10-19-17:41:30 [INFO] [trace_id=ba7f7082309e4be48a0363ca52569255] Starting to download the .zip file from 'https://dados.cvm.gov.br/dados/CIA_ABERTA/DOC/ITR/DADOS/itr_cia_aberta_2024.zip'...
2025-10-19-17:41:32 [INFO] [trace_id=ba7f7082309e4be48a0363ca52569255] File uplodaded with success to 'bronze/landing/CVM/cvm_itr-2024-2025-10-13T08:01:08.zip'
2025-10-19-17:41:32 [INFO] [trace_id=ba7f7082309e4be48a0363ca52569255] Zip file downloaded and stored to bronze/landing/ with success
2025-10-19-17:41:32 [INFO] [trace_id=ba7f7082309e4be48a0363ca52569255] Starting to unzip and upload contents to 'ambipar-data/bronze/raw'...
2025-10-19-17:41:32 [INFO] [trace_id=ba7f7082309e4be48a0363ca52569255] Uploading file to 'bronze/raw/itr_cia_aberta_2024.csv'...
2025-10-19-17:41:32 [INFO] [trace_id=ba7f7082309e4be48a0363ca52569255] File uplodaded with success to 'bronze/raw/itr_cia_aberta_2024.csv'
2025-10-19-17:41:32 [INFO] [trace_id=ba7f7082309e4be48a0363ca52569255] File uploaded with success
2025-10-19-17:41:32 [INFO] [trace_id=ba7f7082309e4be48a0363ca52569255] Uploading file to 'bronze/raw/itr_cia_aberta_BPA_con_2024.csv'...
2025-10-19-17:41:33 [INFO] [trace_id=ba7f7082309e4be48a0363ca52569255] File uplodaded with success to 'bronze/raw/itr_cia_aberta_BPA_con_2024.csv'
2025-10-19-17:41:33 [INFO] [trace_id=ba7f7082309e4be48a0363ca52569255] File uploaded with success
2025-10-19-17:41:33 [INFO] [trace_id=ba7f7082309e4be48a0363ca52569255] Uploading file to 'bronze/raw/itr_cia_aberta_BPA_ind_2024.csv'...
2025-10-19-17:41:33 [INFO] [trace_id=ba7f7082309e4be48a0363ca52569255] File uplodaded with success to 'bronze/raw/itr_cia_aberta_BPA_ind_2024.csv'
2025-10-19-17:41:33 [INFO] [trace_id=ba7f7082309e4be48a0363ca52569255] File uploaded with success
2025-10-19-17:41:33 [INFO] [trace_id=ba7f7082309e4be48a0363ca52569255] Uploading file to 'bronze/raw/itr_cia_aberta_BPP_con_2024.csv'...
2025-10-19-17:41:35 [INFO] [trace_id=ba7f7082309e4be48a0363ca52569255] File uplodaded with success to 'bronze/raw/itr_cia_aberta_BPP_con_2024.csv'
2025-10-19-17:41:35 [INFO] [trace_id=ba7f7082309e4be48a0363ca52569255] File uploaded with success
2025-10-19-17:41:35 [INFO] [trace_id=ba7f7082309e4be48a0363ca52569255] Uploading file to 'bronze/raw/itr_cia_aberta_BPP_ind_2024.csv'...
2025-10-19-17:41:38 [INFO] [trace_id=ba7f7082309e4be48a0363ca52569255] File uplodaded with success to 'bronze/raw/itr_cia_aberta_BPP_ind_2024.csv'
2025-10-19-17:41:38 [INFO] [trace_id=ba7f7082309e4be48a0363ca52569255] File uploaded with success
2025-10-19-17:41:38 [INFO] [trace_id=ba7f7082309e4be48a0363ca52569255] Uploading file to 'bronze/raw/itr_cia_aberta_composicao_capital_2024.csv'...
2025-10-19-17:41:38 [INFO] [trace_id=ba7f7082309e4be48a0363ca52569255] File uplodaded with success to 'bronze/raw/itr_cia_aberta_composicao_capital_2024.csv'
2025-10-19-17:41:38 [INFO] [trace_id=ba7f7082309e4be48a0363ca52569255] File uploaded with success
2025-10-19-17:41:38 [INFO] [trace_id=ba7f7082309e4be48a0363ca52569255] Uploading file to 'bronze/raw/itr_cia_aberta_DFC_MD_con_2024.csv'...
2025-10-19-17:41:38 [INFO] [trace_id=ba7f7082309e4be48a0363ca52569255] File uplodaded with success to 'bronze/raw/itr_cia_aberta_DFC_MD_con_2024.csv'
2025-10-19-17:41:38 [INFO] [trace_id=ba7f7082309e4be48a0363ca52569255] File uploaded with success
2025-10-19-17:41:38 [INFO] [trace_id=ba7f7082309e4be48a0363ca52569255] Uploading file to 'bronze/raw/itr_cia_aberta_DFC_MD_ind_2024.csv'...
2025-10-19-17:41:38 [INFO] [trace_id=ba7f7082309e4be48a0363ca52569255] File uplodaded with success to 'bronze/raw/itr_cia_aberta_DFC_MD_ind_2024.csv'
2025-10-19-17:41:38 [INFO] [trace_id=ba7f7082309e4be48a0363ca52569255] File uploaded with success
2025-10-19-17:41:38 [INFO] [trace_id=ba7f7082309e4be48a0363ca52569255] Uploading file to 'bronze/raw/itr_cia_aberta_DFC_MI_con_2024.csv'...
2025-10-19-17:41:39 [INFO] [trace_id=ba7f7082309e4be48a0363ca52569255] File uplodaded with success to 'bronze/raw/itr_cia_aberta_DFC_MI_con_2024.csv'
2025-10-19-17:41:39 [INFO] [trace_id=ba7f7082309e4be48a0363ca52569255] File uploaded with success
2025-10-19-17:41:39 [INFO] [trace_id=ba7f7082309e4be48a0363ca52569255] Uploading file to 'bronze/raw/itr_cia_aberta_DFC_MI_ind_2024.csv'...
2025-10-19-17:41:40 [INFO] [trace_id=ba7f7082309e4be48a0363ca52569255] File uplodaded with success to 'bronze/raw/itr_cia_aberta_DFC_MI_ind_2024.csv'
2025-10-19-17:41:40 [INFO] [trace_id=ba7f7082309e4be48a0363ca52569255] File uploaded with success
2025-10-19-17:41:40 [INFO] [trace_id=ba7f7082309e4be48a0363ca52569255] Uploading file to 'bronze/raw/itr_cia_aberta_DMPL_con_2024.csv'...
2025-10-19-17:41:47 [INFO] [trace_id=ba7f7082309e4be48a0363ca52569255] File uplodaded with success to 'bronze/raw/itr_cia_aberta_DMPL_con_2024.csv'
2025-10-19-17:41:47 [INFO] [trace_id=ba7f7082309e4be48a0363ca52569255] File uploaded with success
2025-10-19-17:41:47 [INFO] [trace_id=ba7f7082309e4be48a0363ca52569255] Uploading file to 'bronze/raw/itr_cia_aberta_DMPL_ind_2024.csv'...
2025-10-19-17:41:49 [INFO] [trace_id=ba7f7082309e4be48a0363ca52569255] File uplodaded with success to 'bronze/raw/itr_cia_aberta_DMPL_ind_2024.csv'
2025-10-19-17:41:49 [INFO] [trace_id=ba7f7082309e4be48a0363ca52569255] File uploaded with success
2025-10-19-17:41:49 [INFO] [trace_id=ba7f7082309e4be48a0363ca52569255] Uploading file to 'bronze/raw/itr_cia_aberta_DRA_con_2024.csv'...
2025-10-19-17:41:49 [INFO] [trace_id=ba7f7082309e4be48a0363ca52569255] File uplodaded with success to 'bronze/raw/itr_cia_aberta_DRA_con_2024.csv'
2025-10-19-17:41:49 [INFO] [trace_id=ba7f7082309e4be48a0363ca52569255] File uploaded with success
2025-10-19-17:41:49 [INFO] [trace_id=ba7f7082309e4be48a0363ca52569255] Uploading file to 'bronze/raw/itr_cia_aberta_DRA_ind_2024.csv'...
2025-10-19-17:41:49 [INFO] [trace_id=ba7f7082309e4be48a0363ca52569255] File uplodaded with success to 'bronze/raw/itr_cia_aberta_DRA_ind_2024.csv'
2025-10-19-17:41:49 [INFO] [trace_id=ba7f7082309e4be48a0363ca52569255] File uploaded with success
2025-10-19-17:41:49 [INFO] [trace_id=ba7f7082309e4be48a0363ca52569255] Uploading file to 'bronze/raw/itr_cia_aberta_DRE_con_2024.csv'...
2025-10-19-17:41:49 [INFO] [trace_id=ba7f7082309e4be48a0363ca52569255] File uplodaded with success to 'bronze/raw/itr_cia_aberta_DRE_con_2024.csv'
2025-10-19-17:41:49 [INFO] [trace_id=ba7f7082309e4be48a0363ca52569255] File uploaded with success
2025-10-19-17:41:49 [INFO] [trace_id=ba7f7082309e4be48a0363ca52569255] Uploading file to 'bronze/raw/itr_cia_aberta_DRE_ind_2024.csv'...
2025-10-19-17:41:50 [INFO] [trace_id=ba7f7082309e4be48a0363ca52569255] File uplodaded with success to 'bronze/raw/itr_cia_aberta_DRE_ind_2024.csv'
2025-10-19-17:41:50 [INFO] [trace_id=ba7f7082309e4be48a0363ca52569255] File uploaded with success
2025-10-19-17:41:50 [INFO] [trace_id=ba7f7082309e4be48a0363ca52569255] Uploading file to 'bronze/raw/itr_cia_aberta_DVA_con_2024.csv'...
2025-10-19-17:41:50 [INFO] [trace_id=ba7f7082309e4be48a0363ca52569255] File uplodaded with success to 'bronze/raw/itr_cia_aberta_DVA_con_2024.csv'
2025-10-19-17:41:50 [INFO] [trace_id=ba7f7082309e4be48a0363ca52569255] File uploaded with success
2025-10-19-17:41:50 [INFO] [trace_id=ba7f7082309e4be48a0363ca52569255] Uploading file to 'bronze/raw/itr_cia_aberta_DVA_ind_2024.csv'...
2025-10-19-17:41:50 [INFO] [trace_id=ba7f7082309e4be48a0363ca52569255] File uplodaded with success to 'bronze/raw/itr_cia_aberta_DVA_ind_2024.csv'
2025-10-19-17:41:50 [INFO] [trace_id=ba7f7082309e4be48a0363ca52569255] File uploaded with success
2025-10-19-17:41:50 [INFO] [trace_id=ba7f7082309e4be48a0363ca52569255] Uploading file to 'bronze/raw/itr_cia_aberta_parecer_2024.csv'...
2025-10-19-17:41:50 [INFO] [trace_id=ba7f7082309e4be48a0363ca52569255] File uplodaded with success to 'bronze/raw/itr_cia_aberta_parecer_2024.csv'
2025-10-19-17:41:50 [INFO] [trace_id=ba7f7082309e4be48a0363ca52569255] File uploaded with success
2025-10-19-17:41:50 [INFO] [trace_id=ba7f7082309e4be48a0363ca52569255] Zip file for 'ITR' downloaded and uploaded to bronze/landing with success
2025-10-19-17:41:50 [INFO] [trace_id=ba7f7082309e4be48a0363ca52569255] '2024' uploaded to the bucket with success
2025-10-19-17:41:50 [INFO] [trace_id=ba7f7082309e4be48a0363ca52569255] Fetching files for '2024'...
2025-10-19-17:41:50 [INFO] [trace_id=ba7f7082309e4be48a0363ca52569255] Retrieving the last update date for CVM`s DFP...
2025-10-19-17:41:51 [INFO] [trace_id=ba7f7082309e4be48a0363ca52569255] Last update date fetched with success: 2025-10-13T08:01:03
2025-10-19-17:41:51 [INFO] [trace_id=ba7f7082309e4be48a0363ca52569255] Checking if a file with this update date already exists in the path 'ambipar-data/bronze/landing'
2025-10-19-17:41:51 [INFO] [trace_id=ba7f7082309e4be48a0363ca52569255] There are new files available, starting to download them...
2025-10-19-17:41:51 [INFO] [trace_id=ba7f7082309e4be48a0363ca52569255] Starting to download the .zip file from 'https://dados.cvm.gov.br/dados/CIA_ABERTA/DOC/DFP/DADOS/dfp_cia_aberta_2024.zip'...
2025-10-19-17:41:52 [INFO] [trace_id=ba7f7082309e4be48a0363ca52569255] File uplodaded with success to 'bronze/landing/CVM/dfp_cia_aberta-2024-2025-10-13T08:01:03.zip'
2025-10-19-17:41:52 [INFO] [trace_id=ba7f7082309e4be48a0363ca52569255] Zip file downloaded and stored to bronze/landing/ with success
2025-10-19-17:41:52 [INFO] [trace_id=ba7f7082309e4be48a0363ca52569255] Starting to unzip and upload contents to 'ambipar-data/bronze/raw'...
2025-10-19-17:41:52 [INFO] [trace_id=ba7f7082309e4be48a0363ca52569255] Uploading file to 'bronze/raw/dfp_cia_aberta_2024.csv'...
2025-10-19-17:41:52 [INFO] [trace_id=ba7f7082309e4be48a0363ca52569255] File uplodaded with success to 'bronze/raw/dfp_cia_aberta_2024.csv'
2025-10-19-17:41:52 [INFO] [trace_id=ba7f7082309e4be48a0363ca52569255] File uploaded with success
2025-10-19-17:41:52 [INFO] [trace_id=ba7f7082309e4be48a0363ca52569255] Uploading file to 'bronze/raw/dfp_cia_aberta_BPA_con_2024.csv'...
2025-10-19-17:41:52 [INFO] [trace_id=ba7f7082309e4be48a0363ca52569255] File uplodaded with success to 'bronze/raw/dfp_cia_aberta_BPA_con_2024.csv'
2025-10-19-17:41:52 [INFO] [trace_id=ba7f7082309e4be48a0363ca52569255] File uploaded with success
2025-10-19-17:41:52 [INFO] [trace_id=ba7f7082309e4be48a0363ca52569255] Uploading file to 'bronze/raw/dfp_cia_aberta_BPA_ind_2024.csv'...
2025-10-19-17:41:52 [INFO] [trace_id=ba7f7082309e4be48a0363ca52569255] File uplodaded with success to 'bronze/raw/dfp_cia_aberta_BPA_ind_2024.csv'
2025-10-19-17:41:52 [INFO] [trace_id=ba7f7082309e4be48a0363ca52569255] File uploaded with success
2025-10-19-17:41:52 [INFO] [trace_id=ba7f7082309e4be48a0363ca52569255] Uploading file to 'bronze/raw/dfp_cia_aberta_BPP_con_2024.csv'...
2025-10-19-17:41:52 [INFO] [trace_id=ba7f7082309e4be48a0363ca52569255] File uplodaded with success to 'bronze/raw/dfp_cia_aberta_BPP_con_2024.csv'
2025-10-19-17:41:52 [INFO] [trace_id=ba7f7082309e4be48a0363ca52569255] File uploaded with success
2025-10-19-17:41:52 [INFO] [trace_id=ba7f7082309e4be48a0363ca52569255] Uploading file to 'bronze/raw/dfp_cia_aberta_BPP_ind_2024.csv'...
2025-10-19-17:41:52 [INFO] [trace_id=ba7f7082309e4be48a0363ca52569255] File uplodaded with success to 'bronze/raw/dfp_cia_aberta_BPP_ind_2024.csv'
2025-10-19-17:41:52 [INFO] [trace_id=ba7f7082309e4be48a0363ca52569255] File uploaded with success
2025-10-19-17:41:52 [INFO] [trace_id=ba7f7082309e4be48a0363ca52569255] Uploading file to 'bronze/raw/dfp_cia_aberta_composicao_capital_2024.csv'...
2025-10-19-17:41:52 [INFO] [trace_id=ba7f7082309e4be48a0363ca52569255] File uplodaded with success to 'bronze/raw/dfp_cia_aberta_composicao_capital_2024.csv'
2025-10-19-17:41:52 [INFO] [trace_id=ba7f7082309e4be48a0363ca52569255] File uploaded with success
2025-10-19-17:41:52 [INFO] [trace_id=ba7f7082309e4be48a0363ca52569255] Uploading file to 'bronze/raw/dfp_cia_aberta_DFC_MD_con_2024.csv'...
2025-10-19-17:41:53 [INFO] [trace_id=ba7f7082309e4be48a0363ca52569255] File uplodaded with success to 'bronze/raw/dfp_cia_aberta_DFC_MD_con_2024.csv'
2025-10-19-17:41:53 [INFO] [trace_id=ba7f7082309e4be48a0363ca52569255] File uploaded with success
2025-10-19-17:41:53 [INFO] [trace_id=ba7f7082309e4be48a0363ca52569255] Uploading file to 'bronze/raw/dfp_cia_aberta_DFC_MD_ind_2024.csv'...
2025-10-19-17:41:53 [INFO] [trace_id=ba7f7082309e4be48a0363ca52569255] File uplodaded with success to 'bronze/raw/dfp_cia_aberta_DFC_MD_ind_2024.csv'
2025-10-19-17:41:53 [INFO] [trace_id=ba7f7082309e4be48a0363ca52569255] File uploaded with success
2025-10-19-17:41:53 [INFO] [trace_id=ba7f7082309e4be48a0363ca52569255] Uploading file to 'bronze/raw/dfp_cia_aberta_DFC_MI_con_2024.csv'...
2025-10-19-17:41:53 [INFO] [trace_id=ba7f7082309e4be48a0363ca52569255] File uplodaded with success to 'bronze/raw/dfp_cia_aberta_DFC_MI_con_2024.csv'
2025-10-19-17:41:53 [INFO] [trace_id=ba7f7082309e4be48a0363ca52569255] File uploaded with success
2025-10-19-17:41:53 [INFO] [trace_id=ba7f7082309e4be48a0363ca52569255] Uploading file to 'bronze/raw/dfp_cia_aberta_DFC_MI_ind_2024.csv'...
2025-10-19-17:41:53 [INFO] [trace_id=ba7f7082309e4be48a0363ca52569255] File uplodaded with success to 'bronze/raw/dfp_cia_aberta_DFC_MI_ind_2024.csv'
2025-10-19-17:41:53 [INFO] [trace_id=ba7f7082309e4be48a0363ca52569255] File uploaded with success
2025-10-19-17:41:53 [INFO] [trace_id=ba7f7082309e4be48a0363ca52569255] Uploading file to 'bronze/raw/dfp_cia_aberta_DMPL_con_2024.csv'...
2025-10-19-17:41:53 [INFO] [trace_id=ba7f7082309e4be48a0363ca52569255] File uplodaded with success to 'bronze/raw/dfp_cia_aberta_DMPL_con_2024.csv'
2025-10-19-17:41:53 [INFO] [trace_id=ba7f7082309e4be48a0363ca52569255] File uploaded with success
2025-10-19-17:41:53 [INFO] [trace_id=ba7f7082309e4be48a0363ca52569255] Uploading file to 'bronze/raw/dfp_cia_aberta_DMPL_ind_2024.csv'...
2025-10-19-17:41:54 [INFO] [trace_id=ba7f7082309e4be48a0363ca52569255] File uplodaded with success to 'bronze/raw/dfp_cia_aberta_DMPL_ind_2024.csv'
2025-10-19-17:41:54 [INFO] [trace_id=ba7f7082309e4be48a0363ca52569255] File uploaded with success
2025-10-19-17:41:54 [INFO] [trace_id=ba7f7082309e4be48a0363ca52569255] Uploading file to 'bronze/raw/dfp_cia_aberta_DRA_con_2024.csv'...
2025-10-19-17:41:54 [INFO] [trace_id=ba7f7082309e4be48a0363ca52569255] File uplodaded with success to 'bronze/raw/dfp_cia_aberta_DRA_con_2024.csv'
2025-10-19-17:41:54 [INFO] [trace_id=ba7f7082309e4be48a0363ca52569255] File uploaded with success
2025-10-19-17:41:54 [INFO] [trace_id=ba7f7082309e4be48a0363ca52569255] Uploading file to 'bronze/raw/dfp_cia_aberta_DRA_ind_2024.csv'...
2025-10-19-17:41:54 [INFO] [trace_id=ba7f7082309e4be48a0363ca52569255] File uplodaded with success to 'bronze/raw/dfp_cia_aberta_DRA_ind_2024.csv'
2025-10-19-17:41:54 [INFO] [trace_id=ba7f7082309e4be48a0363ca52569255] File uploaded with success
2025-10-19-17:41:54 [INFO] [trace_id=ba7f7082309e4be48a0363ca52569255] Uploading file to 'bronze/raw/dfp_cia_aberta_DRE_con_2024.csv'...
2025-10-19-17:41:54 [INFO] [trace_id=ba7f7082309e4be48a0363ca52569255] File uplodaded with success to 'bronze/raw/dfp_cia_aberta_DRE_con_2024.csv'
2025-10-19-17:41:54 [INFO] [trace_id=ba7f7082309e4be48a0363ca52569255] File uploaded with success
2025-10-19-17:41:54 [INFO] [trace_id=ba7f7082309e4be48a0363ca52569255] Uploading file to 'bronze/raw/dfp_cia_aberta_DRE_ind_2024.csv'...
2025-10-19-17:41:54 [INFO] [trace_id=ba7f7082309e4be48a0363ca52569255] File uplodaded with success to 'bronze/raw/dfp_cia_aberta_DRE_ind_2024.csv'
2025-10-19-17:41:54 [INFO] [trace_id=ba7f7082309e4be48a0363ca52569255] File uploaded with success
2025-10-19-17:41:54 [INFO] [trace_id=ba7f7082309e4be48a0363ca52569255] Uploading file to 'bronze/raw/dfp_cia_aberta_DVA_con_2024.csv'...
2025-10-19-17:41:54 [INFO] [trace_id=ba7f7082309e4be48a0363ca52569255] File uplodaded with success to 'bronze/raw/dfp_cia_aberta_DVA_con_2024.csv'
2025-10-19-17:41:54 [INFO] [trace_id=ba7f7082309e4be48a0363ca52569255] File uploaded with success
2025-10-19-17:41:54 [INFO] [trace_id=ba7f7082309e4be48a0363ca52569255] Uploading file to 'bronze/raw/dfp_cia_aberta_DVA_ind_2024.csv'...
2025-10-19-17:41:54 [INFO] [trace_id=ba7f7082309e4be48a0363ca52569255] File uplodaded with success to 'bronze/raw/dfp_cia_aberta_DVA_ind_2024.csv'
2025-10-19-17:41:54 [INFO] [trace_id=ba7f7082309e4be48a0363ca52569255] File uploaded with success
2025-10-19-17:41:55 [INFO] [trace_id=ba7f7082309e4be48a0363ca52569255] Uploading file to 'bronze/raw/dfp_cia_aberta_parecer_2024.csv'...
2025-10-19-17:41:55 [INFO] [trace_id=ba7f7082309e4be48a0363ca52569255] File uplodaded with success to 'bronze/raw/dfp_cia_aberta_parecer_2024.csv'
2025-10-19-17:41:55 [INFO] [trace_id=ba7f7082309e4be48a0363ca52569255] File uploaded with success
2025-10-19-17:41:55 [INFO] [trace_id=ba7f7082309e4be48a0363ca52569255] Zip file for 'DFP' downloaded and uploaded to bronze/landing with success
2025-10-19-17:41:55 [INFO] [trace_id=ba7f7082309e4be48a0363ca52569255] '2024' uploaded to the bucket with success
2025-10-19-17:41:55 [INFO] [trace_id=ba7f7082309e4be48a0363ca52569255] Fetching files for '2023'...
2025-10-19-17:41:55 [INFO] [trace_id=ba7f7082309e4be48a0363ca52569255] Retrieving the last update date for CVM`s ITR...
2025-10-19-17:41:55 [INFO] [trace_id=ba7f7082309e4be48a0363ca52569255] Last update date fetched with success: 2025-10-13T08:01:08
2025-10-19-17:41:55 [INFO] [trace_id=ba7f7082309e4be48a0363ca52569255] Checking if a file with this update date already exists in the path 'ambipar-data/bronze/landing'
2025-10-19-17:41:55 [INFO] [trace_id=ba7f7082309e4be48a0363ca52569255] There are new files available, starting to download them...
2025-10-19-17:41:55 [INFO] [trace_id=ba7f7082309e4be48a0363ca52569255] Starting to download the .zip file from 'https://dados.cvm.gov.br/dados/CIA_ABERTA/DOC/ITR/DADOS/itr_cia_aberta_2023.zip'...
2025-10-19-17:41:57 [INFO] [trace_id=ba7f7082309e4be48a0363ca52569255] File uplodaded with success to 'bronze/landing/CVM/cvm_itr-2023-2025-10-13T08:01:08.zip'
2025-10-19-17:41:57 [INFO] [trace_id=ba7f7082309e4be48a0363ca52569255] Zip file downloaded and stored to bronze/landing/ with success
2025-10-19-17:41:57 [INFO] [trace_id=ba7f7082309e4be48a0363ca52569255] Starting to unzip and upload contents to 'ambipar-data/bronze/raw'...
2025-10-19-17:41:57 [INFO] [trace_id=ba7f7082309e4be48a0363ca52569255] Uploading file to 'bronze/raw/itr_cia_aberta_2023.csv'...
2025-10-19-17:41:57 [INFO] [trace_id=ba7f7082309e4be48a0363ca52569255] File uplodaded with success to 'bronze/raw/itr_cia_aberta_2023.csv'
2025-10-19-17:41:57 [INFO] [trace_id=ba7f7082309e4be48a0363ca52569255] File uploaded with success
2025-10-19-17:41:57 [INFO] [trace_id=ba7f7082309e4be48a0363ca52569255] Uploading file to 'bronze/raw/itr_cia_aberta_BPA_con_2023.csv'...
2025-10-19-17:41:58 [INFO] [trace_id=ba7f7082309e4be48a0363ca52569255] File uplodaded with success to 'bronze/raw/itr_cia_aberta_BPA_con_2023.csv'
2025-10-19-17:41:58 [INFO] [trace_id=ba7f7082309e4be48a0363ca52569255] File uploaded with success
2025-10-19-17:41:58 [INFO] [trace_id=ba7f7082309e4be48a0363ca52569255] Uploading file to 'bronze/raw/itr_cia_aberta_BPA_ind_2023.csv'...
2025-10-19-17:41:58 [INFO] [trace_id=ba7f7082309e4be48a0363ca52569255] File uplodaded with success to 'bronze/raw/itr_cia_aberta_BPA_ind_2023.csv'
2025-10-19-17:41:58 [INFO] [trace_id=ba7f7082309e4be48a0363ca52569255] File uploaded with success
2025-10-19-17:41:58 [INFO] [trace_id=ba7f7082309e4be48a0363ca52569255] Uploading file to 'bronze/raw/itr_cia_aberta_BPP_con_2023.csv'...
2025-10-19-17:41:59 [INFO] [trace_id=ba7f7082309e4be48a0363ca52569255] File uplodaded with success to 'bronze/raw/itr_cia_aberta_BPP_con_2023.csv'
2025-10-19-17:41:59 [INFO] [trace_id=ba7f7082309e4be48a0363ca52569255] File uploaded with success
2025-10-19-17:41:59 [INFO] [trace_id=ba7f7082309e4be48a0363ca52569255] Uploading file to 'bronze/raw/itr_cia_aberta_BPP_ind_2023.csv'...
2025-10-19-17:42:00 [INFO] [trace_id=ba7f7082309e4be48a0363ca52569255] File uplodaded with success to 'bronze/raw/itr_cia_aberta_BPP_ind_2023.csv'
2025-10-19-17:42:00 [INFO] [trace_id=ba7f7082309e4be48a0363ca52569255] File uploaded with success
2025-10-19-17:42:00 [INFO] [trace_id=ba7f7082309e4be48a0363ca52569255] Uploading file to 'bronze/raw/itr_cia_aberta_composicao_capital_2023.csv'...
2025-10-19-17:42:00 [INFO] [trace_id=ba7f7082309e4be48a0363ca52569255] File uplodaded with success to 'bronze/raw/itr_cia_aberta_composicao_capital_2023.csv'
2025-10-19-17:42:00 [INFO] [trace_id=ba7f7082309e4be48a0363ca52569255] File uploaded with success
2025-10-19-17:42:00 [INFO] [trace_id=ba7f7082309e4be48a0363ca52569255] Uploading file to 'bronze/raw/itr_cia_aberta_DFC_MD_con_2023.csv'...
2025-10-19-17:42:00 [INFO] [trace_id=ba7f7082309e4be48a0363ca52569255] File uplodaded with success to 'bronze/raw/itr_cia_aberta_DFC_MD_con_2023.csv'
2025-10-19-17:42:00 [INFO] [trace_id=ba7f7082309e4be48a0363ca52569255] File uploaded with success
2025-10-19-17:42:00 [INFO] [trace_id=ba7f7082309e4be48a0363ca52569255] Uploading file to 'bronze/raw/itr_cia_aberta_DFC_MD_ind_2023.csv'...
2025-10-19-17:42:01 [INFO] [trace_id=ba7f7082309e4be48a0363ca52569255] File uplodaded with success to 'bronze/raw/itr_cia_aberta_DFC_MD_ind_2023.csv'
2025-10-19-17:42:01 [INFO] [trace_id=ba7f7082309e4be48a0363ca52569255] File uploaded with success
2025-10-19-17:42:01 [INFO] [trace_id=ba7f7082309e4be48a0363ca52569255] Uploading file to 'bronze/raw/itr_cia_aberta_DFC_MI_con_2023.csv'...
2025-10-19-17:42:00 [INFO] [trace_id=ba7f7082309e4be48a0363ca52569255] File uplodaded with success to 'bronze/raw/itr_cia_aberta_DFC_MI_con_2023.csv'
2025-10-19-17:42:00 [INFO] [trace_id=ba7f7082309e4be48a0363ca52569255] File uploaded with success
2025-10-19-17:42:00 [INFO] [trace_id=ba7f7082309e4be48a0363ca52569255] Uploading file to 'bronze/raw/itr_cia_aberta_DFC_MI_ind_2023.csv'...
2025-10-19-17:42:02 [INFO] [trace_id=ba7f7082309e4be48a0363ca52569255] File uplodaded with success to 'bronze/raw/itr_cia_aberta_DFC_MI_ind_2023.csv'
2025-10-19-17:42:02 [INFO] [trace_id=ba7f7082309e4be48a0363ca52569255] File uploaded with success
2025-10-19-17:42:02 [INFO] [trace_id=ba7f7082309e4be48a0363ca52569255] Uploading file to 'bronze/raw/itr_cia_aberta_DMPL_con_2023.csv'...
2025-10-19-17:42:04 [INFO] [trace_id=ba7f7082309e4be48a0363ca52569255] File uplodaded with success to 'bronze/raw/itr_cia_aberta_DMPL_con_2023.csv'
2025-10-19-17:42:04 [INFO] [trace_id=ba7f7082309e4be48a0363ca52569255] File uploaded with success
2025-10-19-17:42:05 [INFO] [trace_id=ba7f7082309e4be48a0363ca52569255] Uploading file to 'bronze/raw/itr_cia_aberta_DMPL_ind_2023.csv'...
2025-10-19-17:42:06 [INFO] [trace_id=ba7f7082309e4be48a0363ca52569255] File uplodaded with success to 'bronze/raw/itr_cia_aberta_DMPL_ind_2023.csv'
2025-10-19-17:42:06 [INFO] [trace_id=ba7f7082309e4be48a0363ca52569255] File uploaded with success
2025-10-19-17:42:06 [INFO] [trace_id=ba7f7082309e4be48a0363ca52569255] Uploading file to 'bronze/raw/itr_cia_aberta_DRA_con_2023.csv'...
2025-10-19-17:42:06 [INFO] [trace_id=ba7f7082309e4be48a0363ca52569255] File uplodaded with success to 'bronze/raw/itr_cia_aberta_DRA_con_2023.csv'
2025-10-19-17:42:06 [INFO] [trace_id=ba7f7082309e4be48a0363ca52569255] File uploaded with success
2025-10-19-17:42:06 [INFO] [trace_id=ba7f7082309e4be48a0363ca52569255] Uploading file to 'bronze/raw/itr_cia_aberta_DRA_ind_2023.csv'...
2025-10-19-17:42:06 [INFO] [trace_id=ba7f7082309e4be48a0363ca52569255] File uplodaded with success to 'bronze/raw/itr_cia_aberta_DRA_ind_2023.csv'
2025-10-19-17:42:06 [INFO] [trace_id=ba7f7082309e4be48a0363ca52569255] File uploaded with success
2025-10-19-17:42:06 [INFO] [trace_id=ba7f7082309e4be48a0363ca52569255] Uploading file to 'bronze/raw/itr_cia_aberta_DRE_con_2023.csv'...
2025-10-19-17:42:07 [INFO] [trace_id=ba7f7082309e4be48a0363ca52569255] File uplodaded with success to 'bronze/raw/itr_cia_aberta_DRE_con_2023.csv'
2025-10-19-17:42:07 [INFO] [trace_id=ba7f7082309e4be48a0363ca52569255] File uploaded with success
2025-10-19-17:42:07 [INFO] [trace_id=ba7f7082309e4be48a0363ca52569255] Uploading file to 'bronze/raw/itr_cia_aberta_DRE_ind_2023.csv'...
2025-10-19-17:42:09 [INFO] [trace_id=ba7f7082309e4be48a0363ca52569255] File uplodaded with success to 'bronze/raw/itr_cia_aberta_DRE_ind_2023.csv'
2025-10-19-17:42:09 [INFO] [trace_id=ba7f7082309e4be48a0363ca52569255] File uploaded with success
2025-10-19-17:42:09 [INFO] [trace_id=ba7f7082309e4be48a0363ca52569255] Uploading file to 'bronze/raw/itr_cia_aberta_DVA_con_2023.csv'...
2025-10-19-17:42:10 [INFO] [trace_id=ba7f7082309e4be48a0363ca52569255] File uplodaded with success to 'bronze/raw/itr_cia_aberta_DVA_con_2023.csv'
2025-10-19-17:42:10 [INFO] [trace_id=ba7f7082309e4be48a0363ca52569255] File uploaded with success
2025-10-19-17:42:10 [INFO] [trace_id=ba7f7082309e4be48a0363ca52569255] Uploading file to 'bronze/raw/itr_cia_aberta_DVA_ind_2023.csv'...
2025-10-19-17:42:11 [INFO] [trace_id=ba7f7082309e4be48a0363ca52569255] File uplodaded with success to 'bronze/raw/itr_cia_aberta_DVA_ind_2023.csv'
2025-10-19-17:42:11 [INFO] [trace_id=ba7f7082309e4be48a0363ca52569255] File uploaded with success
2025-10-19-17:42:11 [INFO] [trace_id=ba7f7082309e4be48a0363ca52569255] Uploading file to 'bronze/raw/itr_cia_aberta_parecer_2023.csv'...
2025-10-19-17:42:12 [INFO] [trace_id=ba7f7082309e4be48a0363ca52569255] File uplodaded with success to 'bronze/raw/itr_cia_aberta_parecer_2023.csv'
2025-10-19-17:42:12 [INFO] [trace_id=ba7f7082309e4be48a0363ca52569255] File uploaded with success
2025-10-19-17:42:12 [INFO] [trace_id=ba7f7082309e4be48a0363ca52569255] Zip file for 'ITR' downloaded and uploaded to bronze/landing with success
2025-10-19-17:42:12 [INFO] [trace_id=ba7f7082309e4be48a0363ca52569255] '2023' uploaded to the bucket with success
2025-10-19-17:42:12 [INFO] [trace_id=ba7f7082309e4be48a0363ca52569255] Fetching files for '2023'...
2025-10-19-17:42:12 [INFO] [trace_id=ba7f7082309e4be48a0363ca52569255] Retrieving the last update date for CVM`s DFP...
2025-10-19-17:42:12 [INFO] [trace_id=ba7f7082309e4be48a0363ca52569255] Last update date fetched with success: 2025-10-13T08:01:03
2025-10-19-17:42:12 [INFO] [trace_id=ba7f7082309e4be48a0363ca52569255] Checking if a file with this update date already exists in the path 'ambipar-data/bronze/landing'
2025-10-19-17:42:12 [INFO] [trace_id=ba7f7082309e4be48a0363ca52569255] There are new files available, starting to download them...
2025-10-19-17:42:12 [INFO] [trace_id=ba7f7082309e4be48a0363ca52569255] Starting to download the .zip file from 'https://dados.cvm.gov.br/dados/CIA_ABERTA/DOC/DFP/DADOS/dfp_cia_aberta_2023.zip'...
2025-10-19-17:42:14 [INFO] [trace_id=ba7f7082309e4be48a0363ca52569255] File uplodaded with success to 'bronze/landing/CVM/dfp_cia_aberta-2023-2025-10-13T08:01:03.zip'
2025-10-19-17:42:14 [INFO] [trace_id=ba7f7082309e4be48a0363ca52569255] Zip file downloaded and stored to bronze/landing/ with success
2025-10-19-17:42:14 [INFO] [trace_id=ba7f7082309e4be48a0363ca52569255] Starting to unzip and upload contents to 'ambipar-data/bronze/raw'...
2025-10-19-17:42:14 [INFO] [trace_id=ba7f7082309e4be48a0363ca52569255] Uploading file to 'bronze/raw/dfp_cia_aberta_2023.csv'...
2025-10-19-17:42:14 [INFO] [trace_id=ba7f7082309e4be48a0363ca52569255] File uplodaded with success to 'bronze/raw/dfp_cia_aberta_2023.csv'
2025-10-19-17:42:14 [INFO] [trace_id=ba7f7082309e4be48a0363ca52569255] File uploaded with success
2025-10-19-17:42:14 [INFO] [trace_id=ba7f7082309e4be48a0363ca52569255] Uploading file to 'bronze/raw/dfp_cia_aberta_BPA_con_2023.csv'...
2025-10-19-17:42:14 [INFO] [trace_id=ba7f7082309e4be48a0363ca52569255] File uplodaded with success to 'bronze/raw/dfp_cia_aberta_BPA_con_2023.csv'
2025-10-19-17:42:14 [INFO] [trace_id=ba7f7082309e4be48a0363ca52569255] File uploaded with success
2025-10-19-17:42:14 [INFO] [trace_id=ba7f7082309e4be48a0363ca52569255] Uploading file to 'bronze/raw/dfp_cia_aberta_BPA_ind_2023.csv'...
2025-10-19-17:42:15 [INFO] [trace_id=ba7f7082309e4be48a0363ca52569255] File uplodaded with success to 'bronze/raw/dfp_cia_aberta_BPA_ind_2023.csv'
2025-10-19-17:42:15 [INFO] [trace_id=ba7f7082309e4be48a0363ca52569255] File uploaded with success
2025-10-19-17:42:15 [INFO] [trace_id=ba7f7082309e4be48a0363ca52569255] Uploading file to 'bronze/raw/dfp_cia_aberta_BPP_con_2023.csv'...
2025-10-19-17:42:15 [INFO] [trace_id=ba7f7082309e4be48a0363ca52569255] File uplodaded with success to 'bronze/raw/dfp_cia_aberta_BPP_con_2023.csv'
2025-10-19-17:42:15 [INFO] [trace_id=ba7f7082309e4be48a0363ca52569255] File uploaded with success
2025-10-19-17:42:15 [INFO] [trace_id=ba7f7082309e4be48a0363ca52569255] Uploading file to 'bronze/raw/dfp_cia_aberta_BPP_ind_2023.csv'...
2025-10-19-17:42:15 [INFO] [trace_id=ba7f7082309e4be48a0363ca52569255] File uplodaded with success to 'bronze/raw/dfp_cia_aberta_BPP_ind_2023.csv'
2025-10-19-17:42:15 [INFO] [trace_id=ba7f7082309e4be48a0363ca52569255] File uploaded with success
2025-10-19-17:42:15 [INFO] [trace_id=ba7f7082309e4be48a0363ca52569255] Uploading file to 'bronze/raw/dfp_cia_aberta_composicao_capital_2023.csv'...
2025-10-19-17:42:16 [INFO] [trace_id=ba7f7082309e4be48a0363ca52569255] File uplodaded with success to 'bronze/raw/dfp_cia_aberta_composicao_capital_2023.csv'
2025-10-19-17:42:16 [INFO] [trace_id=ba7f7082309e4be48a0363ca52569255] File uploaded with success
2025-10-19-17:42:16 [INFO] [trace_id=ba7f7082309e4be48a0363ca52569255] Uploading file to 'bronze/raw/dfp_cia_aberta_DFC_MD_con_2023.csv'...
2025-10-19-17:42:16 [INFO] [trace_id=ba7f7082309e4be48a0363ca52569255] File uplodaded with success to 'bronze/raw/dfp_cia_aberta_DFC_MD_con_2023.csv'
2025-10-19-17:42:16 [INFO] [trace_id=ba7f7082309e4be48a0363ca52569255] File uploaded with success
2025-10-19-17:42:16 [INFO] [trace_id=ba7f7082309e4be48a0363ca52569255] Uploading file to 'bronze/raw/dfp_cia_aberta_DFC_MD_ind_2023.csv'...
2025-10-19-17:42:16 [INFO] [trace_id=ba7f7082309e4be48a0363ca52569255] File uplodaded with success to 'bronze/raw/dfp_cia_aberta_DFC_MD_ind_2023.csv'
2025-10-19-17:42:16 [INFO] [trace_id=ba7f7082309e4be48a0363ca52569255] File uploaded with success
2025-10-19-17:42:16 [INFO] [trace_id=ba7f7082309e4be48a0363ca52569255] Uploading file to 'bronze/raw/dfp_cia_aberta_DFC_MI_con_2023.csv'...
2025-10-19-17:42:16 [INFO] [trace_id=ba7f7082309e4be48a0363ca52569255] File uplodaded with success to 'bronze/raw/dfp_cia_aberta_DFC_MI_con_2023.csv'
2025-10-19-17:42:16 [INFO] [trace_id=ba7f7082309e4be48a0363ca52569255] File uploaded with success
2025-10-19-17:42:16 [INFO] [trace_id=ba7f7082309e4be48a0363ca52569255] Uploading file to 'bronze/raw/dfp_cia_aberta_DFC_MI_ind_2023.csv'...
2025-10-19-17:42:16 [INFO] [trace_id=ba7f7082309e4be48a0363ca52569255] File uplodaded with success to 'bronze/raw/dfp_cia_aberta_DFC_MI_ind_2023.csv'
2025-10-19-17:42:16 [INFO] [trace_id=ba7f7082309e4be48a0363ca52569255] File uploaded with success
2025-10-19-17:42:17 [INFO] [trace_id=ba7f7082309e4be48a0363ca52569255] Uploading file to 'bronze/raw/dfp_cia_aberta_DMPL_con_2023.csv'...
2025-10-19-17:42:17 [INFO] [trace_id=ba7f7082309e4be48a0363ca52569255] File uplodaded with success to 'bronze/raw/dfp_cia_aberta_DMPL_con_2023.csv'
2025-10-19-17:42:17 [INFO] [trace_id=ba7f7082309e4be48a0363ca52569255] File uploaded with success
2025-10-19-17:42:17 [INFO] [trace_id=ba7f7082309e4be48a0363ca52569255] Uploading file to 'bronze/raw/dfp_cia_aberta_DMPL_ind_2023.csv'...
2025-10-19-17:42:18 [INFO] [trace_id=ba7f7082309e4be48a0363ca52569255] File uplodaded with success to 'bronze/raw/dfp_cia_aberta_DMPL_ind_2023.csv'
2025-10-19-17:42:18 [INFO] [trace_id=ba7f7082309e4be48a0363ca52569255] File uploaded with success
2025-10-19-17:42:18 [INFO] [trace_id=ba7f7082309e4be48a0363ca52569255] Uploading file to 'bronze/raw/dfp_cia_aberta_DRA_con_2023.csv'...
2025-10-19-17:42:18 [INFO] [trace_id=ba7f7082309e4be48a0363ca52569255] File uplodaded with success to 'bronze/raw/dfp_cia_aberta_DRA_con_2023.csv'
2025-10-19-17:42:18 [INFO] [trace_id=ba7f7082309e4be48a0363ca52569255] File uploaded with success
2025-10-19-17:42:18 [INFO] [trace_id=ba7f7082309e4be48a0363ca52569255] Uploading file to 'bronze/raw/dfp_cia_aberta_DRA_ind_2023.csv'...
2025-10-19-17:42:18 [INFO] [trace_id=ba7f7082309e4be48a0363ca52569255] File uplodaded with success to 'bronze/raw/dfp_cia_aberta_DRA_ind_2023.csv'
2025-10-19-17:42:18 [INFO] [trace_id=ba7f7082309e4be48a0363ca52569255] File uploaded with success
2025-10-19-17:42:18 [INFO] [trace_id=ba7f7082309e4be48a0363ca52569255] Uploading file to 'bronze/raw/dfp_cia_aberta_DRE_con_2023.csv'...
2025-10-19-17:42:18 [INFO] [trace_id=ba7f7082309e4be48a0363ca52569255] File uplodaded with success to 'bronze/raw/dfp_cia_aberta_DRE_con_2023.csv'
2025-10-19-17:42:18 [INFO] [trace_id=ba7f7082309e4be48a0363ca52569255] File uploaded with success
2025-10-19-17:42:18 [INFO] [trace_id=ba7f7082309e4be48a0363ca52569255] Uploading file to 'bronze/raw/dfp_cia_aberta_DRE_ind_2023.csv'...
2025-10-19-17:42:18 [INFO] [trace_id=ba7f7082309e4be48a0363ca52569255] File uplodaded with success to 'bronze/raw/dfp_cia_aberta_DRE_ind_2023.csv'
2025-10-19-17:42:18 [INFO] [trace_id=ba7f7082309e4be48a0363ca52569255] File uploaded with success
2025-10-19-17:42:18 [INFO] [trace_id=ba7f7082309e4be48a0363ca52569255] Uploading file to 'bronze/raw/dfp_cia_aberta_DVA_con_2023.csv'...
2025-10-19-17:42:18 [INFO] [trace_id=ba7f7082309e4be48a0363ca52569255] File uplodaded with success to 'bronze/raw/dfp_cia_aberta_DVA_con_2023.csv'
2025-10-19-17:42:18 [INFO] [trace_id=ba7f7082309e4be48a0363ca52569255] File uploaded with success
2025-10-19-17:42:18 [INFO] [trace_id=ba7f7082309e4be48a0363ca52569255] Uploading file to 'bronze/raw/dfp_cia_aberta_DVA_ind_2023.csv'...
2025-10-19-17:42:18 [INFO] [trace_id=ba7f7082309e4be48a0363ca52569255] File uplodaded with success to 'bronze/raw/dfp_cia_aberta_DVA_ind_2023.csv'
2025-10-19-17:42:18 [INFO] [trace_id=ba7f7082309e4be48a0363ca52569255] File uploaded with success
2025-10-19-17:42:18 [INFO] [trace_id=ba7f7082309e4be48a0363ca52569255] Uploading file to 'bronze/raw/dfp_cia_aberta_parecer_2023.csv'...
2025-10-19-17:42:19 [INFO] [trace_id=ba7f7082309e4be48a0363ca52569255] File uplodaded with success to 'bronze/raw/dfp_cia_aberta_parecer_2023.csv'
2025-10-19-17:42:19 [INFO] [trace_id=ba7f7082309e4be48a0363ca52569255] File uploaded with success
2025-10-19-17:42:19 [INFO] [trace_id=ba7f7082309e4be48a0363ca52569255] Zip file for 'DFP' downloaded and uploaded to bronze/landing with success
2025-10-19-17:42:19 [INFO] [trace_id=ba7f7082309e4be48a0363ca52569255] '2023' uploaded to the bucket with success
2025-10-19-17:42:19 [INFO] [trace_id=ba7f7082309e4be48a0363ca52569255] Starting bronze layer processing...
2025-10-19-17:42:19 [INFO] [trace_id=ba7f7082309e4be48a0363ca52569255] Bronze layer processing finished with success
2025-10-19-17:42:19 [INFO] [trace_id=ba7f7082309e4be48a0363ca52569255] Starting silver layer processing...
2025-10-19-17:42:19 [INFO] [trace_id=ba7f7082309e4be48a0363ca52569255] Processing document type 1/4
2025-10-19-17:42:19 [INFO] [trace_id=ba7f7082309e4be48a0363ca52569255] Processing file 'bronze/raw/itr_cia_aberta_BPA_con_2025.csv'...
