2025-10-19-17:32:50 [INFO] [trace_id=b8695b2cab6942fd9c1fc1b6131065b9] Starting ingestion orchestrator routine...
2025-10-19-17:32:50 [INFO] [trace_id=b8695b2cab6942fd9c1fc1b6131065b9] Validating the environment variables...
2025-10-19-17:32:50 [INFO] [trace_id=b8695b2cab6942fd9c1fc1b6131065b9] Environment file found, loading it...
2025-10-19-17:32:50 [INFO] [trace_id=b8695b2cab6942fd9c1fc1b6131065b9] Environment file loaded and validated with success
2025-10-19-17:32:50 [INFO] [trace_id=b8695b2cab6942fd9c1fc1b6131065b9] Creating minio, ragflow and redis handlers...
2025-10-19-17:32:50 [INFO] [trace_id=b8695b2cab6942fd9c1fc1b6131065b9] Authenticated to MinIO with success
2025-10-19-17:32:50 [INFO] [trace_id=b8695b2cab6942fd9c1fc1b6131065b9] All handlers created with success...
2025-10-19-17:32:50 [INFO] [trace_id=b8695b2cab6942fd9c1fc1b6131065b9] Creating HTTP sessions
2025-10-19-17:32:50 [INFO] [trace_id=b8695b2cab6942fd9c1fc1b6131065b9] Startup process finished with success
2025-10-19-17:32:50 [INFO] [trace_id=b8695b2cab6942fd9c1fc1b6131065b9] There are 3 ingestion(s) to be done.
2025-10-19-17:32:50 [INFO] [trace_id=b8695b2cab6942fd9c1fc1b6131065b9] Starting job 'cvm_financial_data'. Jobs progress: 1/3
2025-10-19-17:32:50 [INFO] [trace_id=b8695b2cab6942fd9c1fc1b6131065b9] Fetching ITR files for the following years: ['2025', '2024', '2023']
2025-10-19-17:32:50 [INFO] [trace_id=b8695b2cab6942fd9c1fc1b6131065b9] Fetching files for '2025'...
2025-10-19-17:32:50 [INFO] [trace_id=b8695b2cab6942fd9c1fc1b6131065b9] Retrieving the last update date for CVM`s ITR...
2025-10-19-17:32:50 [INFO] [trace_id=b8695b2cab6942fd9c1fc1b6131065b9] Last update date fetched with success: 2025-10-13T08:01:08
2025-10-19-17:32:50 [INFO] [trace_id=b8695b2cab6942fd9c1fc1b6131065b9] Checking if a file with this update date already exists in the path 'ambipar-data/bronze/landing'
2025-10-19-17:32:50 [INFO] [trace_id=b8695b2cab6942fd9c1fc1b6131065b9] There are new files available, starting to download them...
2025-10-19-17:32:50 [INFO] [trace_id=b8695b2cab6942fd9c1fc1b6131065b9] Starting to download the .zip file from 'https://dados.cvm.gov.br/dados/CIA_ABERTA/DOC/ITR/DADOS/itr_cia_aberta_2025.zip'...
2025-10-19-17:32:51 [INFO] [trace_id=b8695b2cab6942fd9c1fc1b6131065b9] File uplodaded with success to 'bronze/landing/CVM/cvm_itr-2025-2025-10-13T08:01:08.zip'
2025-10-19-17:32:51 [INFO] [trace_id=b8695b2cab6942fd9c1fc1b6131065b9] Zip file downloaded and stored to bronze/landing/ with success
2025-10-19-17:32:51 [INFO] [trace_id=b8695b2cab6942fd9c1fc1b6131065b9] Starting to unzip and upload contents to 'ambipar-data/bronze/raw'...
2025-10-19-17:32:51 [INFO] [trace_id=b8695b2cab6942fd9c1fc1b6131065b9] Uploading file to 'bronze/raw/itr_cia_aberta_2025.csv'...
2025-10-19-17:32:52 [INFO] [trace_id=b8695b2cab6942fd9c1fc1b6131065b9] File uplodaded with success to 'bronze/raw/itr_cia_aberta_2025.csv'
2025-10-19-17:32:52 [INFO] [trace_id=b8695b2cab6942fd9c1fc1b6131065b9] File uploaded with success
2025-10-19-17:32:52 [INFO] [trace_id=b8695b2cab6942fd9c1fc1b6131065b9] Uploading file to 'bronze/raw/itr_cia_aberta_BPA_con_2025.csv'...
2025-10-19-17:32:52 [INFO] [trace_id=b8695b2cab6942fd9c1fc1b6131065b9] File uplodaded with success to 'bronze/raw/itr_cia_aberta_BPA_con_2025.csv'
2025-10-19-17:32:52 [INFO] [trace_id=b8695b2cab6942fd9c1fc1b6131065b9] File uploaded with success
2025-10-19-17:32:52 [INFO] [trace_id=b8695b2cab6942fd9c1fc1b6131065b9] Uploading file to 'bronze/raw/itr_cia_aberta_BPA_ind_2025.csv'...
2025-10-19-17:32:52 [INFO] [trace_id=b8695b2cab6942fd9c1fc1b6131065b9] File uplodaded with success to 'bronze/raw/itr_cia_aberta_BPA_ind_2025.csv'
2025-10-19-17:32:52 [INFO] [trace_id=b8695b2cab6942fd9c1fc1b6131065b9] File uploaded with success
2025-10-19-17:32:52 [INFO] [trace_id=b8695b2cab6942fd9c1fc1b6131065b9] Uploading file to 'bronze/raw/itr_cia_aberta_BPP_con_2025.csv'...
2025-10-19-17:32:52 [INFO] [trace_id=b8695b2cab6942fd9c1fc1b6131065b9] File uplodaded with success to 'bronze/raw/itr_cia_aberta_BPP_con_2025.csv'
2025-10-19-17:32:52 [INFO] [trace_id=b8695b2cab6942fd9c1fc1b6131065b9] File uploaded with success
2025-10-19-17:32:52 [INFO] [trace_id=b8695b2cab6942fd9c1fc1b6131065b9] Uploading file to 'bronze/raw/itr_cia_aberta_BPP_ind_2025.csv'...
2025-10-19-17:32:53 [INFO] [trace_id=b8695b2cab6942fd9c1fc1b6131065b9] File uplodaded with success to 'bronze/raw/itr_cia_aberta_BPP_ind_2025.csv'
2025-10-19-17:32:53 [INFO] [trace_id=b8695b2cab6942fd9c1fc1b6131065b9] File uploaded with success
2025-10-19-17:32:53 [INFO] [trace_id=b8695b2cab6942fd9c1fc1b6131065b9] Uploading file to 'bronze/raw/itr_cia_aberta_composicao_capital_2025.csv'...
2025-10-19-17:32:53 [INFO] [trace_id=b8695b2cab6942fd9c1fc1b6131065b9] File uplodaded with success to 'bronze/raw/itr_cia_aberta_composicao_capital_2025.csv'
2025-10-19-17:32:53 [INFO] [trace_id=b8695b2cab6942fd9c1fc1b6131065b9] File uploaded with success
2025-10-19-17:32:53 [INFO] [trace_id=b8695b2cab6942fd9c1fc1b6131065b9] Uploading file to 'bronze/raw/itr_cia_aberta_DFC_MD_con_2025.csv'...
2025-10-19-17:32:53 [INFO] [trace_id=b8695b2cab6942fd9c1fc1b6131065b9] File uplodaded with success to 'bronze/raw/itr_cia_aberta_DFC_MD_con_2025.csv'
2025-10-19-17:32:53 [INFO] [trace_id=b8695b2cab6942fd9c1fc1b6131065b9] File uploaded with success
2025-10-19-17:32:53 [INFO] [trace_id=b8695b2cab6942fd9c1fc1b6131065b9] Uploading file to 'bronze/raw/itr_cia_aberta_DFC_MD_ind_2025.csv'...
2025-10-19-17:32:53 [INFO] [trace_id=b8695b2cab6942fd9c1fc1b6131065b9] File uplodaded with success to 'bronze/raw/itr_cia_aberta_DFC_MD_ind_2025.csv'
2025-10-19-17:32:53 [INFO] [trace_id=b8695b2cab6942fd9c1fc1b6131065b9] File uploaded with success
2025-10-19-17:32:53 [INFO] [trace_id=b8695b2cab6942fd9c1fc1b6131065b9] Uploading file to 'bronze/raw/itr_cia_aberta_DFC_MI_con_2025.csv'...
2025-10-19-17:32:53 [INFO] [trace_id=b8695b2cab6942fd9c1fc1b6131065b9] File uplodaded with success to 'bronze/raw/itr_cia_aberta_DFC_MI_con_2025.csv'
2025-10-19-17:32:53 [INFO] [trace_id=b8695b2cab6942fd9c1fc1b6131065b9] File uploaded with success
2025-10-19-17:32:53 [INFO] [trace_id=b8695b2cab6942fd9c1fc1b6131065b9] Uploading file to 'bronze/raw/itr_cia_aberta_DFC_MI_ind_2025.csv'...
2025-10-19-17:32:53 [INFO] [trace_id=b8695b2cab6942fd9c1fc1b6131065b9] File uplodaded with success to 'bronze/raw/itr_cia_aberta_DFC_MI_ind_2025.csv'
2025-10-19-17:32:53 [INFO] [trace_id=b8695b2cab6942fd9c1fc1b6131065b9] File uploaded with success
2025-10-19-17:32:53 [INFO] [trace_id=b8695b2cab6942fd9c1fc1b6131065b9] Uploading file to 'bronze/raw/itr_cia_aberta_DMPL_con_2025.csv'...
2025-10-19-17:32:54 [INFO] [trace_id=b8695b2cab6942fd9c1fc1b6131065b9] File uplodaded with success to 'bronze/raw/itr_cia_aberta_DMPL_con_2025.csv'
2025-10-19-17:32:54 [INFO] [trace_id=b8695b2cab6942fd9c1fc1b6131065b9] File uploaded with success
2025-10-19-17:32:54 [INFO] [trace_id=b8695b2cab6942fd9c1fc1b6131065b9] Uploading file to 'bronze/raw/itr_cia_aberta_DMPL_ind_2025.csv'...
2025-10-19-17:32:54 [INFO] [trace_id=b8695b2cab6942fd9c1fc1b6131065b9] File uplodaded with success to 'bronze/raw/itr_cia_aberta_DMPL_ind_2025.csv'
2025-10-19-17:32:54 [INFO] [trace_id=b8695b2cab6942fd9c1fc1b6131065b9] File uploaded with success
2025-10-19-17:32:54 [INFO] [trace_id=b8695b2cab6942fd9c1fc1b6131065b9] Uploading file to 'bronze/raw/itr_cia_aberta_DRA_con_2025.csv'...
2025-10-19-17:32:55 [INFO] [trace_id=b8695b2cab6942fd9c1fc1b6131065b9] File uplodaded with success to 'bronze/raw/itr_cia_aberta_DRA_con_2025.csv'
2025-10-19-17:32:55 [INFO] [trace_id=b8695b2cab6942fd9c1fc1b6131065b9] File uploaded with success
2025-10-19-17:32:55 [INFO] [trace_id=b8695b2cab6942fd9c1fc1b6131065b9] Uploading file to 'bronze/raw/itr_cia_aberta_DRA_ind_2025.csv'...
2025-10-19-17:32:55 [INFO] [trace_id=b8695b2cab6942fd9c1fc1b6131065b9] File uplodaded with success to 'bronze/raw/itr_cia_aberta_DRA_ind_2025.csv'
2025-10-19-17:32:55 [INFO] [trace_id=b8695b2cab6942fd9c1fc1b6131065b9] File uploaded with success
2025-10-19-17:32:55 [INFO] [trace_id=b8695b2cab6942fd9c1fc1b6131065b9] Uploading file to 'bronze/raw/itr_cia_aberta_DRE_con_2025.csv'...
2025-10-19-17:32:56 [INFO] [trace_id=b8695b2cab6942fd9c1fc1b6131065b9] File uplodaded with success to 'bronze/raw/itr_cia_aberta_DRE_con_2025.csv'
2025-10-19-17:32:56 [INFO] [trace_id=b8695b2cab6942fd9c1fc1b6131065b9] File uploaded with success
2025-10-19-17:32:56 [INFO] [trace_id=b8695b2cab6942fd9c1fc1b6131065b9] Uploading file to 'bronze/raw/itr_cia_aberta_DRE_ind_2025.csv'...
2025-10-19-17:32:57 [INFO] [trace_id=b8695b2cab6942fd9c1fc1b6131065b9] File uplodaded with success to 'bronze/raw/itr_cia_aberta_DRE_ind_2025.csv'
2025-10-19-17:32:57 [INFO] [trace_id=b8695b2cab6942fd9c1fc1b6131065b9] File uploaded with success
2025-10-19-17:32:57 [INFO] [trace_id=b8695b2cab6942fd9c1fc1b6131065b9] Uploading file to 'bronze/raw/itr_cia_aberta_DVA_con_2025.csv'...
2025-10-19-17:32:58 [INFO] [trace_id=b8695b2cab6942fd9c1fc1b6131065b9] File uplodaded with success to 'bronze/raw/itr_cia_aberta_DVA_con_2025.csv'
2025-10-19-17:32:58 [INFO] [trace_id=b8695b2cab6942fd9c1fc1b6131065b9] File uploaded with success
2025-10-19-17:32:58 [INFO] [trace_id=b8695b2cab6942fd9c1fc1b6131065b9] Uploading file to 'bronze/raw/itr_cia_aberta_DVA_ind_2025.csv'...
2025-10-19-17:32:59 [INFO] [trace_id=b8695b2cab6942fd9c1fc1b6131065b9] File uplodaded with success to 'bronze/raw/itr_cia_aberta_DVA_ind_2025.csv'
2025-10-19-17:32:59 [INFO] [trace_id=b8695b2cab6942fd9c1fc1b6131065b9] File uploaded with success
2025-10-19-17:32:59 [INFO] [trace_id=b8695b2cab6942fd9c1fc1b6131065b9] Uploading file to 'bronze/raw/itr_cia_aberta_parecer_2025.csv'...
2025-10-19-17:32:59 [INFO] [trace_id=b8695b2cab6942fd9c1fc1b6131065b9] File uplodaded with success to 'bronze/raw/itr_cia_aberta_parecer_2025.csv'
2025-10-19-17:32:59 [INFO] [trace_id=b8695b2cab6942fd9c1fc1b6131065b9] File uploaded with success
2025-10-19-17:32:59 [INFO] [trace_id=b8695b2cab6942fd9c1fc1b6131065b9] Zip file for 'ITR' downloaded and uploaded to bronze/landing with success
2025-10-19-17:32:59 [INFO] [trace_id=b8695b2cab6942fd9c1fc1b6131065b9] '2025' uploaded to the bucket with success
2025-10-19-17:32:59 [WARNING] [trace_id=b8695b2cab6942fd9c1fc1b6131065b9] Skipping DFP download for '2025' because its not available yet...
2025-10-19-17:32:59 [INFO] [trace_id=b8695b2cab6942fd9c1fc1b6131065b9] Fetching files for '2024'...
2025-10-19-17:32:59 [INFO] [trace_id=b8695b2cab6942fd9c1fc1b6131065b9] Retrieving the last update date for CVM`s ITR...
2025-10-19-17:32:59 [INFO] [trace_id=b8695b2cab6942fd9c1fc1b6131065b9] Last update date fetched with success: 2025-10-13T08:01:08
2025-10-19-17:32:59 [INFO] [trace_id=b8695b2cab6942fd9c1fc1b6131065b9] Checking if a file with this update date already exists in the path 'ambipar-data/bronze/landing'
2025-10-19-17:32:59 [INFO] [trace_id=b8695b2cab6942fd9c1fc1b6131065b9] There are new files available, starting to download them...
2025-10-19-17:32:59 [INFO] [trace_id=b8695b2cab6942fd9c1fc1b6131065b9] Starting to download the .zip file from 'https://dados.cvm.gov.br/dados/CIA_ABERTA/DOC/ITR/DADOS/itr_cia_aberta_2024.zip'...
2025-10-19-17:33:01 [INFO] [trace_id=b8695b2cab6942fd9c1fc1b6131065b9] File uplodaded with success to 'bronze/landing/CVM/cvm_itr-2024-2025-10-13T08:01:08.zip'
2025-10-19-17:33:01 [INFO] [trace_id=b8695b2cab6942fd9c1fc1b6131065b9] Zip file downloaded and stored to bronze/landing/ with success
2025-10-19-17:33:01 [INFO] [trace_id=b8695b2cab6942fd9c1fc1b6131065b9] Starting to unzip and upload contents to 'ambipar-data/bronze/raw'...
2025-10-19-17:33:01 [INFO] [trace_id=b8695b2cab6942fd9c1fc1b6131065b9] Uploading file to 'bronze/raw/itr_cia_aberta_2024.csv'...
2025-10-19-17:33:01 [INFO] [trace_id=b8695b2cab6942fd9c1fc1b6131065b9] File uplodaded with success to 'bronze/raw/itr_cia_aberta_2024.csv'
2025-10-19-17:33:01 [INFO] [trace_id=b8695b2cab6942fd9c1fc1b6131065b9] File uploaded with success
2025-10-19-17:33:01 [INFO] [trace_id=b8695b2cab6942fd9c1fc1b6131065b9] Uploading file to 'bronze/raw/itr_cia_aberta_BPA_con_2024.csv'...
2025-10-19-17:33:02 [INFO] [trace_id=b8695b2cab6942fd9c1fc1b6131065b9] File uplodaded with success to 'bronze/raw/itr_cia_aberta_BPA_con_2024.csv'
2025-10-19-17:33:02 [INFO] [trace_id=b8695b2cab6942fd9c1fc1b6131065b9] File uploaded with success
2025-10-19-17:33:02 [INFO] [trace_id=b8695b2cab6942fd9c1fc1b6131065b9] Uploading file to 'bronze/raw/itr_cia_aberta_BPA_ind_2024.csv'...
2025-10-19-17:33:02 [INFO] [trace_id=b8695b2cab6942fd9c1fc1b6131065b9] File uplodaded with success to 'bronze/raw/itr_cia_aberta_BPA_ind_2024.csv'
2025-10-19-17:33:02 [INFO] [trace_id=b8695b2cab6942fd9c1fc1b6131065b9] File uploaded with success
2025-10-19-17:33:02 [INFO] [trace_id=b8695b2cab6942fd9c1fc1b6131065b9] Uploading file to 'bronze/raw/itr_cia_aberta_BPP_con_2024.csv'...
2025-10-19-17:33:03 [INFO] [trace_id=b8695b2cab6942fd9c1fc1b6131065b9] File uplodaded with success to 'bronze/raw/itr_cia_aberta_BPP_con_2024.csv'
2025-10-19-17:33:03 [INFO] [trace_id=b8695b2cab6942fd9c1fc1b6131065b9] File uploaded with success
2025-10-19-17:33:03 [INFO] [trace_id=b8695b2cab6942fd9c1fc1b6131065b9] Uploading file to 'bronze/raw/itr_cia_aberta_BPP_ind_2024.csv'...
2025-10-19-17:33:03 [INFO] [trace_id=b8695b2cab6942fd9c1fc1b6131065b9] File uplodaded with success to 'bronze/raw/itr_cia_aberta_BPP_ind_2024.csv'
2025-10-19-17:33:03 [INFO] [trace_id=b8695b2cab6942fd9c1fc1b6131065b9] File uploaded with success
2025-10-19-17:33:03 [INFO] [trace_id=b8695b2cab6942fd9c1fc1b6131065b9] Uploading file to 'bronze/raw/itr_cia_aberta_composicao_capital_2024.csv'...
2025-10-19-17:33:03 [INFO] [trace_id=b8695b2cab6942fd9c1fc1b6131065b9] File uplodaded with success to 'bronze/raw/itr_cia_aberta_composicao_capital_2024.csv'
2025-10-19-17:33:03 [INFO] [trace_id=b8695b2cab6942fd9c1fc1b6131065b9] File uploaded with success
2025-10-19-17:33:03 [INFO] [trace_id=b8695b2cab6942fd9c1fc1b6131065b9] Uploading file to 'bronze/raw/itr_cia_aberta_DFC_MD_con_2024.csv'...
2025-10-19-17:33:03 [INFO] [trace_id=b8695b2cab6942fd9c1fc1b6131065b9] File uplodaded with success to 'bronze/raw/itr_cia_aberta_DFC_MD_con_2024.csv'
2025-10-19-17:33:03 [INFO] [trace_id=b8695b2cab6942fd9c1fc1b6131065b9] File uploaded with success
2025-10-19-17:33:03 [INFO] [trace_id=b8695b2cab6942fd9c1fc1b6131065b9] Uploading file to 'bronze/raw/itr_cia_aberta_DFC_MD_ind_2024.csv'...
2025-10-19-17:33:03 [INFO] [trace_id=b8695b2cab6942fd9c1fc1b6131065b9] File uplodaded with success to 'bronze/raw/itr_cia_aberta_DFC_MD_ind_2024.csv'
2025-10-19-17:33:03 [INFO] [trace_id=b8695b2cab6942fd9c1fc1b6131065b9] File uploaded with success
2025-10-19-17:33:03 [INFO] [trace_id=b8695b2cab6942fd9c1fc1b6131065b9] Uploading file to 'bronze/raw/itr_cia_aberta_DFC_MI_con_2024.csv'...
2025-10-19-17:33:04 [INFO] [trace_id=b8695b2cab6942fd9c1fc1b6131065b9] File uplodaded with success to 'bronze/raw/itr_cia_aberta_DFC_MI_con_2024.csv'
2025-10-19-17:33:04 [INFO] [trace_id=b8695b2cab6942fd9c1fc1b6131065b9] File uploaded with success
2025-10-19-17:33:04 [INFO] [trace_id=b8695b2cab6942fd9c1fc1b6131065b9] Uploading file to 'bronze/raw/itr_cia_aberta_DFC_MI_ind_2024.csv'...
2025-10-19-17:33:04 [INFO] [trace_id=b8695b2cab6942fd9c1fc1b6131065b9] File uplodaded with success to 'bronze/raw/itr_cia_aberta_DFC_MI_ind_2024.csv'
2025-10-19-17:33:04 [INFO] [trace_id=b8695b2cab6942fd9c1fc1b6131065b9] File uploaded with success
2025-10-19-17:33:04 [INFO] [trace_id=b8695b2cab6942fd9c1fc1b6131065b9] Uploading file to 'bronze/raw/itr_cia_aberta_DMPL_con_2024.csv'...
2025-10-19-17:33:05 [INFO] [trace_id=b8695b2cab6942fd9c1fc1b6131065b9] File uplodaded with success to 'bronze/raw/itr_cia_aberta_DMPL_con_2024.csv'
2025-10-19-17:33:05 [INFO] [trace_id=b8695b2cab6942fd9c1fc1b6131065b9] File uploaded with success
2025-10-19-17:33:05 [INFO] [trace_id=b8695b2cab6942fd9c1fc1b6131065b9] Uploading file to 'bronze/raw/itr_cia_aberta_DMPL_ind_2024.csv'...
2025-10-19-17:33:06 [INFO] [trace_id=b8695b2cab6942fd9c1fc1b6131065b9] File uplodaded with success to 'bronze/raw/itr_cia_aberta_DMPL_ind_2024.csv'
2025-10-19-17:33:06 [INFO] [trace_id=b8695b2cab6942fd9c1fc1b6131065b9] File uploaded with success
2025-10-19-17:33:06 [INFO] [trace_id=b8695b2cab6942fd9c1fc1b6131065b9] Uploading file to 'bronze/raw/itr_cia_aberta_DRA_con_2024.csv'...
2025-10-19-17:33:06 [INFO] [trace_id=b8695b2cab6942fd9c1fc1b6131065b9] File uplodaded with success to 'bronze/raw/itr_cia_aberta_DRA_con_2024.csv'
2025-10-19-17:33:06 [INFO] [trace_id=b8695b2cab6942fd9c1fc1b6131065b9] File uploaded with success
2025-10-19-17:33:06 [INFO] [trace_id=b8695b2cab6942fd9c1fc1b6131065b9] Uploading file to 'bronze/raw/itr_cia_aberta_DRA_ind_2024.csv'...
2025-10-19-17:33:06 [INFO] [trace_id=b8695b2cab6942fd9c1fc1b6131065b9] File uplodaded with success to 'bronze/raw/itr_cia_aberta_DRA_ind_2024.csv'
2025-10-19-17:33:06 [INFO] [trace_id=b8695b2cab6942fd9c1fc1b6131065b9] File uploaded with success
2025-10-19-17:33:06 [INFO] [trace_id=b8695b2cab6942fd9c1fc1b6131065b9] Uploading file to 'bronze/raw/itr_cia_aberta_DRE_con_2024.csv'...
2025-10-19-17:33:06 [INFO] [trace_id=b8695b2cab6942fd9c1fc1b6131065b9] File uplodaded with success to 'bronze/raw/itr_cia_aberta_DRE_con_2024.csv'
2025-10-19-17:33:06 [INFO] [trace_id=b8695b2cab6942fd9c1fc1b6131065b9] File uploaded with success
2025-10-19-17:33:06 [INFO] [trace_id=b8695b2cab6942fd9c1fc1b6131065b9] Uploading file to 'bronze/raw/itr_cia_aberta_DRE_ind_2024.csv'...
2025-10-19-17:33:07 [INFO] [trace_id=b8695b2cab6942fd9c1fc1b6131065b9] File uplodaded with success to 'bronze/raw/itr_cia_aberta_DRE_ind_2024.csv'
2025-10-19-17:33:07 [INFO] [trace_id=b8695b2cab6942fd9c1fc1b6131065b9] File uploaded with success
2025-10-19-17:33:07 [INFO] [trace_id=b8695b2cab6942fd9c1fc1b6131065b9] Uploading file to 'bronze/raw/itr_cia_aberta_DVA_con_2024.csv'...
2025-10-19-17:33:07 [INFO] [trace_id=b8695b2cab6942fd9c1fc1b6131065b9] File uplodaded with success to 'bronze/raw/itr_cia_aberta_DVA_con_2024.csv'
2025-10-19-17:33:07 [INFO] [trace_id=b8695b2cab6942fd9c1fc1b6131065b9] File uploaded with success
2025-10-19-17:33:07 [INFO] [trace_id=b8695b2cab6942fd9c1fc1b6131065b9] Uploading file to 'bronze/raw/itr_cia_aberta_DVA_ind_2024.csv'...
2025-10-19-17:33:07 [INFO] [trace_id=b8695b2cab6942fd9c1fc1b6131065b9] File uplodaded with success to 'bronze/raw/itr_cia_aberta_DVA_ind_2024.csv'
2025-10-19-17:33:07 [INFO] [trace_id=b8695b2cab6942fd9c1fc1b6131065b9] File uploaded with success
2025-10-19-17:33:07 [INFO] [trace_id=b8695b2cab6942fd9c1fc1b6131065b9] Uploading file to 'bronze/raw/itr_cia_aberta_parecer_2024.csv'...
2025-10-19-17:33:07 [INFO] [trace_id=b8695b2cab6942fd9c1fc1b6131065b9] File uplodaded with success to 'bronze/raw/itr_cia_aberta_parecer_2024.csv'
2025-10-19-17:33:07 [INFO] [trace_id=b8695b2cab6942fd9c1fc1b6131065b9] File uploaded with success
2025-10-19-17:33:07 [INFO] [trace_id=b8695b2cab6942fd9c1fc1b6131065b9] Zip file for 'ITR' downloaded and uploaded to bronze/landing with success
2025-10-19-17:33:07 [INFO] [trace_id=b8695b2cab6942fd9c1fc1b6131065b9] '2024' uploaded to the bucket with success
2025-10-19-17:33:07 [INFO] [trace_id=b8695b2cab6942fd9c1fc1b6131065b9] Fetching files for '2024'...
2025-10-19-17:33:07 [INFO] [trace_id=b8695b2cab6942fd9c1fc1b6131065b9] Retrieving the last update date for CVM`s DFP...
2025-10-19-17:33:08 [INFO] [trace_id=b8695b2cab6942fd9c1fc1b6131065b9] Last update date fetched with success: 2025-10-13T08:01:03
2025-10-19-17:33:08 [INFO] [trace_id=b8695b2cab6942fd9c1fc1b6131065b9] Checking if a file with this update date already exists in the path 'ambipar-data/bronze/landing'
2025-10-19-17:33:08 [INFO] [trace_id=b8695b2cab6942fd9c1fc1b6131065b9] There are new files available, starting to download them...
2025-10-19-17:33:08 [INFO] [trace_id=b8695b2cab6942fd9c1fc1b6131065b9] Starting to download the .zip file from 'https://dados.cvm.gov.br/dados/CIA_ABERTA/DOC/DFP/DADOS/dfp_cia_aberta_2024.zip'...
2025-10-19-17:33:09 [INFO] [trace_id=b8695b2cab6942fd9c1fc1b6131065b9] File uplodaded with success to 'bronze/landing/CVM/dfp_cia_aberta-2024-2025-10-13T08:01:03.zip'
2025-10-19-17:33:09 [INFO] [trace_id=b8695b2cab6942fd9c1fc1b6131065b9] Zip file downloaded and stored to bronze/landing/ with success
2025-10-19-17:33:09 [INFO] [trace_id=b8695b2cab6942fd9c1fc1b6131065b9] Starting to unzip and upload contents to 'ambipar-data/bronze/raw'...
2025-10-19-17:33:09 [INFO] [trace_id=b8695b2cab6942fd9c1fc1b6131065b9] Uploading file to 'bronze/raw/dfp_cia_aberta_2024.csv'...
2025-10-19-17:33:09 [INFO] [trace_id=b8695b2cab6942fd9c1fc1b6131065b9] File uplodaded with success to 'bronze/raw/dfp_cia_aberta_2024.csv'
2025-10-19-17:33:09 [INFO] [trace_id=b8695b2cab6942fd9c1fc1b6131065b9] File uploaded with success
2025-10-19-17:33:09 [INFO] [trace_id=b8695b2cab6942fd9c1fc1b6131065b9] Uploading file to 'bronze/raw/dfp_cia_aberta_BPA_con_2024.csv'...
2025-10-19-17:33:09 [INFO] [trace_id=b8695b2cab6942fd9c1fc1b6131065b9] File uplodaded with success to 'bronze/raw/dfp_cia_aberta_BPA_con_2024.csv'
2025-10-19-17:33:09 [INFO] [trace_id=b8695b2cab6942fd9c1fc1b6131065b9] File uploaded with success
2025-10-19-17:33:09 [INFO] [trace_id=b8695b2cab6942fd9c1fc1b6131065b9] Uploading file to 'bronze/raw/dfp_cia_aberta_BPA_ind_2024.csv'...
2025-10-19-17:33:09 [INFO] [trace_id=b8695b2cab6942fd9c1fc1b6131065b9] File uplodaded with success to 'bronze/raw/dfp_cia_aberta_BPA_ind_2024.csv'
2025-10-19-17:33:09 [INFO] [trace_id=b8695b2cab6942fd9c1fc1b6131065b9] File uploaded with success
2025-10-19-17:33:09 [INFO] [trace_id=b8695b2cab6942fd9c1fc1b6131065b9] Uploading file to 'bronze/raw/dfp_cia_aberta_BPP_con_2024.csv'...
2025-10-19-17:33:09 [INFO] [trace_id=b8695b2cab6942fd9c1fc1b6131065b9] File uplodaded with success to 'bronze/raw/dfp_cia_aberta_BPP_con_2024.csv'
2025-10-19-17:33:09 [INFO] [trace_id=b8695b2cab6942fd9c1fc1b6131065b9] File uploaded with success
2025-10-19-17:33:09 [INFO] [trace_id=b8695b2cab6942fd9c1fc1b6131065b9] Uploading file to 'bronze/raw/dfp_cia_aberta_BPP_ind_2024.csv'...
2025-10-19-17:33:09 [INFO] [trace_id=b8695b2cab6942fd9c1fc1b6131065b9] File uplodaded with success to 'bronze/raw/dfp_cia_aberta_BPP_ind_2024.csv'
2025-10-19-17:33:09 [INFO] [trace_id=b8695b2cab6942fd9c1fc1b6131065b9] File uploaded with success
2025-10-19-17:33:09 [INFO] [trace_id=b8695b2cab6942fd9c1fc1b6131065b9] Uploading file to 'bronze/raw/dfp_cia_aberta_composicao_capital_2024.csv'...
2025-10-19-17:33:10 [INFO] [trace_id=b8695b2cab6942fd9c1fc1b6131065b9] File uplodaded with success to 'bronze/raw/dfp_cia_aberta_composicao_capital_2024.csv'
2025-10-19-17:33:10 [INFO] [trace_id=b8695b2cab6942fd9c1fc1b6131065b9] File uploaded with success
2025-10-19-17:33:10 [INFO] [trace_id=b8695b2cab6942fd9c1fc1b6131065b9] Uploading file to 'bronze/raw/dfp_cia_aberta_DFC_MD_con_2024.csv'...
2025-10-19-17:33:10 [INFO] [trace_id=b8695b2cab6942fd9c1fc1b6131065b9] File uplodaded with success to 'bronze/raw/dfp_cia_aberta_DFC_MD_con_2024.csv'
2025-10-19-17:33:10 [INFO] [trace_id=b8695b2cab6942fd9c1fc1b6131065b9] File uploaded with success
2025-10-19-17:33:10 [INFO] [trace_id=b8695b2cab6942fd9c1fc1b6131065b9] Uploading file to 'bronze/raw/dfp_cia_aberta_DFC_MD_ind_2024.csv'...
2025-10-19-17:33:10 [INFO] [trace_id=b8695b2cab6942fd9c1fc1b6131065b9] File uplodaded with success to 'bronze/raw/dfp_cia_aberta_DFC_MD_ind_2024.csv'
2025-10-19-17:33:10 [INFO] [trace_id=b8695b2cab6942fd9c1fc1b6131065b9] File uploaded with success
2025-10-19-17:33:10 [INFO] [trace_id=b8695b2cab6942fd9c1fc1b6131065b9] Uploading file to 'bronze/raw/dfp_cia_aberta_DFC_MI_con_2024.csv'...
2025-10-19-17:33:10 [INFO] [trace_id=b8695b2cab6942fd9c1fc1b6131065b9] File uplodaded with success to 'bronze/raw/dfp_cia_aberta_DFC_MI_con_2024.csv'
2025-10-19-17:33:10 [INFO] [trace_id=b8695b2cab6942fd9c1fc1b6131065b9] File uploaded with success
2025-10-19-17:33:10 [INFO] [trace_id=b8695b2cab6942fd9c1fc1b6131065b9] Uploading file to 'bronze/raw/dfp_cia_aberta_DFC_MI_ind_2024.csv'...
2025-10-19-17:33:10 [INFO] [trace_id=b8695b2cab6942fd9c1fc1b6131065b9] File uplodaded with success to 'bronze/raw/dfp_cia_aberta_DFC_MI_ind_2024.csv'
2025-10-19-17:33:10 [INFO] [trace_id=b8695b2cab6942fd9c1fc1b6131065b9] File uploaded with success
2025-10-19-17:33:10 [INFO] [trace_id=b8695b2cab6942fd9c1fc1b6131065b9] Uploading file to 'bronze/raw/dfp_cia_aberta_DMPL_con_2024.csv'...
2025-10-19-17:33:10 [INFO] [trace_id=b8695b2cab6942fd9c1fc1b6131065b9] File uplodaded with success to 'bronze/raw/dfp_cia_aberta_DMPL_con_2024.csv'
2025-10-19-17:33:10 [INFO] [trace_id=b8695b2cab6942fd9c1fc1b6131065b9] File uploaded with success
2025-10-19-17:33:08 [INFO] [trace_id=b8695b2cab6942fd9c1fc1b6131065b9] Uploading file to 'bronze/raw/dfp_cia_aberta_DMPL_ind_2024.csv'...
2025-10-19-17:33:08 [INFO] [trace_id=b8695b2cab6942fd9c1fc1b6131065b9] File uplodaded with success to 'bronze/raw/dfp_cia_aberta_DMPL_ind_2024.csv'
2025-10-19-17:33:08 [INFO] [trace_id=b8695b2cab6942fd9c1fc1b6131065b9] File uploaded with success
2025-10-19-17:33:08 [INFO] [trace_id=b8695b2cab6942fd9c1fc1b6131065b9] Uploading file to 'bronze/raw/dfp_cia_aberta_DRA_con_2024.csv'...
2025-10-19-17:33:08 [INFO] [trace_id=b8695b2cab6942fd9c1fc1b6131065b9] File uplodaded with success to 'bronze/raw/dfp_cia_aberta_DRA_con_2024.csv'
2025-10-19-17:33:08 [INFO] [trace_id=b8695b2cab6942fd9c1fc1b6131065b9] File uploaded with success
2025-10-19-17:33:08 [INFO] [trace_id=b8695b2cab6942fd9c1fc1b6131065b9] Uploading file to 'bronze/raw/dfp_cia_aberta_DRA_ind_2024.csv'...
2025-10-19-17:33:08 [INFO] [trace_id=b8695b2cab6942fd9c1fc1b6131065b9] File uplodaded with success to 'bronze/raw/dfp_cia_aberta_DRA_ind_2024.csv'
2025-10-19-17:33:08 [INFO] [trace_id=b8695b2cab6942fd9c1fc1b6131065b9] File uploaded with success
2025-10-19-17:33:08 [INFO] [trace_id=b8695b2cab6942fd9c1fc1b6131065b9] Uploading file to 'bronze/raw/dfp_cia_aberta_DRE_con_2024.csv'...
2025-10-19-17:33:08 [INFO] [trace_id=b8695b2cab6942fd9c1fc1b6131065b9] File uplodaded with success to 'bronze/raw/dfp_cia_aberta_DRE_con_2024.csv'
2025-10-19-17:33:08 [INFO] [trace_id=b8695b2cab6942fd9c1fc1b6131065b9] File uploaded with success
2025-10-19-17:33:08 [INFO] [trace_id=b8695b2cab6942fd9c1fc1b6131065b9] Uploading file to 'bronze/raw/dfp_cia_aberta_DRE_ind_2024.csv'...
2025-10-19-17:33:08 [INFO] [trace_id=b8695b2cab6942fd9c1fc1b6131065b9] File uplodaded with success to 'bronze/raw/dfp_cia_aberta_DRE_ind_2024.csv'
2025-10-19-17:33:08 [INFO] [trace_id=b8695b2cab6942fd9c1fc1b6131065b9] File uploaded with success
2025-10-19-17:33:08 [INFO] [trace_id=b8695b2cab6942fd9c1fc1b6131065b9] Uploading file to 'bronze/raw/dfp_cia_aberta_DVA_con_2024.csv'...
2025-10-19-17:33:09 [INFO] [trace_id=b8695b2cab6942fd9c1fc1b6131065b9] File uplodaded with success to 'bronze/raw/dfp_cia_aberta_DVA_con_2024.csv'
2025-10-19-17:33:09 [INFO] [trace_id=b8695b2cab6942fd9c1fc1b6131065b9] File uploaded with success
2025-10-19-17:33:09 [INFO] [trace_id=b8695b2cab6942fd9c1fc1b6131065b9] Uploading file to 'bronze/raw/dfp_cia_aberta_DVA_ind_2024.csv'...
2025-10-19-17:33:09 [INFO] [trace_id=b8695b2cab6942fd9c1fc1b6131065b9] File uplodaded with success to 'bronze/raw/dfp_cia_aberta_DVA_ind_2024.csv'
2025-10-19-17:33:09 [INFO] [trace_id=b8695b2cab6942fd9c1fc1b6131065b9] File uploaded with success
2025-10-19-17:33:09 [INFO] [trace_id=b8695b2cab6942fd9c1fc1b6131065b9] Uploading file to 'bronze/raw/dfp_cia_aberta_parecer_2024.csv'...
2025-10-19-17:33:09 [INFO] [trace_id=b8695b2cab6942fd9c1fc1b6131065b9] File uplodaded with success to 'bronze/raw/dfp_cia_aberta_parecer_2024.csv'
2025-10-19-17:33:09 [INFO] [trace_id=b8695b2cab6942fd9c1fc1b6131065b9] File uploaded with success
2025-10-19-17:33:09 [INFO] [trace_id=b8695b2cab6942fd9c1fc1b6131065b9] Zip file for 'DFP' downloaded and uploaded to bronze/landing with success
2025-10-19-17:33:09 [INFO] [trace_id=b8695b2cab6942fd9c1fc1b6131065b9] '2024' uploaded to the bucket with success
2025-10-19-17:33:09 [INFO] [trace_id=b8695b2cab6942fd9c1fc1b6131065b9] Fetching files for '2023'...
2025-10-19-17:33:09 [INFO] [trace_id=b8695b2cab6942fd9c1fc1b6131065b9] Retrieving the last update date for CVM`s ITR...
2025-10-19-17:33:09 [INFO] [trace_id=b8695b2cab6942fd9c1fc1b6131065b9] Last update date fetched with success: 2025-10-13T08:01:08
2025-10-19-17:33:09 [INFO] [trace_id=b8695b2cab6942fd9c1fc1b6131065b9] Checking if a file with this update date already exists in the path 'ambipar-data/bronze/landing'
2025-10-19-17:33:09 [INFO] [trace_id=b8695b2cab6942fd9c1fc1b6131065b9] There are new files available, starting to download them...
2025-10-19-17:33:09 [INFO] [trace_id=b8695b2cab6942fd9c1fc1b6131065b9] Starting to download the .zip file from 'https://dados.cvm.gov.br/dados/CIA_ABERTA/DOC/ITR/DADOS/itr_cia_aberta_2023.zip'...
2025-10-19-17:33:15 [INFO] [trace_id=b8695b2cab6942fd9c1fc1b6131065b9] File uplodaded with success to 'bronze/landing/CVM/cvm_itr-2023-2025-10-13T08:01:08.zip'
2025-10-19-17:33:15 [INFO] [trace_id=b8695b2cab6942fd9c1fc1b6131065b9] Zip file downloaded and stored to bronze/landing/ with success
2025-10-19-17:33:15 [INFO] [trace_id=b8695b2cab6942fd9c1fc1b6131065b9] Starting to unzip and upload contents to 'ambipar-data/bronze/raw'...
2025-10-19-17:33:15 [INFO] [trace_id=b8695b2cab6942fd9c1fc1b6131065b9] Uploading file to 'bronze/raw/itr_cia_aberta_2023.csv'...
2025-10-19-17:33:15 [INFO] [trace_id=b8695b2cab6942fd9c1fc1b6131065b9] File uplodaded with success to 'bronze/raw/itr_cia_aberta_2023.csv'
2025-10-19-17:33:15 [INFO] [trace_id=b8695b2cab6942fd9c1fc1b6131065b9] File uploaded with success
2025-10-19-17:33:15 [INFO] [trace_id=b8695b2cab6942fd9c1fc1b6131065b9] Uploading file to 'bronze/raw/itr_cia_aberta_BPA_con_2023.csv'...
2025-10-19-17:33:15 [INFO] [trace_id=b8695b2cab6942fd9c1fc1b6131065b9] File uplodaded with success to 'bronze/raw/itr_cia_aberta_BPA_con_2023.csv'
2025-10-19-17:33:15 [INFO] [trace_id=b8695b2cab6942fd9c1fc1b6131065b9] File uploaded with success
2025-10-19-17:33:15 [INFO] [trace_id=b8695b2cab6942fd9c1fc1b6131065b9] Uploading file to 'bronze/raw/itr_cia_aberta_BPA_ind_2023.csv'...
2025-10-19-17:33:15 [INFO] [trace_id=b8695b2cab6942fd9c1fc1b6131065b9] File uplodaded with success to 'bronze/raw/itr_cia_aberta_BPA_ind_2023.csv'
2025-10-19-17:33:15 [INFO] [trace_id=b8695b2cab6942fd9c1fc1b6131065b9] File uploaded with success
2025-10-19-17:33:15 [INFO] [trace_id=b8695b2cab6942fd9c1fc1b6131065b9] Uploading file to 'bronze/raw/itr_cia_aberta_BPP_con_2023.csv'...
2025-10-19-17:33:16 [INFO] [trace_id=b8695b2cab6942fd9c1fc1b6131065b9] File uplodaded with success to 'bronze/raw/itr_cia_aberta_BPP_con_2023.csv'
2025-10-19-17:33:16 [INFO] [trace_id=b8695b2cab6942fd9c1fc1b6131065b9] File uploaded with success
2025-10-19-17:33:16 [INFO] [trace_id=b8695b2cab6942fd9c1fc1b6131065b9] Uploading file to 'bronze/raw/itr_cia_aberta_BPP_ind_2023.csv'...
2025-10-19-17:33:19 [INFO] [trace_id=b8695b2cab6942fd9c1fc1b6131065b9] File uplodaded with success to 'bronze/raw/itr_cia_aberta_BPP_ind_2023.csv'
2025-10-19-17:33:19 [INFO] [trace_id=b8695b2cab6942fd9c1fc1b6131065b9] File uploaded with success
2025-10-19-17:33:19 [INFO] [trace_id=b8695b2cab6942fd9c1fc1b6131065b9] Uploading file to 'bronze/raw/itr_cia_aberta_composicao_capital_2023.csv'...
2025-10-19-17:33:19 [INFO] [trace_id=b8695b2cab6942fd9c1fc1b6131065b9] File uplodaded with success to 'bronze/raw/itr_cia_aberta_composicao_capital_2023.csv'
2025-10-19-17:33:19 [INFO] [trace_id=b8695b2cab6942fd9c1fc1b6131065b9] File uploaded with success
2025-10-19-17:33:19 [INFO] [trace_id=b8695b2cab6942fd9c1fc1b6131065b9] Uploading file to 'bronze/raw/itr_cia_aberta_DFC_MD_con_2023.csv'...
2025-10-19-17:33:19 [INFO] [trace_id=b8695b2cab6942fd9c1fc1b6131065b9] File uplodaded with success to 'bronze/raw/itr_cia_aberta_DFC_MD_con_2023.csv'
2025-10-19-17:33:19 [INFO] [trace_id=b8695b2cab6942fd9c1fc1b6131065b9] File uploaded with success
2025-10-19-17:33:19 [INFO] [trace_id=b8695b2cab6942fd9c1fc1b6131065b9] Uploading file to 'bronze/raw/itr_cia_aberta_DFC_MD_ind_2023.csv'...
2025-10-19-17:33:19 [INFO] [trace_id=b8695b2cab6942fd9c1fc1b6131065b9] File uplodaded with success to 'bronze/raw/itr_cia_aberta_DFC_MD_ind_2023.csv'
2025-10-19-17:33:19 [INFO] [trace_id=b8695b2cab6942fd9c1fc1b6131065b9] File uploaded with success
2025-10-19-17:33:19 [INFO] [trace_id=b8695b2cab6942fd9c1fc1b6131065b9] Uploading file to 'bronze/raw/itr_cia_aberta_DFC_MI_con_2023.csv'...
2025-10-19-17:33:20 [INFO] [trace_id=b8695b2cab6942fd9c1fc1b6131065b9] File uplodaded with success to 'bronze/raw/itr_cia_aberta_DFC_MI_con_2023.csv'
2025-10-19-17:33:20 [INFO] [trace_id=b8695b2cab6942fd9c1fc1b6131065b9] File uploaded with success
2025-10-19-17:33:20 [INFO] [trace_id=b8695b2cab6942fd9c1fc1b6131065b9] Uploading file to 'bronze/raw/itr_cia_aberta_DFC_MI_ind_2023.csv'...
2025-10-19-17:33:21 [INFO] [trace_id=b8695b2cab6942fd9c1fc1b6131065b9] File uplodaded with success to 'bronze/raw/itr_cia_aberta_DFC_MI_ind_2023.csv'
2025-10-19-17:33:21 [INFO] [trace_id=b8695b2cab6942fd9c1fc1b6131065b9] File uploaded with success
2025-10-19-17:33:22 [INFO] [trace_id=b8695b2cab6942fd9c1fc1b6131065b9] Uploading file to 'bronze/raw/itr_cia_aberta_DMPL_con_2023.csv'...
2025-10-19-17:33:24 [INFO] [trace_id=b8695b2cab6942fd9c1fc1b6131065b9] File uplodaded with success to 'bronze/raw/itr_cia_aberta_DMPL_con_2023.csv'
2025-10-19-17:33:24 [INFO] [trace_id=b8695b2cab6942fd9c1fc1b6131065b9] File uploaded with success
2025-10-19-17:33:24 [INFO] [trace_id=b8695b2cab6942fd9c1fc1b6131065b9] Uploading file to 'bronze/raw/itr_cia_aberta_DMPL_ind_2023.csv'...
2025-10-19-17:33:25 [INFO] [trace_id=b8695b2cab6942fd9c1fc1b6131065b9] File uplodaded with success to 'bronze/raw/itr_cia_aberta_DMPL_ind_2023.csv'
2025-10-19-17:33:25 [INFO] [trace_id=b8695b2cab6942fd9c1fc1b6131065b9] File uploaded with success
2025-10-19-17:33:25 [INFO] [trace_id=b8695b2cab6942fd9c1fc1b6131065b9] Uploading file to 'bronze/raw/itr_cia_aberta_DRA_con_2023.csv'...
2025-10-19-17:33:25 [INFO] [trace_id=b8695b2cab6942fd9c1fc1b6131065b9] File uplodaded with success to 'bronze/raw/itr_cia_aberta_DRA_con_2023.csv'
2025-10-19-17:33:25 [INFO] [trace_id=b8695b2cab6942fd9c1fc1b6131065b9] File uploaded with success
2025-10-19-17:33:25 [INFO] [trace_id=b8695b2cab6942fd9c1fc1b6131065b9] Uploading file to 'bronze/raw/itr_cia_aberta_DRA_ind_2023.csv'...
2025-10-19-17:33:25 [INFO] [trace_id=b8695b2cab6942fd9c1fc1b6131065b9] File uplodaded with success to 'bronze/raw/itr_cia_aberta_DRA_ind_2023.csv'
2025-10-19-17:33:25 [INFO] [trace_id=b8695b2cab6942fd9c1fc1b6131065b9] File uploaded with success
2025-10-19-17:33:25 [INFO] [trace_id=b8695b2cab6942fd9c1fc1b6131065b9] Uploading file to 'bronze/raw/itr_cia_aberta_DRE_con_2023.csv'...
2025-10-19-17:33:26 [INFO] [trace_id=b8695b2cab6942fd9c1fc1b6131065b9] File uplodaded with success to 'bronze/raw/itr_cia_aberta_DRE_con_2023.csv'
2025-10-19-17:33:26 [INFO] [trace_id=b8695b2cab6942fd9c1fc1b6131065b9] File uploaded with success
2025-10-19-17:33:26 [INFO] [trace_id=b8695b2cab6942fd9c1fc1b6131065b9] Uploading file to 'bronze/raw/itr_cia_aberta_DRE_ind_2023.csv'...
2025-10-19-17:33:26 [INFO] [trace_id=b8695b2cab6942fd9c1fc1b6131065b9] File uplodaded with success to 'bronze/raw/itr_cia_aberta_DRE_ind_2023.csv'
2025-10-19-17:33:26 [INFO] [trace_id=b8695b2cab6942fd9c1fc1b6131065b9] File uploaded with success
2025-10-19-17:33:26 [INFO] [trace_id=b8695b2cab6942fd9c1fc1b6131065b9] Uploading file to 'bronze/raw/itr_cia_aberta_DVA_con_2023.csv'...
2025-10-19-17:33:26 [INFO] [trace_id=b8695b2cab6942fd9c1fc1b6131065b9] File uplodaded with success to 'bronze/raw/itr_cia_aberta_DVA_con_2023.csv'
2025-10-19-17:33:26 [INFO] [trace_id=b8695b2cab6942fd9c1fc1b6131065b9] File uploaded with success
2025-10-19-17:33:26 [INFO] [trace_id=b8695b2cab6942fd9c1fc1b6131065b9] Uploading file to 'bronze/raw/itr_cia_aberta_DVA_ind_2023.csv'...
2025-10-19-17:33:27 [INFO] [trace_id=b8695b2cab6942fd9c1fc1b6131065b9] File uplodaded with success to 'bronze/raw/itr_cia_aberta_DVA_ind_2023.csv'
2025-10-19-17:33:27 [INFO] [trace_id=b8695b2cab6942fd9c1fc1b6131065b9] File uploaded with success
2025-10-19-17:33:28 [INFO] [trace_id=b8695b2cab6942fd9c1fc1b6131065b9] Uploading file to 'bronze/raw/itr_cia_aberta_parecer_2023.csv'...
2025-10-19-17:33:28 [INFO] [trace_id=b8695b2cab6942fd9c1fc1b6131065b9] File uplodaded with success to 'bronze/raw/itr_cia_aberta_parecer_2023.csv'
2025-10-19-17:33:28 [INFO] [trace_id=b8695b2cab6942fd9c1fc1b6131065b9] File uploaded with success
2025-10-19-17:33:28 [INFO] [trace_id=b8695b2cab6942fd9c1fc1b6131065b9] Zip file for 'ITR' downloaded and uploaded to bronze/landing with success
2025-10-19-17:33:28 [INFO] [trace_id=b8695b2cab6942fd9c1fc1b6131065b9] '2023' uploaded to the bucket with success
2025-10-19-17:33:28 [INFO] [trace_id=b8695b2cab6942fd9c1fc1b6131065b9] Fetching files for '2023'...
2025-10-19-17:33:28 [INFO] [trace_id=b8695b2cab6942fd9c1fc1b6131065b9] Retrieving the last update date for CVM`s DFP...
2025-10-19-17:33:29 [INFO] [trace_id=b8695b2cab6942fd9c1fc1b6131065b9] Last update date fetched with success: 2025-10-13T08:01:03
2025-10-19-17:33:29 [INFO] [trace_id=b8695b2cab6942fd9c1fc1b6131065b9] Checking if a file with this update date already exists in the path 'ambipar-data/bronze/landing'
2025-10-19-17:33:29 [INFO] [trace_id=b8695b2cab6942fd9c1fc1b6131065b9] There are new files available, starting to download them...
2025-10-19-17:33:29 [INFO] [trace_id=b8695b2cab6942fd9c1fc1b6131065b9] Starting to download the .zip file from 'https://dados.cvm.gov.br/dados/CIA_ABERTA/DOC/DFP/DADOS/dfp_cia_aberta_2023.zip'...
2025-10-19-17:33:30 [INFO] [trace_id=b8695b2cab6942fd9c1fc1b6131065b9] File uplodaded with success to 'bronze/landing/CVM/dfp_cia_aberta-2023-2025-10-13T08:01:03.zip'
2025-10-19-17:33:30 [INFO] [trace_id=b8695b2cab6942fd9c1fc1b6131065b9] Zip file downloaded and stored to bronze/landing/ with success
2025-10-19-17:33:30 [INFO] [trace_id=b8695b2cab6942fd9c1fc1b6131065b9] Starting to unzip and upload contents to 'ambipar-data/bronze/raw'...
2025-10-19-17:33:30 [INFO] [trace_id=b8695b2cab6942fd9c1fc1b6131065b9] Uploading file to 'bronze/raw/dfp_cia_aberta_2023.csv'...
2025-10-19-17:33:31 [INFO] [trace_id=b8695b2cab6942fd9c1fc1b6131065b9] File uplodaded with success to 'bronze/raw/dfp_cia_aberta_2023.csv'
2025-10-19-17:33:31 [INFO] [trace_id=b8695b2cab6942fd9c1fc1b6131065b9] File uploaded with success
2025-10-19-17:33:31 [INFO] [trace_id=b8695b2cab6942fd9c1fc1b6131065b9] Uploading file to 'bronze/raw/dfp_cia_aberta_BPA_con_2023.csv'...
2025-10-19-17:33:31 [INFO] [trace_id=b8695b2cab6942fd9c1fc1b6131065b9] File uplodaded with success to 'bronze/raw/dfp_cia_aberta_BPA_con_2023.csv'
2025-10-19-17:33:31 [INFO] [trace_id=b8695b2cab6942fd9c1fc1b6131065b9] File uploaded with success
2025-10-19-17:33:31 [INFO] [trace_id=b8695b2cab6942fd9c1fc1b6131065b9] Uploading file to 'bronze/raw/dfp_cia_aberta_BPA_ind_2023.csv'...
2025-10-19-17:33:31 [INFO] [trace_id=b8695b2cab6942fd9c1fc1b6131065b9] File uplodaded with success to 'bronze/raw/dfp_cia_aberta_BPA_ind_2023.csv'
2025-10-19-17:33:31 [INFO] [trace_id=b8695b2cab6942fd9c1fc1b6131065b9] File uploaded with success
2025-10-19-17:33:31 [INFO] [trace_id=b8695b2cab6942fd9c1fc1b6131065b9] Uploading file to 'bronze/raw/dfp_cia_aberta_BPP_con_2023.csv'...
2025-10-19-17:33:32 [INFO] [trace_id=b8695b2cab6942fd9c1fc1b6131065b9] File uplodaded with success to 'bronze/raw/dfp_cia_aberta_BPP_con_2023.csv'
2025-10-19-17:33:32 [INFO] [trace_id=b8695b2cab6942fd9c1fc1b6131065b9] File uploaded with success
2025-10-19-17:33:32 [INFO] [trace_id=b8695b2cab6942fd9c1fc1b6131065b9] Uploading file to 'bronze/raw/dfp_cia_aberta_BPP_ind_2023.csv'...
2025-10-19-17:33:33 [INFO] [trace_id=b8695b2cab6942fd9c1fc1b6131065b9] File uplodaded with success to 'bronze/raw/dfp_cia_aberta_BPP_ind_2023.csv'
2025-10-19-17:33:33 [INFO] [trace_id=b8695b2cab6942fd9c1fc1b6131065b9] File uploaded with success
2025-10-19-17:33:33 [INFO] [trace_id=b8695b2cab6942fd9c1fc1b6131065b9] Uploading file to 'bronze/raw/dfp_cia_aberta_composicao_capital_2023.csv'...
2025-10-19-17:33:33 [INFO] [trace_id=b8695b2cab6942fd9c1fc1b6131065b9] File uplodaded with success to 'bronze/raw/dfp_cia_aberta_composicao_capital_2023.csv'
2025-10-19-17:33:33 [INFO] [trace_id=b8695b2cab6942fd9c1fc1b6131065b9] File uploaded with success
2025-10-19-17:33:33 [INFO] [trace_id=b8695b2cab6942fd9c1fc1b6131065b9] Uploading file to 'bronze/raw/dfp_cia_aberta_DFC_MD_con_2023.csv'...
2025-10-19-17:33:33 [INFO] [trace_id=b8695b2cab6942fd9c1fc1b6131065b9] File uplodaded with success to 'bronze/raw/dfp_cia_aberta_DFC_MD_con_2023.csv'
2025-10-19-17:33:33 [INFO] [trace_id=b8695b2cab6942fd9c1fc1b6131065b9] File uploaded with success
2025-10-19-17:33:33 [INFO] [trace_id=b8695b2cab6942fd9c1fc1b6131065b9] Uploading file to 'bronze/raw/dfp_cia_aberta_DFC_MD_ind_2023.csv'...
2025-10-19-17:33:33 [INFO] [trace_id=b8695b2cab6942fd9c1fc1b6131065b9] File uplodaded with success to 'bronze/raw/dfp_cia_aberta_DFC_MD_ind_2023.csv'
2025-10-19-17:33:33 [INFO] [trace_id=b8695b2cab6942fd9c1fc1b6131065b9] File uploaded with success
2025-10-19-17:33:33 [INFO] [trace_id=b8695b2cab6942fd9c1fc1b6131065b9] Uploading file to 'bronze/raw/dfp_cia_aberta_DFC_MI_con_2023.csv'...
2025-10-19-17:33:33 [INFO] [trace_id=b8695b2cab6942fd9c1fc1b6131065b9] File uplodaded with success to 'bronze/raw/dfp_cia_aberta_DFC_MI_con_2023.csv'
2025-10-19-17:33:33 [INFO] [trace_id=b8695b2cab6942fd9c1fc1b6131065b9] File uploaded with success
2025-10-19-17:33:33 [INFO] [trace_id=b8695b2cab6942fd9c1fc1b6131065b9] Uploading file to 'bronze/raw/dfp_cia_aberta_DFC_MI_ind_2023.csv'...
2025-10-19-17:33:34 [INFO] [trace_id=b8695b2cab6942fd9c1fc1b6131065b9] File uplodaded with success to 'bronze/raw/dfp_cia_aberta_DFC_MI_ind_2023.csv'
2025-10-19-17:33:34 [INFO] [trace_id=b8695b2cab6942fd9c1fc1b6131065b9] File uploaded with success
2025-10-19-17:33:34 [INFO] [trace_id=b8695b2cab6942fd9c1fc1b6131065b9] Uploading file to 'bronze/raw/dfp_cia_aberta_DMPL_con_2023.csv'...
2025-10-19-17:33:35 [INFO] [trace_id=b8695b2cab6942fd9c1fc1b6131065b9] File uplodaded with success to 'bronze/raw/dfp_cia_aberta_DMPL_con_2023.csv'
2025-10-19-17:33:35 [INFO] [trace_id=b8695b2cab6942fd9c1fc1b6131065b9] File uploaded with success
2025-10-19-17:33:36 [INFO] [trace_id=b8695b2cab6942fd9c1fc1b6131065b9] Uploading file to 'bronze/raw/dfp_cia_aberta_DMPL_ind_2023.csv'...
2025-10-19-17:33:38 [INFO] [trace_id=b8695b2cab6942fd9c1fc1b6131065b9] File uplodaded with success to 'bronze/raw/dfp_cia_aberta_DMPL_ind_2023.csv'
2025-10-19-17:33:38 [INFO] [trace_id=b8695b2cab6942fd9c1fc1b6131065b9] File uploaded with success
2025-10-19-17:33:38 [INFO] [trace_id=b8695b2cab6942fd9c1fc1b6131065b9] Uploading file to 'bronze/raw/dfp_cia_aberta_DRA_con_2023.csv'...
2025-10-19-17:33:39 [INFO] [trace_id=b8695b2cab6942fd9c1fc1b6131065b9] File uplodaded with success to 'bronze/raw/dfp_cia_aberta_DRA_con_2023.csv'
2025-10-19-17:33:39 [INFO] [trace_id=b8695b2cab6942fd9c1fc1b6131065b9] File uploaded with success
2025-10-19-17:33:39 [INFO] [trace_id=b8695b2cab6942fd9c1fc1b6131065b9] Uploading file to 'bronze/raw/dfp_cia_aberta_DRA_ind_2023.csv'...
2025-10-19-17:33:39 [INFO] [trace_id=b8695b2cab6942fd9c1fc1b6131065b9] File uplodaded with success to 'bronze/raw/dfp_cia_aberta_DRA_ind_2023.csv'
2025-10-19-17:33:39 [INFO] [trace_id=b8695b2cab6942fd9c1fc1b6131065b9] File uploaded with success
2025-10-19-17:33:39 [INFO] [trace_id=b8695b2cab6942fd9c1fc1b6131065b9] Uploading file to 'bronze/raw/dfp_cia_aberta_DRE_con_2023.csv'...
2025-10-19-17:33:39 [INFO] [trace_id=b8695b2cab6942fd9c1fc1b6131065b9] File uplodaded with success to 'bronze/raw/dfp_cia_aberta_DRE_con_2023.csv'
2025-10-19-17:33:39 [INFO] [trace_id=b8695b2cab6942fd9c1fc1b6131065b9] File uploaded with success
2025-10-19-17:33:39 [INFO] [trace_id=b8695b2cab6942fd9c1fc1b6131065b9] Uploading file to 'bronze/raw/dfp_cia_aberta_DRE_ind_2023.csv'...
2025-10-19-17:33:39 [INFO] [trace_id=b8695b2cab6942fd9c1fc1b6131065b9] File uplodaded with success to 'bronze/raw/dfp_cia_aberta_DRE_ind_2023.csv'
2025-10-19-17:33:39 [INFO] [trace_id=b8695b2cab6942fd9c1fc1b6131065b9] File uploaded with success
2025-10-19-17:33:39 [INFO] [trace_id=b8695b2cab6942fd9c1fc1b6131065b9] Uploading file to 'bronze/raw/dfp_cia_aberta_DVA_con_2023.csv'...
2025-10-19-17:33:40 [INFO] [trace_id=b8695b2cab6942fd9c1fc1b6131065b9] File uplodaded with success to 'bronze/raw/dfp_cia_aberta_DVA_con_2023.csv'
2025-10-19-17:33:40 [INFO] [trace_id=b8695b2cab6942fd9c1fc1b6131065b9] File uploaded with success
2025-10-19-17:33:40 [INFO] [trace_id=b8695b2cab6942fd9c1fc1b6131065b9] Uploading file to 'bronze/raw/dfp_cia_aberta_DVA_ind_2023.csv'...
2025-10-19-17:33:37 [INFO] [trace_id=b8695b2cab6942fd9c1fc1b6131065b9] File uplodaded with success to 'bronze/raw/dfp_cia_aberta_DVA_ind_2023.csv'
2025-10-19-17:33:37 [INFO] [trace_id=b8695b2cab6942fd9c1fc1b6131065b9] File uploaded with success
2025-10-19-17:33:37 [INFO] [trace_id=b8695b2cab6942fd9c1fc1b6131065b9] Uploading file to 'bronze/raw/dfp_cia_aberta_parecer_2023.csv'...
2025-10-19-17:33:38 [INFO] [trace_id=b8695b2cab6942fd9c1fc1b6131065b9] File uplodaded with success to 'bronze/raw/dfp_cia_aberta_parecer_2023.csv'
2025-10-19-17:33:38 [INFO] [trace_id=b8695b2cab6942fd9c1fc1b6131065b9] File uploaded with success
2025-10-19-17:33:38 [INFO] [trace_id=b8695b2cab6942fd9c1fc1b6131065b9] Zip file for 'DFP' downloaded and uploaded to bronze/landing with success
2025-10-19-17:33:38 [INFO] [trace_id=b8695b2cab6942fd9c1fc1b6131065b9] '2023' uploaded to the bucket with success
2025-10-19-17:33:38 [INFO] [trace_id=b8695b2cab6942fd9c1fc1b6131065b9] Starting bronze layer processing...
2025-10-19-17:33:38 [INFO] [trace_id=b8695b2cab6942fd9c1fc1b6131065b9] Bronze layer processing finished with success
2025-10-19-17:33:38 [INFO] [trace_id=b8695b2cab6942fd9c1fc1b6131065b9] Starting silver layer processing...
2025-10-19-17:33:38 [INFO] [trace_id=b8695b2cab6942fd9c1fc1b6131065b9] Processing document type 1/4
2025-10-19-17:33:38 [INFO] [trace_id=b8695b2cab6942fd9c1fc1b6131065b9] Processing file 'bronze/raw/itr_cia_aberta_BPA_con_2025.csv'...
2025-10-19-17:33:38 [ERROR] [trace_id=b8695b2cab6942fd9c1fc1b6131065b9] An error ocurred while processing: CVMETL:FS_full_etl: Failure while filtering the DF for file 'bronze/raw/itr_cia_aberta_BPA_con_2025.csv'. Please confirm the provided company CNPJ 'None' in the environment file.
2025-10-19-17:33:38 [ERROR] [trace_id=b8695b2cab6942fd9c1fc1b6131065b9] Ending job 'cvm_financial_data' with failure...
2025-10-19-17:33:38 [INFO] [trace_id=b8695b2cab6942fd9c1fc1b6131065b9] Ending job 'cvm_financial_data' with success...
2025-10-19-17:33:38 [INFO] [trace_id=b8695b2cab6942fd9c1fc1b6131065b9] Starting job 'SND_debenture_data'. Jobs progress: 2/3
2025-10-19-17:33:38 [INFO] [trace_id=b8695b2cab6942fd9c1fc1b6131065b9] Starting the ETL for the debenture's financial events schedule...
2025-10-19-17:33:38 [ERROR] [trace_id=b8695b2cab6942fd9c1fc1b6131065b9] An error ocurred while processing: SNDETL:deb_financial_events_schedule_full_etl: 'NoneType' object is not iterable
2025-10-19-17:33:38 [ERROR] [trace_id=b8695b2cab6942fd9c1fc1b6131065b9] Ending job 'SND_debenture_data' with failure...
2025-10-19-17:33:38 [INFO] [trace_id=b8695b2cab6942fd9c1fc1b6131065b9] Ending job 'SND_debenture_data' with success...
2025-10-19-17:33:38 [INFO] [trace_id=b8695b2cab6942fd9c1fc1b6131065b9] Starting job 'b3_macroeconomic_data'. Jobs progress: 3/3
2025-10-19-17:33:38 [INFO] [trace_id=b8695b2cab6942fd9c1fc1b6131065b9] Starting to retrieve macroeconomic data from B3...
2025-10-19-17:33:38 [INFO] [trace_id=b8695b2cab6942fd9c1fc1b6131065b9] All macro data processed with success, saving to gold layer...
2025-10-19-17:33:38 [INFO] [trace_id=b8695b2cab6942fd9c1fc1b6131065b9] Starting to upload files to gold/export and gold/serving...
2025-10-19-17:33:38 [INFO] [trace_id=b8695b2cab6942fd9c1fc1b6131065b9] Saving file to 'gold/export/B3/macro_data.xlsx'...
2025-10-19-17:33:38 [INFO] [trace_id=b8695b2cab6942fd9c1fc1b6131065b9] File uplodaded with success to 'gold/export/B3/macro_data.xlsx'
2025-10-19-17:33:38 [INFO] [trace_id=b8695b2cab6942fd9c1fc1b6131065b9] File saved with success
2025-10-19-17:33:38 [INFO] [trace_id=b8695b2cab6942fd9c1fc1b6131065b9] Saving file to 'gold/serving/B3/macro_data.parquet'...
2025-10-19-17:33:38 [INFO] [trace_id=b8695b2cab6942fd9c1fc1b6131065b9] File uplodaded with success to 'gold/serving/B3/macro_data.parquet'
2025-10-19-17:33:38 [INFO] [trace_id=b8695b2cab6942fd9c1fc1b6131065b9] File saved with success
2025-10-19-17:33:38 [INFO] [trace_id=b8695b2cab6942fd9c1fc1b6131065b9] Saving data into Redis cache for gold layer table 'macro_data' with reference date '2025-10-19 17:33:38.981680' and trace id 'b8695b2cab6942fd9c1fc1b6131065b9'
2025-10-19-17:33:38 [INFO] [trace_id=b8695b2cab6942fd9c1fc1b6131065b9] Data saved into Redis cache with success
2025-10-19-17:33:38 [INFO] [trace_id=b8695b2cab6942fd9c1fc1b6131065b9] All macro data files saved to gold layer, ending this ETL with success...
2025-10-19-17:33:38 [INFO] [trace_id=b8695b2cab6942fd9c1fc1b6131065b9] Ending job 'b3_macroeconomic_data' with success...
2025-10-19-17:33:38 [INFO] [trace_id=b8695b2cab6942fd9c1fc1b6131065b9] All ingestion ETL jobs finished processing
2025-10-19-17:33:38 [INFO] [trace_id=b8695b2cab6942fd9c1fc1b6131065b9] Starting to push processed files to RagFlow`s dataset...
2025-10-19-17:33:38 [INFO] [trace_id=b8695b2cab6942fd9c1fc1b6131065b9] All files pushed to the datasets with success, saving log to bucket...
2025-10-19-17:33:38 [INFO] [trace_id=b8695b2cab6942fd9c1fc1b6131065b9] Logs saved to bucket, ending ETL orchestrator with success...
