2025-10-19-15:34:07 [INFO] [trace_id=44cfa056bccc4fceb7c54e744671959f] Starting ingestion orchestrator routine...
2025-10-19-15:34:07 [INFO] [trace_id=44cfa056bccc4fceb7c54e744671959f] Validating the environment variables...
2025-10-19-15:34:07 [INFO] [trace_id=44cfa056bccc4fceb7c54e744671959f] Environment file found, loading it...
2025-10-19-15:34:07 [INFO] [trace_id=44cfa056bccc4fceb7c54e744671959f] Environment file loaded and validated with success
2025-10-19-15:34:07 [INFO] [trace_id=44cfa056bccc4fceb7c54e744671959f] Creating minio, ragflow and redis handlers...
2025-10-19-15:34:07 [INFO] [trace_id=44cfa056bccc4fceb7c54e744671959f] Authenticated to MinIO with success
2025-10-19-15:34:07 [INFO] [trace_id=44cfa056bccc4fceb7c54e744671959f] All handlers created with success...
2025-10-19-15:34:07 [INFO] [trace_id=44cfa056bccc4fceb7c54e744671959f] Creating HTTP sessions
2025-10-19-15:34:07 [INFO] [trace_id=44cfa056bccc4fceb7c54e744671959f] Startup process finished with success
2025-10-19-15:34:07 [INFO] [trace_id=44cfa056bccc4fceb7c54e744671959f] There are 3 ingestion(s) to be done.
2025-10-19-15:34:07 [INFO] [trace_id=44cfa056bccc4fceb7c54e744671959f] Starting job 'cvm_financial_data'. Jobs progress: 1/3
2025-10-19-15:34:08 [INFO] [trace_id=44cfa056bccc4fceb7c54e744671959f] There are '35' returned documents from the search. Starting to process them...
2025-10-19-15:34:08 [INFO] [trace_id=44cfa056bccc4fceb7c54e744671959f] Processing file 1/35
2025-10-19-15:34:08 [INFO] [trace_id=44cfa056bccc4fceb7c54e744671959f] Protocol download ID found '1214159'. Starting to download file of category 'Dados Econômico-Financeiros'...
2025-10-19-15:34:09 [INFO] [trace_id=44cfa056bccc4fceb7c54e744671959f] Saving file 'DADOS_ECONOMICO_E_FINANCEIROS' to 'gold/documents/CVM/DADOS_ECONOMICO_E_FINANCEIROS_Release_de_Resultados_4T23_em_Português_-_20231231.pdf'...
2025-10-19-15:34:09 [WARNING] [trace_id=44cfa056bccc4fceb7c54e744671959f] The file trying to be uploaded already exists as of path 'gold/documents/CVM/DADOS_ECONOMICO_E_FINANCEIROS_Release_de_Resultados_4T23_em_Português_-_20231231.pdf'. Aborting upload...
2025-10-19-15:34:09 [INFO] [trace_id=44cfa056bccc4fceb7c54e744671959f] File 'DADOS_ECONOMICO_E_FINANCEIROS' from RAD processed with success.
2025-10-19-15:34:09 [INFO] [trace_id=44cfa056bccc4fceb7c54e744671959f] Processing file 2/35
2025-10-19-15:34:09 [INFO] [trace_id=44cfa056bccc4fceb7c54e744671959f] Protocol download ID found '1214479'. Starting to download file of category 'Dados Econômico-Financeiros'...
2025-10-19-15:34:10 [INFO] [trace_id=44cfa056bccc4fceb7c54e744671959f] Saving file 'DADOS_ECONOMICO_E_FINANCEIROS' to 'gold/documents/CVM/DADOS_ECONOMICO_E_FINANCEIROS_Release_de_Resultados_do_4T23_em_inglês_-_20231231.pdf'...
2025-10-19-15:34:10 [WARNING] [trace_id=44cfa056bccc4fceb7c54e744671959f] The file trying to be uploaded already exists as of path 'gold/documents/CVM/DADOS_ECONOMICO_E_FINANCEIROS_Release_de_Resultados_do_4T23_em_inglês_-_20231231.pdf'. Aborting upload...
2025-10-19-15:34:10 [INFO] [trace_id=44cfa056bccc4fceb7c54e744671959f] File 'DADOS_ECONOMICO_E_FINANCEIROS' from RAD processed with success.
2025-10-19-15:34:10 [INFO] [trace_id=44cfa056bccc4fceb7c54e744671959f] Processing file 3/35
2025-10-19-15:34:10 [INFO] [trace_id=44cfa056bccc4fceb7c54e744671959f] Protocol download ID found '1219467'. Starting to download file of category 'Dados Econômico-Financeiros'...
2025-10-19-15:34:11 [INFO] [trace_id=44cfa056bccc4fceb7c54e744671959f] Saving file 'DADOS_ECONOMICO_E_FINANCEIROS' to 'gold/documents/CVM/DADOS_ECONOMICO_E_FINANCEIROS_-_20231231.pdf'...
2025-10-19-15:34:11 [INFO] [trace_id=44cfa056bccc4fceb7c54e744671959f] File uplodaded with success to 'gold/documents/CVM/DADOS_ECONOMICO_E_FINANCEIROS_-_20231231.pdf'
2025-10-19-15:34:11 [INFO] [trace_id=44cfa056bccc4fceb7c54e744671959f] File 'DADOS_ECONOMICO_E_FINANCEIROS' from RAD processed with success.
2025-10-19-15:34:11 [INFO] [trace_id=44cfa056bccc4fceb7c54e744671959f] Processing file 4/35
2025-10-19-15:34:11 [INFO] [trace_id=44cfa056bccc4fceb7c54e744671959f] Protocol download ID found '1219474'. Starting to download file of category 'Dados Econômico-Financeiros'...
2025-10-19-15:34:12 [INFO] [trace_id=44cfa056bccc4fceb7c54e744671959f] Saving file 'DADOS_ECONOMICO_E_FINANCEIROS' to 'gold/documents/CVM/DADOS_ECONOMICO_E_FINANCEIROS_Versão_em_InglêsDemonstrações_Financeiras_em_IFRS_20231231.pdf'...
2025-10-19-15:34:12 [WARNING] [trace_id=44cfa056bccc4fceb7c54e744671959f] The file trying to be uploaded already exists as of path 'gold/documents/CVM/DADOS_ECONOMICO_E_FINANCEIROS_Versão_em_InglêsDemonstrações_Financeiras_em_IFRS_20231231.pdf'. Aborting upload...
2025-10-19-15:34:12 [INFO] [trace_id=44cfa056bccc4fceb7c54e744671959f] File 'DADOS_ECONOMICO_E_FINANCEIROS' from RAD processed with success.
2025-10-19-15:34:12 [INFO] [trace_id=44cfa056bccc4fceb7c54e744671959f] Processing file 5/35
2025-10-19-15:34:12 [INFO] [trace_id=44cfa056bccc4fceb7c54e744671959f] Protocol download ID found '1230659'. Starting to download file of category 'Dados Econômico-Financeiros'...
2025-10-19-15:34:13 [INFO] [trace_id=44cfa056bccc4fceb7c54e744671959f] Saving file 'DADOS_ECONOMICO_E_FINANCEIROS' to 'gold/documents/CVM/DADOS_ECONOMICO_E_FINANCEIROS_Relatório_Anual_do_Agente_Fiduciário_Exercício_de_2023_-_4ª_emissão_-_20240430.pdf'...
2025-10-19-15:34:13 [WARNING] [trace_id=44cfa056bccc4fceb7c54e744671959f] The file trying to be uploaded already exists as of path 'gold/documents/CVM/DADOS_ECONOMICO_E_FINANCEIROS_Relatório_Anual_do_Agente_Fiduciário_Exercício_de_2023_-_4ª_emissão_-_20240430.pdf'. Aborting upload...
2025-10-19-15:34:13 [INFO] [trace_id=44cfa056bccc4fceb7c54e744671959f] File 'DADOS_ECONOMICO_E_FINANCEIROS' from RAD processed with success.
2025-10-19-15:34:13 [INFO] [trace_id=44cfa056bccc4fceb7c54e744671959f] Processing file 6/35
2025-10-19-15:34:13 [INFO] [trace_id=44cfa056bccc4fceb7c54e744671959f] Protocol download ID found '1230663'. Starting to download file of category 'Dados Econômico-Financeiros'...
2025-10-19-15:34:13 [INFO] [trace_id=44cfa056bccc4fceb7c54e744671959f] Saving file 'DADOS_ECONOMICO_E_FINANCEIROS' to 'gold/documents/CVM/DADOS_ECONOMICO_E_FINANCEIROS_Relatório_Anual_do_Agente_Fiduciário_Exercício_de_2023_-_5ª_emissão_-_20240430.pdf'...
2025-10-19-15:34:13 [WARNING] [trace_id=44cfa056bccc4fceb7c54e744671959f] The file trying to be uploaded already exists as of path 'gold/documents/CVM/DADOS_ECONOMICO_E_FINANCEIROS_Relatório_Anual_do_Agente_Fiduciário_Exercício_de_2023_-_5ª_emissão_-_20240430.pdf'. Aborting upload...
2025-10-19-15:34:13 [INFO] [trace_id=44cfa056bccc4fceb7c54e744671959f] File 'DADOS_ECONOMICO_E_FINANCEIROS' from RAD processed with success.
2025-10-19-15:34:13 [INFO] [trace_id=44cfa056bccc4fceb7c54e744671959f] Processing file 7/35
2025-10-19-15:34:13 [INFO] [trace_id=44cfa056bccc4fceb7c54e744671959f] Protocol download ID found '1235982'. Starting to download file of category 'Dados Econômico-Financeiros'...
2025-10-19-15:34:15 [INFO] [trace_id=44cfa056bccc4fceb7c54e744671959f] Saving file 'DADOS_ECONOMICO_E_FINANCEIROS' to 'gold/documents/CVM/DADOS_ECONOMICO_E_FINANCEIROS_Release_de_Resultados_1T24_em_Português_e_Inglês_-_20240331.pdf'...
2025-10-19-15:34:15 [INFO] [trace_id=44cfa056bccc4fceb7c54e744671959f] File uplodaded with success to 'gold/documents/CVM/DADOS_ECONOMICO_E_FINANCEIROS_Release_de_Resultados_1T24_em_Português_e_Inglês_-_20240331.pdf'
2025-10-19-15:34:15 [INFO] [trace_id=44cfa056bccc4fceb7c54e744671959f] File 'DADOS_ECONOMICO_E_FINANCEIROS' from RAD processed with success.
2025-10-19-15:34:15 [INFO] [trace_id=44cfa056bccc4fceb7c54e744671959f] Processing file 8/35
2025-10-19-15:34:15 [INFO] [trace_id=44cfa056bccc4fceb7c54e744671959f] Protocol download ID found '1237017'. Starting to download file of category 'Dados Econômico-Financeiros'...
2025-10-19-15:34:14 [INFO] [trace_id=44cfa056bccc4fceb7c54e744671959f] Saving file 'DADOS_ECONOMICO_E_FINANCEIROS' to 'gold/documents/CVM/DADOS_ECONOMICO_E_FINANCEIROS_-_20231231.pdf'...
2025-10-19-15:34:14 [INFO] [trace_id=44cfa056bccc4fceb7c54e744671959f] File uplodaded with success to 'gold/documents/CVM/DADOS_ECONOMICO_E_FINANCEIROS_-_20231231.pdf'
2025-10-19-15:34:14 [INFO] [trace_id=44cfa056bccc4fceb7c54e744671959f] File 'DADOS_ECONOMICO_E_FINANCEIROS' from RAD processed with success.
2025-10-19-15:34:14 [INFO] [trace_id=44cfa056bccc4fceb7c54e744671959f] Processing file 9/35
2025-10-19-15:34:14 [INFO] [trace_id=44cfa056bccc4fceb7c54e744671959f] Protocol download ID found '1237258'. Starting to download file of category 'Dados Econômico-Financeiros'...
2025-10-19-15:34:16 [INFO] [trace_id=44cfa056bccc4fceb7c54e744671959f] Saving file 'DADOS_ECONOMICO_E_FINANCEIROS' to 'gold/documents/CVM/DADOS_ECONOMICO_E_FINANCEIROS_Release_de_Resultados_1T24_em_Português_e_Inglês_-_20240331.pdf'...
2025-10-19-15:34:16 [INFO] [trace_id=44cfa056bccc4fceb7c54e744671959f] File uplodaded with success to 'gold/documents/CVM/DADOS_ECONOMICO_E_FINANCEIROS_Release_de_Resultados_1T24_em_Português_e_Inglês_-_20240331.pdf'
2025-10-19-15:34:16 [INFO] [trace_id=44cfa056bccc4fceb7c54e744671959f] File 'DADOS_ECONOMICO_E_FINANCEIROS' from RAD processed with success.
2025-10-19-15:34:16 [INFO] [trace_id=44cfa056bccc4fceb7c54e744671959f] Processing file 10/35
2025-10-19-15:34:16 [INFO] [trace_id=44cfa056bccc4fceb7c54e744671959f] Protocol download ID found '1259619'. Starting to download file of category 'Dados Econômico-Financeiros'...
2025-10-19-15:34:17 [INFO] [trace_id=44cfa056bccc4fceb7c54e744671959f] Saving file 'DADOS_ECONOMICO_E_FINANCEIROS' to 'gold/documents/CVM/DADOS_ECONOMICO_E_FINANCEIROS_-_20231231.pdf'...
2025-10-19-15:34:17 [INFO] [trace_id=44cfa056bccc4fceb7c54e744671959f] File uplodaded with success to 'gold/documents/CVM/DADOS_ECONOMICO_E_FINANCEIROS_-_20231231.pdf'
2025-10-19-15:34:17 [INFO] [trace_id=44cfa056bccc4fceb7c54e744671959f] File 'DADOS_ECONOMICO_E_FINANCEIROS' from RAD processed with success.
2025-10-19-15:34:17 [INFO] [trace_id=44cfa056bccc4fceb7c54e744671959f] Processing file 11/35
2025-10-19-15:34:17 [INFO] [trace_id=44cfa056bccc4fceb7c54e744671959f] Protocol download ID found '1269245'. Starting to download file of category 'Dados Econômico-Financeiros'...
2025-10-19-15:34:18 [INFO] [trace_id=44cfa056bccc4fceb7c54e744671959f] Saving file 'DADOS_ECONOMICO_E_FINANCEIROS' to 'gold/documents/CVM/DADOS_ECONOMICO_E_FINANCEIROS_Release_de_Resultados_2T24_em_Português_-_20240630.pdf'...
2025-10-19-15:34:18 [WARNING] [trace_id=44cfa056bccc4fceb7c54e744671959f] The file trying to be uploaded already exists as of path 'gold/documents/CVM/DADOS_ECONOMICO_E_FINANCEIROS_Release_de_Resultados_2T24_em_Português_-_20240630.pdf'. Aborting upload...
2025-10-19-15:34:18 [INFO] [trace_id=44cfa056bccc4fceb7c54e744671959f] File 'DADOS_ECONOMICO_E_FINANCEIROS' from RAD processed with success.
2025-10-19-15:34:18 [INFO] [trace_id=44cfa056bccc4fceb7c54e744671959f] Processing file 12/35
2025-10-19-15:34:18 [INFO] [trace_id=44cfa056bccc4fceb7c54e744671959f] Protocol download ID found '1270027'. Starting to download file of category 'Dados Econômico-Financeiros'...
2025-10-19-15:34:18 [INFO] [trace_id=44cfa056bccc4fceb7c54e744671959f] Saving file 'DADOS_ECONOMICO_E_FINANCEIROS' to 'gold/documents/CVM/DADOS_ECONOMICO_E_FINANCEIROS_Release_de_Resultados_2T24_-_Versão_Inglês_-_20240630.pdf'...
2025-10-19-15:34:19 [WARNING] [trace_id=44cfa056bccc4fceb7c54e744671959f] The file trying to be uploaded already exists as of path 'gold/documents/CVM/DADOS_ECONOMICO_E_FINANCEIROS_Release_de_Resultados_2T24_-_Versão_Inglês_-_20240630.pdf'. Aborting upload...
2025-10-19-15:34:19 [INFO] [trace_id=44cfa056bccc4fceb7c54e744671959f] File 'DADOS_ECONOMICO_E_FINANCEIROS' from RAD processed with success.
2025-10-19-15:34:19 [INFO] [trace_id=44cfa056bccc4fceb7c54e744671959f] Processing file 13/35
2025-10-19-15:34:19 [INFO] [trace_id=44cfa056bccc4fceb7c54e744671959f] Protocol download ID found '1274247'. Starting to download file of category 'Dados Econômico-Financeiros'...
2025-10-19-15:34:19 [INFO] [trace_id=44cfa056bccc4fceb7c54e744671959f] Saving file 'DADOS_ECONOMICO_E_FINANCEIROS' to 'gold/documents/CVM/DADOS_ECONOMICO_E_FINANCEIROS_Versão_em_InglêsDemonstrações_Financeiras_em_IFRS_20240630.pdf'...
2025-10-19-15:34:19 [WARNING] [trace_id=44cfa056bccc4fceb7c54e744671959f] The file trying to be uploaded already exists as of path 'gold/documents/CVM/DADOS_ECONOMICO_E_FINANCEIROS_Versão_em_InglêsDemonstrações_Financeiras_em_IFRS_20240630.pdf'. Aborting upload...
2025-10-19-15:34:19 [INFO] [trace_id=44cfa056bccc4fceb7c54e744671959f] File 'DADOS_ECONOMICO_E_FINANCEIROS' from RAD processed with success.
2025-10-19-15:34:19 [INFO] [trace_id=44cfa056bccc4fceb7c54e744671959f] Processing file 14/35
2025-10-19-15:34:19 [INFO] [trace_id=44cfa056bccc4fceb7c54e744671959f] Protocol download ID found '1285704'. Starting to download file of category 'Dados Econômico-Financeiros'...
2025-10-19-15:34:19 [INFO] [trace_id=44cfa056bccc4fceb7c54e744671959f] Saving file 'DADOS_ECONOMICO_E_FINANCEIROS' to 'gold/documents/CVM/DADOS_ECONOMICO_E_FINANCEIROS_Fitch_eleva_perspectiva_de_rating_da_AMBIPAR_de_estável_para_positiva_-_20240926.pdf'...
2025-10-19-15:34:19 [WARNING] [trace_id=44cfa056bccc4fceb7c54e744671959f] The file trying to be uploaded already exists as of path 'gold/documents/CVM/DADOS_ECONOMICO_E_FINANCEIROS_Fitch_eleva_perspectiva_de_rating_da_AMBIPAR_de_estável_para_positiva_-_20240926.pdf'. Aborting upload...
2025-10-19-15:34:19 [INFO] [trace_id=44cfa056bccc4fceb7c54e744671959f] File 'DADOS_ECONOMICO_E_FINANCEIROS' from RAD processed with success.
2025-10-19-15:34:19 [INFO] [trace_id=44cfa056bccc4fceb7c54e744671959f] Processing file 15/35
2025-10-19-15:34:19 [INFO] [trace_id=44cfa056bccc4fceb7c54e744671959f] Protocol download ID found '1303897'. Starting to download file of category 'Dados Econômico-Financeiros'...
2025-10-19-15:34:20 [INFO] [trace_id=44cfa056bccc4fceb7c54e744671959f] Saving file 'DADOS_ECONOMICO_E_FINANCEIROS' to 'gold/documents/CVM/DADOS_ECONOMICO_E_FINANCEIROS_Release_de_Resultados_3T24_em_Português_-_20240930.pdf'...
2025-10-19-15:34:21 [INFO] [trace_id=44cfa056bccc4fceb7c54e744671959f] File uplodaded with success to 'gold/documents/CVM/DADOS_ECONOMICO_E_FINANCEIROS_Release_de_Resultados_3T24_em_Português_-_20240930.pdf'
2025-10-19-15:34:21 [INFO] [trace_id=44cfa056bccc4fceb7c54e744671959f] File 'DADOS_ECONOMICO_E_FINANCEIROS' from RAD processed with success.
2025-10-19-15:34:21 [INFO] [trace_id=44cfa056bccc4fceb7c54e744671959f] Processing file 16/35
2025-10-19-15:34:21 [INFO] [trace_id=44cfa056bccc4fceb7c54e744671959f] Protocol download ID found '1304018'. Starting to download file of category 'Dados Econômico-Financeiros'...
2025-10-19-15:34:22 [INFO] [trace_id=44cfa056bccc4fceb7c54e744671959f] Saving file 'DADOS_ECONOMICO_E_FINANCEIROS' to 'gold/documents/CVM/DADOS_ECONOMICO_E_FINANCEIROS_Release_de_Resultados_3T24_em_Português_-_20240930.pdf'...
2025-10-19-15:34:22 [INFO] [trace_id=44cfa056bccc4fceb7c54e744671959f] File uplodaded with success to 'gold/documents/CVM/DADOS_ECONOMICO_E_FINANCEIROS_Release_de_Resultados_3T24_em_Português_-_20240930.pdf'
2025-10-19-15:34:22 [INFO] [trace_id=44cfa056bccc4fceb7c54e744671959f] File 'DADOS_ECONOMICO_E_FINANCEIROS' from RAD processed with success.
2025-10-19-15:34:22 [INFO] [trace_id=44cfa056bccc4fceb7c54e744671959f] Processing file 17/35
2025-10-19-15:34:22 [INFO] [trace_id=44cfa056bccc4fceb7c54e744671959f] Protocol download ID found '1304672'. Starting to download file of category 'Dados Econômico-Financeiros'...
2025-10-19-15:34:23 [INFO] [trace_id=44cfa056bccc4fceb7c54e744671959f] Saving file 'DADOS_ECONOMICO_E_FINANCEIROS' to 'gold/documents/CVM/DADOS_ECONOMICO_E_FINANCEIROS_Release_de_Resultados_3T24_em_Inglês_-_20240930.pdf'...
2025-10-19-15:34:23 [WARNING] [trace_id=44cfa056bccc4fceb7c54e744671959f] The file trying to be uploaded already exists as of path 'gold/documents/CVM/DADOS_ECONOMICO_E_FINANCEIROS_Release_de_Resultados_3T24_em_Inglês_-_20240930.pdf'. Aborting upload...
2025-10-19-15:34:23 [INFO] [trace_id=44cfa056bccc4fceb7c54e744671959f] File 'DADOS_ECONOMICO_E_FINANCEIROS' from RAD processed with success.
2025-10-19-15:34:23 [INFO] [trace_id=44cfa056bccc4fceb7c54e744671959f] Processing file 18/35
2025-10-19-15:34:23 [INFO] [trace_id=44cfa056bccc4fceb7c54e744671959f] Protocol download ID found '1327036'. Starting to download file of category 'Dados Econômico-Financeiros'...
2025-10-19-15:34:23 [INFO] [trace_id=44cfa056bccc4fceb7c54e744671959f] Saving file 'DADOS_ECONOMICO_E_FINANCEIROS' to 'gold/documents/CVM/DADOS_ECONOMICO_E_FINANCEIROS_Relatório_Agência_de_Rating_-_S&P_-_20250123.pdf'...
2025-10-19-15:34:23 [INFO] [trace_id=44cfa056bccc4fceb7c54e744671959f] File uplodaded with success to 'gold/documents/CVM/DADOS_ECONOMICO_E_FINANCEIROS_Relatório_Agência_de_Rating_-_S&P_-_20250123.pdf'
2025-10-19-15:34:23 [INFO] [trace_id=44cfa056bccc4fceb7c54e744671959f] File 'DADOS_ECONOMICO_E_FINANCEIROS' from RAD processed with success.
2025-10-19-15:34:23 [INFO] [trace_id=44cfa056bccc4fceb7c54e744671959f] Processing file 19/35
2025-10-19-15:34:23 [INFO] [trace_id=44cfa056bccc4fceb7c54e744671959f] Protocol download ID found '1327051'. Starting to download file of category 'Dados Econômico-Financeiros'...
2025-10-19-15:34:23 [INFO] [trace_id=44cfa056bccc4fceb7c54e744671959f] Saving file 'DADOS_ECONOMICO_E_FINANCEIROS' to 'gold/documents/CVM/DADOS_ECONOMICO_E_FINANCEIROS_Relatório_Agência_de_Rating_-_Fitch_-_20250123.pdf'...
2025-10-19-15:34:23 [INFO] [trace_id=44cfa056bccc4fceb7c54e744671959f] File uplodaded with success to 'gold/documents/CVM/DADOS_ECONOMICO_E_FINANCEIROS_Relatório_Agência_de_Rating_-_Fitch_-_20250123.pdf'
2025-10-19-15:34:23 [INFO] [trace_id=44cfa056bccc4fceb7c54e744671959f] File 'DADOS_ECONOMICO_E_FINANCEIROS' from RAD processed with success.
2025-10-19-15:34:23 [INFO] [trace_id=44cfa056bccc4fceb7c54e744671959f] Processing file 20/35
2025-10-19-15:34:23 [INFO] [trace_id=44cfa056bccc4fceb7c54e744671959f] Protocol download ID found '1353029'. Starting to download file of category 'Dados Econômico-Financeiros'...
2025-10-19-15:34:25 [INFO] [trace_id=44cfa056bccc4fceb7c54e744671959f] Saving file 'DADOS_ECONOMICO_E_FINANCEIROS' to 'gold/documents/CVM/DADOS_ECONOMICO_E_FINANCEIROS_Release_de_Resultados_do_4T24_-_Português_e_Inglês_-_20241231.pdf'...
2025-10-19-15:34:25 [INFO] [trace_id=44cfa056bccc4fceb7c54e744671959f] File uplodaded with success to 'gold/documents/CVM/DADOS_ECONOMICO_E_FINANCEIROS_Release_de_Resultados_do_4T24_-_Português_e_Inglês_-_20241231.pdf'
2025-10-19-15:34:25 [INFO] [trace_id=44cfa056bccc4fceb7c54e744671959f] File 'DADOS_ECONOMICO_E_FINANCEIROS' from RAD processed with success.
2025-10-19-15:34:25 [INFO] [trace_id=44cfa056bccc4fceb7c54e744671959f] Processing file 21/35
2025-10-19-15:34:25 [INFO] [trace_id=44cfa056bccc4fceb7c54e744671959f] Protocol download ID found '1357641'. Starting to download file of category 'Dados Econômico-Financeiros'...
2025-10-19-15:34:28 [INFO] [trace_id=44cfa056bccc4fceb7c54e744671959f] Saving file 'DADOS_ECONOMICO_E_FINANCEIROS' to 'gold/documents/CVM/DADOS_ECONOMICO_E_FINANCEIROS_-_20241231.pdf'...
2025-10-19-15:34:28 [INFO] [trace_id=44cfa056bccc4fceb7c54e744671959f] File uplodaded with success to 'gold/documents/CVM/DADOS_ECONOMICO_E_FINANCEIROS_-_20241231.pdf'
2025-10-19-15:34:28 [INFO] [trace_id=44cfa056bccc4fceb7c54e744671959f] File 'DADOS_ECONOMICO_E_FINANCEIROS' from RAD processed with success.
2025-10-19-15:34:28 [INFO] [trace_id=44cfa056bccc4fceb7c54e744671959f] Processing file 22/35
2025-10-19-15:34:28 [INFO] [trace_id=44cfa056bccc4fceb7c54e744671959f] Protocol download ID found '1359225'. Starting to download file of category 'Dados Econômico-Financeiros'...
2025-10-19-15:34:33 [INFO] [trace_id=44cfa056bccc4fceb7c54e744671959f] Saving file 'DADOS_ECONOMICO_E_FINANCEIROS' to 'gold/documents/CVM/DADOS_ECONOMICO_E_FINANCEIROS_-_20241231.pdf'...
2025-10-19-15:34:33 [INFO] [trace_id=44cfa056bccc4fceb7c54e744671959f] File uplodaded with success to 'gold/documents/CVM/DADOS_ECONOMICO_E_FINANCEIROS_-_20241231.pdf'
2025-10-19-15:34:33 [INFO] [trace_id=44cfa056bccc4fceb7c54e744671959f] File 'DADOS_ECONOMICO_E_FINANCEIROS' from RAD processed with success.
2025-10-19-15:34:33 [INFO] [trace_id=44cfa056bccc4fceb7c54e744671959f] Processing file 23/35
2025-10-19-15:34:33 [INFO] [trace_id=44cfa056bccc4fceb7c54e744671959f] Protocol download ID found '1370154'. Starting to download file of category 'Dados Econômico-Financeiros'...
2025-10-19-15:34:33 [INFO] [trace_id=44cfa056bccc4fceb7c54e744671959f] Saving file 'DADOS_ECONOMICO_E_FINANCEIROS' to 'gold/documents/CVM/DADOS_ECONOMICO_E_FINANCEIROS_Relatório_Anual_do_Agente_Fiduciário_Exercício_de_2024_-_5ª_emissão_-_20250430.pdf'...
2025-10-19-15:34:34 [INFO] [trace_id=44cfa056bccc4fceb7c54e744671959f] File uplodaded with success to 'gold/documents/CVM/DADOS_ECONOMICO_E_FINANCEIROS_Relatório_Anual_do_Agente_Fiduciário_Exercício_de_2024_-_5ª_emissão_-_20250430.pdf'
2025-10-19-15:34:34 [INFO] [trace_id=44cfa056bccc4fceb7c54e744671959f] File 'DADOS_ECONOMICO_E_FINANCEIROS' from RAD processed with success.
2025-10-19-15:34:34 [INFO] [trace_id=44cfa056bccc4fceb7c54e744671959f] Processing file 24/35
2025-10-19-15:34:34 [INFO] [trace_id=44cfa056bccc4fceb7c54e744671959f] Protocol download ID found '1370160'. Starting to download file of category 'Dados Econômico-Financeiros'...
2025-10-19-15:34:34 [INFO] [trace_id=44cfa056bccc4fceb7c54e744671959f] Saving file 'DADOS_ECONOMICO_E_FINANCEIROS' to 'gold/documents/CVM/DADOS_ECONOMICO_E_FINANCEIROS_Relatório_Anual_do_Agente_Fiduciário_Exercício_de_2024_-_6ª_emissão_-_20250430.pdf'...
2025-10-19-15:34:34 [INFO] [trace_id=44cfa056bccc4fceb7c54e744671959f] File uplodaded with success to 'gold/documents/CVM/DADOS_ECONOMICO_E_FINANCEIROS_Relatório_Anual_do_Agente_Fiduciário_Exercício_de_2024_-_6ª_emissão_-_20250430.pdf'
2025-10-19-15:34:34 [INFO] [trace_id=44cfa056bccc4fceb7c54e744671959f] File 'DADOS_ECONOMICO_E_FINANCEIROS' from RAD processed with success.
2025-10-19-15:34:34 [INFO] [trace_id=44cfa056bccc4fceb7c54e744671959f] Processing file 25/35
2025-10-19-15:34:34 [INFO] [trace_id=44cfa056bccc4fceb7c54e744671959f] Protocol download ID found '1379388'. Starting to download file of category 'Dados Econômico-Financeiros'...
2025-10-19-15:34:35 [INFO] [trace_id=44cfa056bccc4fceb7c54e744671959f] Saving file 'DADOS_ECONOMICO_E_FINANCEIROS' to 'gold/documents/CVM/DADOS_ECONOMICO_E_FINANCEIROS_Release_1T25_Portugues_Ingles_-_20250331.pdf'...
2025-10-19-15:34:36 [INFO] [trace_id=44cfa056bccc4fceb7c54e744671959f] File uplodaded with success to 'gold/documents/CVM/DADOS_ECONOMICO_E_FINANCEIROS_Release_1T25_Portugues_Ingles_-_20250331.pdf'
2025-10-19-15:34:36 [INFO] [trace_id=44cfa056bccc4fceb7c54e744671959f] File 'DADOS_ECONOMICO_E_FINANCEIROS' from RAD processed with success.
2025-10-19-15:34:36 [INFO] [trace_id=44cfa056bccc4fceb7c54e744671959f] Processing file 26/35
2025-10-19-15:34:36 [INFO] [trace_id=44cfa056bccc4fceb7c54e744671959f] Protocol download ID found '1379675'. Starting to download file of category 'Dados Econômico-Financeiros'...
2025-10-19-15:34:37 [INFO] [trace_id=44cfa056bccc4fceb7c54e744671959f] Saving file 'DADOS_ECONOMICO_E_FINANCEIROS' to 'gold/documents/CVM/DADOS_ECONOMICO_E_FINANCEIROS_Demonstrações_Financeiras_Intermediárias_do_1T25_-_20250331.pdf'...
2025-10-19-15:34:37 [INFO] [trace_id=44cfa056bccc4fceb7c54e744671959f] File uplodaded with success to 'gold/documents/CVM/DADOS_ECONOMICO_E_FINANCEIROS_Demonstrações_Financeiras_Intermediárias_do_1T25_-_20250331.pdf'
2025-10-19-15:34:37 [INFO] [trace_id=44cfa056bccc4fceb7c54e744671959f] File 'DADOS_ECONOMICO_E_FINANCEIROS' from RAD processed with success.
2025-10-19-15:34:37 [INFO] [trace_id=44cfa056bccc4fceb7c54e744671959f] Processing file 27/35
2025-10-19-15:34:37 [INFO] [trace_id=44cfa056bccc4fceb7c54e744671959f] Protocol download ID found '1384822'. Starting to download file of category 'Dados Econômico-Financeiros'...
2025-10-19-15:34:38 [INFO] [trace_id=44cfa056bccc4fceb7c54e744671959f] Saving file 'DADOS_ECONOMICO_E_FINANCEIROS' to 'gold/documents/CVM/DADOS_ECONOMICO_E_FINANCEIROS_Relatório_de_avaliação_Econômico-Financeira_-_20250526.pdf'...
2025-10-19-15:34:38 [INFO] [trace_id=44cfa056bccc4fceb7c54e744671959f] File uplodaded with success to 'gold/documents/CVM/DADOS_ECONOMICO_E_FINANCEIROS_Relatório_de_avaliação_Econômico-Financeira_-_20250526.pdf'
2025-10-19-15:34:38 [INFO] [trace_id=44cfa056bccc4fceb7c54e744671959f] File 'DADOS_ECONOMICO_E_FINANCEIROS' from RAD processed with success.
2025-10-19-15:34:38 [INFO] [trace_id=44cfa056bccc4fceb7c54e744671959f] Processing file 28/35
2025-10-19-15:34:38 [INFO] [trace_id=44cfa056bccc4fceb7c54e744671959f] Protocol download ID found '1384824'. Starting to download file of category 'Dados Econômico-Financeiros'...
2025-10-19-15:34:38 [INFO] [trace_id=44cfa056bccc4fceb7c54e744671959f] Saving file 'DADOS_ECONOMICO_E_FINANCEIROS' to 'gold/documents/CVM/DADOS_ECONOMICO_E_FINANCEIROS_Relatório_de_avaliação_Econômico-Financeira_-_20250522.pdf'...
2025-10-19-15:34:39 [INFO] [trace_id=44cfa056bccc4fceb7c54e744671959f] File uplodaded with success to 'gold/documents/CVM/DADOS_ECONOMICO_E_FINANCEIROS_Relatório_de_avaliação_Econômico-Financeira_-_20250522.pdf'
2025-10-19-15:34:39 [INFO] [trace_id=44cfa056bccc4fceb7c54e744671959f] File 'DADOS_ECONOMICO_E_FINANCEIROS' from RAD processed with success.
2025-10-19-15:34:39 [INFO] [trace_id=44cfa056bccc4fceb7c54e744671959f] Processing file 29/35
2025-10-19-15:34:39 [INFO] [trace_id=44cfa056bccc4fceb7c54e744671959f] Protocol download ID found '1384827'. Starting to download file of category 'Dados Econômico-Financeiros'...
2025-10-19-15:34:39 [INFO] [trace_id=44cfa056bccc4fceb7c54e744671959f] Saving file 'DADOS_ECONOMICO_E_FINANCEIROS' to 'gold/documents/CVM/DADOS_ECONOMICO_E_FINANCEIROS_Relatório_de_avaliação_Econômico-Financeira_-_20250522.pdf'...
2025-10-19-15:34:40 [INFO] [trace_id=44cfa056bccc4fceb7c54e744671959f] File uplodaded with success to 'gold/documents/CVM/DADOS_ECONOMICO_E_FINANCEIROS_Relatório_de_avaliação_Econômico-Financeira_-_20250522.pdf'
2025-10-19-15:34:40 [INFO] [trace_id=44cfa056bccc4fceb7c54e744671959f] File 'DADOS_ECONOMICO_E_FINANCEIROS' from RAD processed with success.
2025-10-19-15:34:40 [INFO] [trace_id=44cfa056bccc4fceb7c54e744671959f] Processing file 30/35
2025-10-19-15:34:40 [INFO] [trace_id=44cfa056bccc4fceb7c54e744671959f] Protocol download ID found '1413104'. Starting to download file of category 'Dados Econômico-Financeiros'...
2025-10-19-15:34:41 [INFO] [trace_id=44cfa056bccc4fceb7c54e744671959f] Saving file 'DADOS_ECONOMICO_E_FINANCEIROS' to 'gold/documents/CVM/DADOS_ECONOMICO_E_FINANCEIROS_Release_2T25_em_Português_e_Inglês_-_20250630.pdf'...
2025-10-19-15:34:41 [INFO] [trace_id=44cfa056bccc4fceb7c54e744671959f] File uplodaded with success to 'gold/documents/CVM/DADOS_ECONOMICO_E_FINANCEIROS_Release_2T25_em_Português_e_Inglês_-_20250630.pdf'
2025-10-19-15:34:41 [INFO] [trace_id=44cfa056bccc4fceb7c54e744671959f] File 'DADOS_ECONOMICO_E_FINANCEIROS' from RAD processed with success.
2025-10-19-15:34:41 [INFO] [trace_id=44cfa056bccc4fceb7c54e744671959f] Processing file 31/35
2025-10-19-15:34:41 [INFO] [trace_id=44cfa056bccc4fceb7c54e744671959f] Protocol download ID found '1413637'. Starting to download file of category 'Dados Econômico-Financeiros'...
2025-10-19-15:34:42 [INFO] [trace_id=44cfa056bccc4fceb7c54e744671959f] Saving file 'DADOS_ECONOMICO_E_FINANCEIROS' to 'gold/documents/CVM/DADOS_ECONOMICO_E_FINANCEIROS_Demonstrações_Financeiras_Intermediárias_do_2T25_-_20250630.pdf'...
2025-10-19-15:34:42 [INFO] [trace_id=44cfa056bccc4fceb7c54e744671959f] File uplodaded with success to 'gold/documents/CVM/DADOS_ECONOMICO_E_FINANCEIROS_Demonstrações_Financeiras_Intermediárias_do_2T25_-_20250630.pdf'
2025-10-19-15:34:42 [INFO] [trace_id=44cfa056bccc4fceb7c54e744671959f] File 'DADOS_ECONOMICO_E_FINANCEIROS' from RAD processed with success.
2025-10-19-15:34:42 [INFO] [trace_id=44cfa056bccc4fceb7c54e744671959f] Processing file 32/35
2025-10-19-15:34:42 [INFO] [trace_id=44cfa056bccc4fceb7c54e744671959f] Protocol download ID found '1426816'. Starting to download file of category 'Dados Econômico-Financeiros'...
2025-10-19-15:34:42 [INFO] [trace_id=44cfa056bccc4fceb7c54e744671959f] Saving file 'DADOS_ECONOMICO_E_FINANCEIROS' to 'gold/documents/CVM/DADOS_ECONOMICO_E_FINANCEIROS_Relatório_de_Rating_-_Fitch_Ratings_-_20250912.pdf'...
2025-10-19-15:34:43 [INFO] [trace_id=44cfa056bccc4fceb7c54e744671959f] File uplodaded with success to 'gold/documents/CVM/DADOS_ECONOMICO_E_FINANCEIROS_Relatório_de_Rating_-_Fitch_Ratings_-_20250912.pdf'
2025-10-19-15:34:43 [INFO] [trace_id=44cfa056bccc4fceb7c54e744671959f] File 'DADOS_ECONOMICO_E_FINANCEIROS' from RAD processed with success.
2025-10-19-15:34:43 [INFO] [trace_id=44cfa056bccc4fceb7c54e744671959f] Processing file 33/35
2025-10-19-15:34:43 [INFO] [trace_id=44cfa056bccc4fceb7c54e744671959f] Protocol download ID found '1426817'. Starting to download file of category 'Dados Econômico-Financeiros'...
2025-10-19-15:34:43 [INFO] [trace_id=44cfa056bccc4fceb7c54e744671959f] Saving file 'DADOS_ECONOMICO_E_FINANCEIROS' to 'gold/documents/CVM/DADOS_ECONOMICO_E_FINANCEIROS_Relatório_de_Rating_-_S&P_Global_Ratings_-_20250918.pdf'...
2025-10-19-15:34:43 [INFO] [trace_id=44cfa056bccc4fceb7c54e744671959f] File uplodaded with success to 'gold/documents/CVM/DADOS_ECONOMICO_E_FINANCEIROS_Relatório_de_Rating_-_S&P_Global_Ratings_-_20250918.pdf'
2025-10-19-15:34:43 [INFO] [trace_id=44cfa056bccc4fceb7c54e744671959f] File 'DADOS_ECONOMICO_E_FINANCEIROS' from RAD processed with success.
2025-10-19-15:34:43 [INFO] [trace_id=44cfa056bccc4fceb7c54e744671959f] Processing file 34/35
2025-10-19-15:34:43 [INFO] [trace_id=44cfa056bccc4fceb7c54e744671959f] Protocol download ID found '1426819'. Starting to download file of category 'Dados Econômico-Financeiros'...
2025-10-19-15:34:43 [INFO] [trace_id=44cfa056bccc4fceb7c54e744671959f] Saving file 'DADOS_ECONOMICO_E_FINANCEIROS' to 'gold/documents/CVM/DADOS_ECONOMICO_E_FINANCEIROS_Relatório_de_Rating_-_S&P_Global_Ratings_-_20250925.pdf'...
2025-10-19-15:34:43 [INFO] [trace_id=44cfa056bccc4fceb7c54e744671959f] File uplodaded with success to 'gold/documents/CVM/DADOS_ECONOMICO_E_FINANCEIROS_Relatório_de_Rating_-_S&P_Global_Ratings_-_20250925.pdf'
2025-10-19-15:34:43 [INFO] [trace_id=44cfa056bccc4fceb7c54e744671959f] File 'DADOS_ECONOMICO_E_FINANCEIROS' from RAD processed with success.
2025-10-19-15:34:43 [INFO] [trace_id=44cfa056bccc4fceb7c54e744671959f] Processing file 35/35
2025-10-19-15:34:43 [INFO] [trace_id=44cfa056bccc4fceb7c54e744671959f] Protocol download ID found '1426820'. Starting to download file of category 'Dados Econômico-Financeiros'...
2025-10-19-15:34:43 [INFO] [trace_id=44cfa056bccc4fceb7c54e744671959f] Saving file 'DADOS_ECONOMICO_E_FINANCEIROS' to 'gold/documents/CVM/DADOS_ECONOMICO_E_FINANCEIROS_Relatório_de_Rating_-_Fitch_Ratings_-_20250925.pdf'...
2025-10-19-15:34:44 [INFO] [trace_id=44cfa056bccc4fceb7c54e744671959f] File uplodaded with success to 'gold/documents/CVM/DADOS_ECONOMICO_E_FINANCEIROS_Relatório_de_Rating_-_Fitch_Ratings_-_20250925.pdf'
2025-10-19-15:34:44 [INFO] [trace_id=44cfa056bccc4fceb7c54e744671959f] File 'DADOS_ECONOMICO_E_FINANCEIROS' from RAD processed with success.
2025-10-19-15:34:44 [INFO] [trace_id=44cfa056bccc4fceb7c54e744671959f] All files from search retrieved with success 'DADOS_ECONOMICO_E_FINANCEIROS' from RAD processed with success.
